{"/home/paul-sandjong/openimis/openimis-fe-insuree_js/src/actions.js": {"path":"/home/paul-sandjong/openimis/openimis-fe-insuree_js/src/actions.js","statementMap":{"0":{"start":{"line":15,"column":31},"end":{"line":43,"column":1}},"1":{"start":{"line":15,"column":39},"end":{"line":43,"column":1}},"2":{"start":{"line":45,"column":31},"end":{"line":58,"column":1}},"3":{"start":{"line":45,"column":39},"end":{"line":58,"column":1}},"4":{"start":{"line":60,"column":40},"end":{"line":60,"column":104}},"5":{"start":{"line":62,"column":32},"end":{"line":92,"column":1}},"6":{"start":{"line":62,"column":40},"end":{"line":92,"column":1}},"7":{"start":{"line":94,"column":41},"end":{"line":94,"column":97}},"8":{"start":{"line":97,"column":18},"end":{"line":97,"column":63}},"9":{"start":{"line":98,"column":2},"end":{"line":98,"column":45}},"10":{"start":{"line":102,"column":16},"end":{"line":122,"column":3}},"11":{"start":{"line":123,"column":2},"end":{"line":123,"column":45}},"12":{"start":{"line":127,"column":16},"end":{"line":147,"column":3}},"13":{"start":{"line":148,"column":2},"end":{"line":148,"column":45}},"14":{"start":{"line":152,"column":2},"end":{"line":154,"column":4}},"15":{"start":{"line":153,"column":4},"end":{"line":153,"column":48}},"16":{"start":{"line":158,"column":13},"end":{"line":158,"column":31}},"17":{"start":{"line":159,"column":2},"end":{"line":159,"column":56}},"18":{"start":{"line":159,"column":22},"end":{"line":159,"column":56}},"19":{"start":{"line":160,"column":16},"end":{"line":160,"column":98}},"20":{"start":{"line":161,"column":2},"end":{"line":161,"column":45}},"21":{"start":{"line":165,"column":16},"end":{"line":165,"column":90}},"22":{"start":{"line":166,"column":2},"end":{"line":166,"column":46}},"23":{"start":{"line":170,"column":2},"end":{"line":172,"column":4}},"24":{"start":{"line":171,"column":4},"end":{"line":171,"column":48}},"25":{"start":{"line":176,"column":20},"end":{"line":185,"column":3}},"26":{"start":{"line":186,"column":18},"end":{"line":186,"column":76}},"27":{"start":{"line":187,"column":2},"end":{"line":187,"column":46}},"28":{"start":{"line":191,"column":20},"end":{"line":191,"column":117}},"29":{"start":{"line":192,"column":18},"end":{"line":192,"column":81}},"30":{"start":{"line":193,"column":2},"end":{"line":193,"column":52}},"31":{"start":{"line":197,"column":16},"end":{"line":197,"column":51}},"32":{"start":{"line":198,"column":18},"end":{"line":198,"column":61}},"33":{"start":{"line":199,"column":2},"end":{"line":199,"column":60}},"34":{"start":{"line":203,"column":2},"end":{"line":205,"column":4}},"35":{"start":{"line":204,"column":4},"end":{"line":204,"column":65}},"36":{"start":{"line":209,"column":18},"end":{"line":209,"column":98}},"37":{"start":{"line":210,"column":2},"end":{"line":210,"column":56}},"38":{"start":{"line":214,"column":18},"end":{"line":214,"column":60}},"39":{"start":{"line":215,"column":2},"end":{"line":215,"column":50}},"40":{"start":{"line":219,"column":2},"end":{"line":221,"column":4}},"41":{"start":{"line":220,"column":4},"end":{"line":220,"column":45}},"42":{"start":{"line":225,"column":16},"end":{"line":229,"column":3}},"43":{"start":{"line":230,"column":2},"end":{"line":230,"column":45}},"44":{"start":{"line":234,"column":16},"end":{"line":238,"column":3}},"45":{"start":{"line":239,"column":2},"end":{"line":239,"column":45}},"46":{"start":{"line":243,"column":18},"end":{"line":243,"column":112}},"47":{"start":{"line":244,"column":2},"end":{"line":244,"column":54}},"48":{"start":{"line":248,"column":16},"end":{"line":248,"column":18}},"49":{"start":{"line":249,"column":2},"end":{"line":253,"column":3}},"50":{"start":{"line":250,"column":4},"end":{"line":250,"column":63}},"51":{"start":{"line":252,"column":4},"end":{"line":252,"column":61}},"52":{"start":{"line":254,"column":18},"end":{"line":254,"column":82}},"53":{"start":{"line":255,"column":2},"end":{"line":255,"column":53}},"54":{"start":{"line":259,"column":18},"end":{"line":259,"column":57}},"55":{"start":{"line":260,"column":2},"end":{"line":260,"column":48}},"56":{"start":{"line":264,"column":18},"end":{"line":264,"column":58}},"57":{"start":{"line":265,"column":2},"end":{"line":265,"column":49}},"58":{"start":{"line":269,"column":18},"end":{"line":269,"column":68}},"59":{"start":{"line":270,"column":2},"end":{"line":270,"column":58}},"60":{"start":{"line":274,"column":18},"end":{"line":274,"column":56}},"61":{"start":{"line":275,"column":2},"end":{"line":275,"column":47}},"62":{"start":{"line":279,"column":2},"end":{"line":279,"column":59}},"63":{"start":{"line":279,"column":22},"end":{"line":279,"column":59}},"64":{"start":{"line":280,"column":20},"end":{"line":295,"column":3}},"65":{"start":{"line":296,"column":18},"end":{"line":296,"column":76}},"66":{"start":{"line":297,"column":2},"end":{"line":297,"column":46}},"67":{"start":{"line":301,"column":2},"end":{"line":309,"column":5}},"68":{"start":{"line":313,"column":2},"end":{"line":351,"column":4}},"69":{"start":{"line":355,"column":20},"end":{"line":355,"column":38}},"70":{"start":{"line":356,"column":2},"end":{"line":356,"column":29}},"71":{"start":{"line":357,"column":2},"end":{"line":372,"column":4}},"72":{"start":{"line":376,"column":17},"end":{"line":376,"column":97}},"73":{"start":{"line":377,"column":26},"end":{"line":377,"column":36}},"74":{"start":{"line":378,"column":2},"end":{"line":382,"column":5}},"75":{"start":{"line":386,"column":17},"end":{"line":386,"column":97}},"76":{"start":{"line":387,"column":26},"end":{"line":387,"column":36}},"77":{"start":{"line":388,"column":2},"end":{"line":393,"column":5}},"78":{"start":{"line":397,"column":17},"end":{"line":401,"column":3}},"79":{"start":{"line":402,"column":2},"end":{"line":402,"column":54}},"80":{"start":{"line":403,"column":26},"end":{"line":403,"column":36}},"81":{"start":{"line":404,"column":2},"end":{"line":409,"column":5}},"82":{"start":{"line":413,"column":17},"end":{"line":413,"column":100}},"83":{"start":{"line":414,"column":26},"end":{"line":414,"column":36}},"84":{"start":{"line":415,"column":2},"end":{"line":419,"column":5}},"85":{"start":{"line":423,"column":17},"end":{"line":423,"column":100}},"86":{"start":{"line":424,"column":26},"end":{"line":424,"column":36}},"87":{"start":{"line":425,"column":2},"end":{"line":429,"column":5}},"88":{"start":{"line":433,"column":17},"end":{"line":437,"column":3}},"89":{"start":{"line":438,"column":2},"end":{"line":438,"column":55}},"90":{"start":{"line":439,"column":26},"end":{"line":439,"column":36}},"91":{"start":{"line":440,"column":2},"end":{"line":445,"column":5}},"92":{"start":{"line":449,"column":17},"end":{"line":453,"column":3}},"93":{"start":{"line":454,"column":2},"end":{"line":454,"column":55}},"94":{"start":{"line":455,"column":26},"end":{"line":455,"column":36}},"95":{"start":{"line":456,"column":2},"end":{"line":461,"column":5}},"96":{"start":{"line":465,"column":17},"end":{"line":469,"column":3}},"97":{"start":{"line":470,"column":26},"end":{"line":470,"column":36}},"98":{"start":{"line":471,"column":2},"end":{"line":476,"column":5}},"99":{"start":{"line":480,"column":17},"end":{"line":484,"column":3}},"100":{"start":{"line":485,"column":26},"end":{"line":485,"column":36}},"101":{"start":{"line":486,"column":2},"end":{"line":496,"column":4}},"102":{"start":{"line":500,"column":2},"end":{"line":512,"column":4}},"103":{"start":{"line":516,"column":2},"end":{"line":518,"column":4}},"104":{"start":{"line":517,"column":4},"end":{"line":517,"column":69}},"105":{"start":{"line":522,"column":2},"end":{"line":524,"column":4}},"106":{"start":{"line":523,"column":4},"end":{"line":523,"column":65}},"107":{"start":{"line":528,"column":23},"end":{"line":528,"column":54}},"108":{"start":{"line":530,"column":2},"end":{"line":532,"column":4}},"109":{"start":{"line":531,"column":4},"end":{"line":531,"column":84}}},"fnMap":{"0":{"name":"(anonymous_0)","decl":{"start":{"line":15,"column":31},"end":{"line":15,"column":32}},"loc":{"start":{"line":15,"column":39},"end":{"line":43,"column":1}},"line":15},"1":{"name":"(anonymous_1)","decl":{"start":{"line":45,"column":31},"end":{"line":45,"column":32}},"loc":{"start":{"line":45,"column":39},"end":{"line":58,"column":1}},"line":45},"2":{"name":"(anonymous_2)","decl":{"start":{"line":62,"column":32},"end":{"line":62,"column":33}},"loc":{"start":{"line":62,"column":40},"end":{"line":92,"column":1}},"line":62},"3":{"name":"fetchInsureeGenders","decl":{"start":{"line":96,"column":16},"end":{"line":96,"column":35}},"loc":{"start":{"line":96,"column":38},"end":{"line":99,"column":1}},"line":96},"4":{"name":"fetchInsuree","decl":{"start":{"line":101,"column":16},"end":{"line":101,"column":28}},"loc":{"start":{"line":101,"column":40},"end":{"line":124,"column":1}},"line":101},"5":{"name":"fetchInsureeEnquiry","decl":{"start":{"line":126,"column":16},"end":{"line":126,"column":35}},"loc":{"start":{"line":126,"column":47},"end":{"line":149,"column":1}},"line":126},"6":{"name":"clearInsureeEnquiry","decl":{"start":{"line":151,"column":16},"end":{"line":151,"column":35}},"loc":{"start":{"line":151,"column":38},"end":{"line":155,"column":1}},"line":151},"7":{"name":"(anonymous_7)","decl":{"start":{"line":152,"column":9},"end":{"line":152,"column":10}},"loc":{"start":{"line":152,"column":23},"end":{"line":154,"column":3}},"line":152},"8":{"name":"fetchInsureeFull","decl":{"start":{"line":157,"column":16},"end":{"line":157,"column":32}},"loc":{"start":{"line":157,"column":67},"end":{"line":162,"column":1}},"line":157},"9":{"name":"fetchInsureesForPicker","decl":{"start":{"line":164,"column":16},"end":{"line":164,"column":38}},"loc":{"start":{"line":164,"column":52},"end":{"line":167,"column":1}},"line":164},"10":{"name":"clearInsuree","decl":{"start":{"line":169,"column":16},"end":{"line":169,"column":28}},"loc":{"start":{"line":169,"column":31},"end":{"line":173,"column":1}},"line":169},"11":{"name":"(anonymous_11)","decl":{"start":{"line":170,"column":9},"end":{"line":170,"column":10}},"loc":{"start":{"line":170,"column":23},"end":{"line":172,"column":3}},"line":170},"12":{"name":"fetchFamilySummaries","decl":{"start":{"line":175,"column":16},"end":{"line":175,"column":36}},"loc":{"start":{"line":175,"column":50},"end":{"line":188,"column":1}},"line":175},"13":{"name":"fetchFamilyMembers","decl":{"start":{"line":190,"column":16},"end":{"line":190,"column":34}},"loc":{"start":{"line":190,"column":48},"end":{"line":194,"column":1}},"line":190},"14":{"name":"checkCanAddInsuree","decl":{"start":{"line":196,"column":16},"end":{"line":196,"column":34}},"loc":{"start":{"line":196,"column":43},"end":{"line":200,"column":1}},"line":196},"15":{"name":"selectFamilyMember","decl":{"start":{"line":202,"column":16},"end":{"line":202,"column":34}},"loc":{"start":{"line":202,"column":43},"end":{"line":206,"column":1}},"line":202},"16":{"name":"(anonymous_16)","decl":{"start":{"line":203,"column":9},"end":{"line":203,"column":10}},"loc":{"start":{"line":203,"column":23},"end":{"line":205,"column":3}},"line":203},"17":{"name":"fetchConfirmationTypes","decl":{"start":{"line":208,"column":16},"end":{"line":208,"column":38}},"loc":{"start":{"line":208,"column":41},"end":{"line":211,"column":1}},"line":208},"18":{"name":"fetchFamilyTypes","decl":{"start":{"line":213,"column":16},"end":{"line":213,"column":32}},"loc":{"start":{"line":213,"column":35},"end":{"line":216,"column":1}},"line":213},"19":{"name":"newFamily","decl":{"start":{"line":218,"column":16},"end":{"line":218,"column":25}},"loc":{"start":{"line":218,"column":28},"end":{"line":222,"column":1}},"line":218},"20":{"name":"(anonymous_20)","decl":{"start":{"line":219,"column":9},"end":{"line":219,"column":10}},"loc":{"start":{"line":219,"column":23},"end":{"line":221,"column":3}},"line":219},"21":{"name":"fetchFamilyMutation","decl":{"start":{"line":224,"column":16},"end":{"line":224,"column":35}},"loc":{"start":{"line":224,"column":58},"end":{"line":231,"column":1}},"line":224},"22":{"name":"fetchInsureeMutation","decl":{"start":{"line":233,"column":16},"end":{"line":233,"column":36}},"loc":{"start":{"line":233,"column":59},"end":{"line":240,"column":1}},"line":233},"23":{"name":"fetchInsureeOfficers","decl":{"start":{"line":242,"column":16},"end":{"line":242,"column":36}},"loc":{"start":{"line":242,"column":41},"end":{"line":245,"column":1}},"line":242},"24":{"name":"fetchFamily","decl":{"start":{"line":247,"column":16},"end":{"line":247,"column":27}},"loc":{"start":{"line":247,"column":62},"end":{"line":256,"column":1}},"line":247},"25":{"name":"fetchEducations","decl":{"start":{"line":258,"column":16},"end":{"line":258,"column":31}},"loc":{"start":{"line":258,"column":36},"end":{"line":261,"column":1}},"line":258},"26":{"name":"fetchProfessions","decl":{"start":{"line":263,"column":16},"end":{"line":263,"column":32}},"loc":{"start":{"line":263,"column":37},"end":{"line":266,"column":1}},"line":263},"27":{"name":"fetchIdentificationTypes","decl":{"start":{"line":268,"column":16},"end":{"line":268,"column":40}},"loc":{"start":{"line":268,"column":45},"end":{"line":271,"column":1}},"line":268},"28":{"name":"fetchRelations","decl":{"start":{"line":273,"column":16},"end":{"line":273,"column":30}},"loc":{"start":{"line":273,"column":35},"end":{"line":276,"column":1}},"line":273},"29":{"name":"fetchInsureeSummaries","decl":{"start":{"line":278,"column":16},"end":{"line":278,"column":37}},"loc":{"start":{"line":278,"column":75},"end":{"line":298,"column":1}},"line":278},"30":{"name":"formatInsureePhoto","decl":{"start":{"line":300,"column":9},"end":{"line":300,"column":27}},"loc":{"start":{"line":300,"column":35},"end":{"line":310,"column":1}},"line":300},"31":{"name":"formatInsureeGQL","decl":{"start":{"line":312,"column":16},"end":{"line":312,"column":32}},"loc":{"start":{"line":312,"column":46},"end":{"line":352,"column":1}},"line":312},"32":{"name":"formatFamilyGQL","decl":{"start":{"line":354,"column":16},"end":{"line":354,"column":31}},"loc":{"start":{"line":354,"column":44},"end":{"line":373,"column":1}},"line":354},"33":{"name":"createFamily","decl":{"start":{"line":375,"column":16},"end":{"line":375,"column":28}},"loc":{"start":{"line":375,"column":62},"end":{"line":383,"column":1}},"line":375},"34":{"name":"updateFamily","decl":{"start":{"line":385,"column":16},"end":{"line":385,"column":28}},"loc":{"start":{"line":385,"column":62},"end":{"line":394,"column":1}},"line":385},"35":{"name":"deleteFamily","decl":{"start":{"line":396,"column":16},"end":{"line":396,"column":28}},"loc":{"start":{"line":396,"column":77},"end":{"line":410,"column":1}},"line":396},"36":{"name":"createInsuree","decl":{"start":{"line":412,"column":16},"end":{"line":412,"column":29}},"loc":{"start":{"line":412,"column":64},"end":{"line":420,"column":1}},"line":412},"37":{"name":"updateInsuree","decl":{"start":{"line":422,"column":16},"end":{"line":422,"column":29}},"loc":{"start":{"line":422,"column":64},"end":{"line":430,"column":1}},"line":422},"38":{"name":"removeInsuree","decl":{"start":{"line":432,"column":16},"end":{"line":432,"column":29}},"loc":{"start":{"line":432,"column":93},"end":{"line":446,"column":1}},"line":432},"39":{"name":"deleteInsuree","decl":{"start":{"line":448,"column":16},"end":{"line":448,"column":29}},"loc":{"start":{"line":448,"column":77},"end":{"line":462,"column":1}},"line":448},"40":{"name":"setFamilyHead","decl":{"start":{"line":464,"column":16},"end":{"line":464,"column":29}},"loc":{"start":{"line":464,"column":82},"end":{"line":477,"column":1}},"line":464},"41":{"name":"changeFamily","decl":{"start":{"line":479,"column":16},"end":{"line":479,"column":28}},"loc":{"start":{"line":479,"column":92},"end":{"line":497,"column":1}},"line":479},"42":{"name":"insureeNumberValidationCheck","decl":{"start":{"line":499,"column":16},"end":{"line":499,"column":44}},"loc":{"start":{"line":499,"column":60},"end":{"line":513,"column":1}},"line":499},"43":{"name":"insureeNumberSetValid","decl":{"start":{"line":515,"column":16},"end":{"line":515,"column":37}},"loc":{"start":{"line":515,"column":40},"end":{"line":519,"column":1}},"line":515},"44":{"name":"(anonymous_44)","decl":{"start":{"line":516,"column":9},"end":{"line":516,"column":10}},"loc":{"start":{"line":516,"column":23},"end":{"line":518,"column":3}},"line":516},"45":{"name":"insureeNumberValidationClear","decl":{"start":{"line":521,"column":16},"end":{"line":521,"column":44}},"loc":{"start":{"line":521,"column":47},"end":{"line":525,"column":1}},"line":521},"46":{"name":"(anonymous_46)","decl":{"start":{"line":522,"column":9},"end":{"line":522,"column":10}},"loc":{"start":{"line":522,"column":23},"end":{"line":524,"column":3}},"line":522},"47":{"name":"checkIfHeadSelected","decl":{"start":{"line":527,"column":16},"end":{"line":527,"column":35}},"loc":{"start":{"line":527,"column":45},"end":{"line":533,"column":1}},"line":527},"48":{"name":"(anonymous_48)","decl":{"start":{"line":530,"column":9},"end":{"line":530,"column":10}},"loc":{"start":{"line":530,"column":23},"end":{"line":532,"column":3}},"line":530}},"branchMap":{"0":{"loc":{"start":{"line":157,"column":43},"end":{"line":157,"column":65}},"type":"default-arg","locations":[{"start":{"line":157,"column":60},"end":{"line":157,"column":65}}],"line":157},"1":{"loc":{"start":{"line":159,"column":2},"end":{"line":159,"column":56}},"type":"if","locations":[{"start":{"line":159,"column":2},"end":{"line":159,"column":56}},{"start":{},"end":{}}],"line":159},"2":{"loc":{"start":{"line":249,"column":2},"end":{"line":253,"column":3}},"type":"if","locations":[{"start":{"line":249,"column":2},"end":{"line":253,"column":3}},{"start":{"line":251,"column":9},"end":{"line":253,"column":3}}],"line":249},"3":{"loc":{"start":{"line":278,"column":51},"end":{"line":278,"column":73}},"type":"default-arg","locations":[{"start":{"line":278,"column":68},"end":{"line":278,"column":73}}],"line":278},"4":{"loc":{"start":{"line":279,"column":2},"end":{"line":279,"column":59}},"type":"if","locations":[{"start":{"line":279,"column":2},"end":{"line":279,"column":59}},{"start":{},"end":{}}],"line":279},"5":{"loc":{"start":{"line":302,"column":6},"end":{"line":302,"column":51}},"type":"cond-expr","locations":[{"start":{"line":302,"column":19},"end":{"line":302,"column":46}},{"start":{"line":302,"column":49},"end":{"line":302,"column":51}}],"line":302},"6":{"loc":{"start":{"line":303,"column":6},"end":{"line":303,"column":49}},"type":"cond-expr","locations":[{"start":{"line":303,"column":21},"end":{"line":303,"column":44}},{"start":{"line":303,"column":47},"end":{"line":303,"column":49}}],"line":303},"7":{"loc":{"start":{"line":304,"column":6},"end":{"line":304,"column":72}},"type":"cond-expr","locations":[{"start":{"line":304,"column":26},"end":{"line":304,"column":67}},{"start":{"line":304,"column":70},"end":{"line":304,"column":72}}],"line":304},"8":{"loc":{"start":{"line":305,"column":6},"end":{"line":305,"column":49}},"type":"cond-expr","locations":[{"start":{"line":305,"column":21},"end":{"line":305,"column":44}},{"start":{"line":305,"column":47},"end":{"line":305,"column":49}}],"line":305},"9":{"loc":{"start":{"line":306,"column":6},"end":{"line":306,"column":52}},"type":"cond-expr","locations":[{"start":{"line":306,"column":22},"end":{"line":306,"column":47}},{"start":{"line":306,"column":50},"end":{"line":306,"column":52}}],"line":306},"10":{"loc":{"start":{"line":307,"column":6},"end":{"line":307,"column":69}},"type":"cond-expr","locations":[{"start":{"line":307,"column":23},"end":{"line":307,"column":64}},{"start":{"line":307,"column":67},"end":{"line":307,"column":69}}],"line":307},"11":{"loc":{"start":{"line":308,"column":6},"end":{"line":308,"column":73}},"type":"cond-expr","locations":[{"start":{"line":308,"column":23},"end":{"line":308,"column":68}},{"start":{"line":308,"column":71},"end":{"line":308,"column":73}}],"line":308},"12":{"loc":{"start":{"line":314,"column":6},"end":{"line":314,"column":90}},"type":"cond-expr","locations":[{"start":{"line":314,"column":60},"end":{"line":314,"column":85}},{"start":{"line":314,"column":88},"end":{"line":314,"column":90}}],"line":314},"13":{"loc":{"start":{"line":314,"column":6},"end":{"line":314,"column":57}},"type":"binary-expr","locations":[{"start":{"line":314,"column":6},"end":{"line":314,"column":32}},{"start":{"line":314,"column":36},"end":{"line":314,"column":57}}],"line":314},"14":{"loc":{"start":{"line":315,"column":6},"end":{"line":315,"column":73}},"type":"cond-expr","locations":[{"start":{"line":315,"column":24},"end":{"line":315,"column":68}},{"start":{"line":315,"column":71},"end":{"line":315,"column":73}}],"line":315},"15":{"loc":{"start":{"line":316,"column":6},"end":{"line":316,"column":82}},"type":"cond-expr","locations":[{"start":{"line":316,"column":27},"end":{"line":316,"column":77}},{"start":{"line":316,"column":80},"end":{"line":316,"column":82}}],"line":316},"16":{"loc":{"start":{"line":317,"column":6},"end":{"line":317,"column":88}},"type":"cond-expr","locations":[{"start":{"line":317,"column":29},"end":{"line":317,"column":83}},{"start":{"line":317,"column":86},"end":{"line":317,"column":88}}],"line":317},"17":{"loc":{"start":{"line":318,"column":6},"end":{"line":318,"column":91}},"type":"cond-expr","locations":[{"start":{"line":318,"column":50},"end":{"line":318,"column":86}},{"start":{"line":318,"column":89},"end":{"line":318,"column":91}}],"line":318},"18":{"loc":{"start":{"line":318,"column":6},"end":{"line":318,"column":47}},"type":"binary-expr","locations":[{"start":{"line":318,"column":6},"end":{"line":318,"column":22}},{"start":{"line":318,"column":26},"end":{"line":318,"column":47}}],"line":318},"19":{"loc":{"start":{"line":319,"column":6},"end":{"line":319,"column":50}},"type":"cond-expr","locations":[{"start":{"line":319,"column":22},"end":{"line":319,"column":45}},{"start":{"line":319,"column":48},"end":{"line":319,"column":50}}],"line":319},"20":{"loc":{"start":{"line":321,"column":6},"end":{"line":321,"column":62}},"type":"cond-expr","locations":[{"start":{"line":321,"column":26},"end":{"line":321,"column":57}},{"start":{"line":321,"column":60},"end":{"line":321,"column":62}}],"line":321},"21":{"loc":{"start":{"line":322,"column":6},"end":{"line":322,"column":82}},"type":"cond-expr","locations":[{"start":{"line":322,"column":27},"end":{"line":322,"column":77}},{"start":{"line":322,"column":80},"end":{"line":322,"column":82}}],"line":322},"22":{"loc":{"start":{"line":323,"column":6},"end":{"line":323,"column":73}},"type":"cond-expr","locations":[{"start":{"line":323,"column":24},"end":{"line":323,"column":68}},{"start":{"line":323,"column":71},"end":{"line":323,"column":73}}],"line":323},"23":{"loc":{"start":{"line":324,"column":6},"end":{"line":324,"column":73}},"type":"cond-expr","locations":[{"start":{"line":324,"column":24},"end":{"line":324,"column":68}},{"start":{"line":324,"column":71},"end":{"line":324,"column":73}}],"line":324},"24":{"loc":{"start":{"line":325,"column":6},"end":{"line":325,"column":100}},"type":"cond-expr","locations":[{"start":{"line":325,"column":33},"end":{"line":325,"column":95}},{"start":{"line":325,"column":98},"end":{"line":325,"column":100}}],"line":325},"25":{"loc":{"start":{"line":327,"column":6},"end":{"line":329,"column":12}},"type":"cond-expr","locations":[{"start":{"line":328,"column":10},"end":{"line":328,"column":68}},{"start":{"line":329,"column":10},"end":{"line":329,"column":12}}],"line":327},"26":{"loc":{"start":{"line":327,"column":6},"end":{"line":327,"column":61}},"type":"binary-expr","locations":[{"start":{"line":327,"column":6},"end":{"line":327,"column":30}},{"start":{"line":327,"column":34},"end":{"line":327,"column":61}}],"line":327},"27":{"loc":{"start":{"line":331,"column":6},"end":{"line":331,"column":73}},"type":"cond-expr","locations":[{"start":{"line":331,"column":24},"end":{"line":331,"column":68}},{"start":{"line":331,"column":71},"end":{"line":331,"column":73}}],"line":331},"28":{"loc":{"start":{"line":333,"column":6},"end":{"line":333,"column":101}},"type":"cond-expr","locations":[{"start":{"line":333,"column":56},"end":{"line":333,"column":96}},{"start":{"line":333,"column":99},"end":{"line":333,"column":101}}],"line":333},"29":{"loc":{"start":{"line":333,"column":6},"end":{"line":333,"column":53}},"type":"binary-expr","locations":[{"start":{"line":333,"column":6},"end":{"line":333,"column":26}},{"start":{"line":333,"column":30},"end":{"line":333,"column":53}}],"line":333},"30":{"loc":{"start":{"line":334,"column":6},"end":{"line":334,"column":97}},"type":"cond-expr","locations":[{"start":{"line":334,"column":54},"end":{"line":334,"column":92}},{"start":{"line":334,"column":95},"end":{"line":334,"column":97}}],"line":334},"31":{"loc":{"start":{"line":334,"column":6},"end":{"line":334,"column":51}},"type":"binary-expr","locations":[{"start":{"line":334,"column":6},"end":{"line":334,"column":25}},{"start":{"line":334,"column":29},"end":{"line":334,"column":51}}],"line":334},"32":{"loc":{"start":{"line":335,"column":6},"end":{"line":335,"column":99}},"type":"cond-expr","locations":[{"start":{"line":335,"column":54},"end":{"line":335,"column":94}},{"start":{"line":335,"column":97},"end":{"line":335,"column":99}}],"line":335},"33":{"loc":{"start":{"line":335,"column":6},"end":{"line":335,"column":51}},"type":"binary-expr","locations":[{"start":{"line":335,"column":6},"end":{"line":335,"column":24}},{"start":{"line":335,"column":28},"end":{"line":335,"column":51}}],"line":335},"34":{"loc":{"start":{"line":336,"column":6},"end":{"line":336,"column":95}},"type":"cond-expr","locations":[{"start":{"line":336,"column":48},"end":{"line":336,"column":90}},{"start":{"line":336,"column":93},"end":{"line":336,"column":95}}],"line":336},"35":{"loc":{"start":{"line":336,"column":6},"end":{"line":336,"column":45}},"type":"binary-expr","locations":[{"start":{"line":336,"column":6},"end":{"line":336,"column":22}},{"start":{"line":336,"column":26},"end":{"line":336,"column":45}}],"line":336},"36":{"loc":{"start":{"line":337,"column":6},"end":{"line":337,"column":109}},"type":"cond-expr","locations":[{"start":{"line":337,"column":60},"end":{"line":337,"column":104}},{"start":{"line":337,"column":107},"end":{"line":337,"column":109}}],"line":337},"37":{"loc":{"start":{"line":337,"column":6},"end":{"line":337,"column":57}},"type":"binary-expr","locations":[{"start":{"line":337,"column":6},"end":{"line":337,"column":28}},{"start":{"line":337,"column":32},"end":{"line":337,"column":57}}],"line":337},"38":{"loc":{"start":{"line":338,"column":6},"end":{"line":338,"column":59}},"type":"cond-expr","locations":[{"start":{"line":338,"column":25},"end":{"line":338,"column":54}},{"start":{"line":338,"column":57},"end":{"line":338,"column":59}}],"line":338},"39":{"loc":{"start":{"line":339,"column":6},"end":{"line":339,"column":116}},"type":"cond-expr","locations":[{"start":{"line":339,"column":74},"end":{"line":339,"column":111}},{"start":{"line":339,"column":114},"end":{"line":339,"column":116}}],"line":339},"40":{"loc":{"start":{"line":339,"column":6},"end":{"line":339,"column":71}},"type":"binary-expr","locations":[{"start":{"line":339,"column":6},"end":{"line":339,"column":26}},{"start":{"line":339,"column":30},"end":{"line":339,"column":71}}],"line":339},"41":{"loc":{"start":{"line":341,"column":6},"end":{"line":343,"column":12}},"type":"cond-expr","locations":[{"start":{"line":342,"column":10},"end":{"line":342,"column":56}},{"start":{"line":343,"column":10},"end":{"line":343,"column":12}}],"line":341},"42":{"loc":{"start":{"line":341,"column":6},"end":{"line":341,"column":73}},"type":"binary-expr","locations":[{"start":{"line":341,"column":6},"end":{"line":341,"column":28}},{"start":{"line":341,"column":32},"end":{"line":341,"column":73}}],"line":341},"43":{"loc":{"start":{"line":346,"column":6},"end":{"line":348,"column":12}},"type":"cond-expr","locations":[{"start":{"line":347,"column":10},"end":{"line":347,"column":68}},{"start":{"line":348,"column":10},"end":{"line":348,"column":12}}],"line":346},"44":{"loc":{"start":{"line":346,"column":6},"end":{"line":346,"column":61}},"type":"binary-expr","locations":[{"start":{"line":346,"column":6},"end":{"line":346,"column":30}},{"start":{"line":346,"column":34},"end":{"line":346,"column":61}}],"line":346},"45":{"loc":{"start":{"line":350,"column":6},"end":{"line":350,"column":77}},"type":"cond-expr","locations":[{"start":{"line":350,"column":26},"end":{"line":350,"column":72}},{"start":{"line":350,"column":75},"end":{"line":350,"column":77}}],"line":350},"46":{"loc":{"start":{"line":358,"column":6},"end":{"line":358,"column":87}},"type":"cond-expr","locations":[{"start":{"line":358,"column":58},"end":{"line":358,"column":82}},{"start":{"line":358,"column":85},"end":{"line":358,"column":87}}],"line":358},"47":{"loc":{"start":{"line":358,"column":6},"end":{"line":358,"column":55}},"type":"binary-expr","locations":[{"start":{"line":358,"column":6},"end":{"line":358,"column":31}},{"start":{"line":358,"column":35},"end":{"line":358,"column":55}}],"line":358},"48":{"loc":{"start":{"line":360,"column":6},"end":{"line":360,"column":76}},"type":"cond-expr","locations":[{"start":{"line":360,"column":26},"end":{"line":360,"column":71}},{"start":{"line":360,"column":74},"end":{"line":360,"column":76}}],"line":360},"49":{"loc":{"start":{"line":362,"column":6},"end":{"line":362,"column":104}},"type":"cond-expr","locations":[{"start":{"line":362,"column":56},"end":{"line":362,"column":99}},{"start":{"line":362,"column":102},"end":{"line":362,"column":104}}],"line":362},"50":{"loc":{"start":{"line":362,"column":6},"end":{"line":362,"column":53}},"type":"binary-expr","locations":[{"start":{"line":362,"column":6},"end":{"line":362,"column":25}},{"start":{"line":362,"column":29},"end":{"line":362,"column":53}}],"line":362},"51":{"loc":{"start":{"line":363,"column":6},"end":{"line":363,"column":77}},"type":"cond-expr","locations":[{"start":{"line":363,"column":25},"end":{"line":363,"column":72}},{"start":{"line":363,"column":75},"end":{"line":363,"column":77}}],"line":363},"52":{"loc":{"start":{"line":365,"column":6},"end":{"line":367,"column":12}},"type":"cond-expr","locations":[{"start":{"line":366,"column":10},"end":{"line":366,"column":65}},{"start":{"line":367,"column":10},"end":{"line":367,"column":12}}],"line":365},"53":{"loc":{"start":{"line":365,"column":6},"end":{"line":365,"column":65}},"type":"binary-expr","locations":[{"start":{"line":365,"column":6},"end":{"line":365,"column":31}},{"start":{"line":365,"column":35},"end":{"line":365,"column":65}}],"line":365},"54":{"loc":{"start":{"line":369,"column":6},"end":{"line":369,"column":98}},"type":"cond-expr","locations":[{"start":{"line":369,"column":32},"end":{"line":369,"column":93}},{"start":{"line":369,"column":96},"end":{"line":369,"column":98}}],"line":369},"55":{"loc":{"start":{"line":370,"column":6},"end":{"line":370,"column":75}},"type":"cond-expr","locations":[{"start":{"line":370,"column":25},"end":{"line":370,"column":70}},{"start":{"line":370,"column":73},"end":{"line":370,"column":75}}],"line":370},"56":{"loc":{"start":{"line":371,"column":6},"end":{"line":371,"column":90}},"type":"cond-expr","locations":[{"start":{"line":371,"column":30},"end":{"line":371,"column":85}},{"start":{"line":371,"column":88},"end":{"line":371,"column":90}}],"line":371},"57":{"loc":{"start":{"line":451,"column":7},"end":{"line":451,"column":53}},"type":"cond-expr","locations":[{"start":{"line":451,"column":23},"end":{"line":451,"column":48}},{"start":{"line":451,"column":51},"end":{"line":451,"column":53}}],"line":451},"58":{"loc":{"start":{"line":528,"column":23},"end":{"line":528,"column":54}},"type":"cond-expr","locations":[{"start":{"line":528,"column":42},"end":{"line":528,"column":46}},{"start":{"line":528,"column":49},"end":{"line":528,"column":54}}],"line":528}},"s":{"0":0,"1":0,"2":0,"3":0,"4":0,"5":0,"6":0,"7":0,"8":0,"9":0,"10":0,"11":0,"12":0,"13":0,"14":0,"15":0,"16":0,"17":0,"18":0,"19":0,"20":0,"21":0,"22":0,"23":0,"24":0,"25":0,"26":0,"27":0,"28":0,"29":0,"30":0,"31":0,"32":0,"33":0,"34":0,"35":0,"36":0,"37":0,"38":0,"39":0,"40":0,"41":0,"42":0,"43":0,"44":0,"45":0,"46":0,"47":0,"48":0,"49":0,"50":0,"51":0,"52":0,"53":0,"54":0,"55":0,"56":0,"57":0,"58":0,"59":0,"60":0,"61":0,"62":0,"63":0,"64":0,"65":0,"66":0,"67":0,"68":0,"69":0,"70":0,"71":0,"72":0,"73":0,"74":0,"75":0,"76":0,"77":0,"78":0,"79":0,"80":0,"81":0,"82":0,"83":0,"84":0,"85":0,"86":0,"87":0,"88":0,"89":0,"90":0,"91":0,"92":0,"93":0,"94":0,"95":0,"96":0,"97":0,"98":0,"99":0,"100":0,"101":0,"102":0,"103":0,"104":0,"105":0,"106":0,"107":0,"108":0,"109":0},"f":{"0":0,"1":0,"2":0,"3":0,"4":0,"5":0,"6":0,"7":0,"8":0,"9":0,"10":0,"11":0,"12":0,"13":0,"14":0,"15":0,"16":0,"17":0,"18":0,"19":0,"20":0,"21":0,"22":0,"23":0,"24":0,"25":0,"26":0,"27":0,"28":0,"29":0,"30":0,"31":0,"32":0,"33":0,"34":0,"35":0,"36":0,"37":0,"38":0,"39":0,"40":0,"41":0,"42":0,"43":0,"44":0,"45":0,"46":0,"47":0,"48":0},"b":{"0":[0],"1":[0,0],"2":[0,0],"3":[0],"4":[0,0],"5":[0,0],"6":[0,0],"7":[0,0],"8":[0,0],"9":[0,0],"10":[0,0],"11":[0,0],"12":[0,0],"13":[0,0],"14":[0,0],"15":[0,0],"16":[0,0],"17":[0,0],"18":[0,0],"19":[0,0],"20":[0,0],"21":[0,0],"22":[0,0],"23":[0,0],"24":[0,0],"25":[0,0],"26":[0,0],"27":[0,0],"28":[0,0],"29":[0,0],"30":[0,0],"31":[0,0],"32":[0,0],"33":[0,0],"34":[0,0],"35":[0,0],"36":[0,0],"37":[0,0],"38":[0,0],"39":[0,0],"40":[0,0],"41":[0,0],"42":[0,0],"43":[0,0],"44":[0,0],"45":[0,0],"46":[0,0],"47":[0,0],"48":[0,0],"49":[0,0],"50":[0,0],"51":[0,0],"52":[0,0],"53":[0,0],"54":[0,0],"55":[0,0],"56":[0,0],"57":[0,0],"58":[0,0]}}
,"/home/paul-sandjong/openimis/openimis-fe-insuree_js/src/constants.js": {"path":"/home/paul-sandjong/openimis/openimis-fe-insuree_js/src/constants.js","statementMap":{"0":{"start":{"line":1,"column":38},"end":{"line":1,"column":63}},"1":{"start":{"line":2,"column":37},"end":{"line":2,"column":50}},"2":{"start":{"line":3,"column":28},"end":{"line":3,"column":47}},"3":{"start":{"line":4,"column":29},"end":{"line":4,"column":48}},"4":{"start":{"line":5,"column":28},"end":{"line":5,"column":30}},"5":{"start":{"line":6,"column":27},"end":{"line":6,"column":36}},"6":{"start":{"line":8,"column":37},"end":{"line":8,"column":41}},"7":{"start":{"line":9,"column":39},"end":{"line":9,"column":43}},"8":{"start":{"line":10,"column":35},"end":{"line":10,"column":39}},"9":{"start":{"line":11,"column":41},"end":{"line":11,"column":43}},"10":{"start":{"line":12,"column":30},"end":{"line":12,"column":99}},"11":{"start":{"line":13,"column":22},"end":{"line":13,"column":25}},"12":{"start":{"line":15,"column":28},"end":{"line":15,"column":34}},"13":{"start":{"line":16,"column":35},"end":{"line":16,"column":41}},"14":{"start":{"line":17,"column":32},"end":{"line":17,"column":38}},"15":{"start":{"line":18,"column":33},"end":{"line":18,"column":39}},"16":{"start":{"line":19,"column":35},"end":{"line":19,"column":41}},"17":{"start":{"line":20,"column":29},"end":{"line":20,"column":35}},"18":{"start":{"line":21,"column":28},"end":{"line":21,"column":34}},"19":{"start":{"line":22,"column":33},"end":{"line":22,"column":39}},"20":{"start":{"line":23,"column":34},"end":{"line":23,"column":40}},"21":{"start":{"line":24,"column":36},"end":{"line":24,"column":42}},"22":{"start":{"line":25,"column":37},"end":{"line":25,"column":43}},"23":{"start":{"line":27,"column":23},"end":{"line":33,"column":1}},"24":{"start":{"line":35,"column":27},"end":{"line":35,"column":36}}},"fnMap":{},"branchMap":{},"s":{"0":1,"1":1,"2":1,"3":1,"4":1,"5":1,"6":1,"7":1,"8":1,"9":1,"10":1,"11":1,"12":1,"13":1,"14":1,"15":1,"16":1,"17":1,"18":1,"19":1,"20":1,"21":1,"22":1,"23":1,"24":1},"f":{},"b":{},"_coverageSchema":"1a1c01bbd47fc00a2c39e90264f33305004495a9","hash":"dfa87ea8234789231cf39694fc136cbb5856a500"}
,"/home/paul-sandjong/openimis/openimis-fe-insuree_js/src/reducer.js": {"path":"/home/paul-sandjong/openimis/openimis-fe-insuree_js/src/reducer.js","statementMap":{"0":{"start":{"line":69,"column":2},"end":{"line":551,"column":3}},"1":{"start":{"line":71,"column":6},"end":{"line":77,"column":8}},"2":{"start":{"line":79,"column":6},"end":{"line":85,"column":8}},"3":{"start":{"line":87,"column":6},"end":{"line":91,"column":8}},"4":{"start":{"line":93,"column":6},"end":{"line":99,"column":8}},"5":{"start":{"line":101,"column":6},"end":{"line":107,"column":8}},"6":{"start":{"line":109,"column":6},"end":{"line":115,"column":8}},"7":{"start":{"line":117,"column":6},"end":{"line":121,"column":8}},"8":{"start":{"line":123,"column":6},"end":{"line":129,"column":8}},"9":{"start":{"line":131,"column":6},"end":{"line":137,"column":8}},"10":{"start":{"line":139,"column":6},"end":{"line":146,"column":8}},"11":{"start":{"line":148,"column":6},"end":{"line":154,"column":8}},"12":{"start":{"line":156,"column":6},"end":{"line":160,"column":8}},"13":{"start":{"line":162,"column":6},"end":{"line":168,"column":8}},"14":{"start":{"line":170,"column":6},"end":{"line":177,"column":8}},"15":{"start":{"line":179,"column":6},"end":{"line":185,"column":8}},"16":{"start":{"line":187,"column":6},"end":{"line":193,"column":8}},"17":{"start":{"line":195,"column":6},"end":{"line":200,"column":8}},"18":{"start":{"line":202,"column":6},"end":{"line":206,"column":8}},"19":{"start":{"line":208,"column":6},"end":{"line":211,"column":8}},"20":{"start":{"line":213,"column":6},"end":{"line":219,"column":8}},"21":{"start":{"line":221,"column":6},"end":{"line":227,"column":8}},"22":{"start":{"line":229,"column":6},"end":{"line":233,"column":8}},"23":{"start":{"line":235,"column":6},"end":{"line":241,"column":8}},"24":{"start":{"line":243,"column":6},"end":{"line":249,"column":8}},"25":{"start":{"line":247,"column":70},"end":{"line":247,"column":76}},"26":{"start":{"line":251,"column":6},"end":{"line":255,"column":8}},"27":{"start":{"line":257,"column":6},"end":{"line":263,"column":8}},"28":{"start":{"line":265,"column":6},"end":{"line":272,"column":8}},"29":{"start":{"line":274,"column":6},"end":{"line":278,"column":8}},"30":{"start":{"line":280,"column":6},"end":{"line":287,"column":8}},"31":{"start":{"line":289,"column":6},"end":{"line":296,"column":8}},"32":{"start":{"line":298,"column":6},"end":{"line":302,"column":8}},"33":{"start":{"line":304,"column":6},"end":{"line":310,"column":8}},"34":{"start":{"line":312,"column":6},"end":{"line":318,"column":8}},"35":{"start":{"line":320,"column":6},"end":{"line":324,"column":8}},"36":{"start":{"line":326,"column":6},"end":{"line":332,"column":8}},"37":{"start":{"line":334,"column":6},"end":{"line":340,"column":8}},"38":{"start":{"line":338,"column":64},"end":{"line":338,"column":70}},"39":{"start":{"line":342,"column":6},"end":{"line":346,"column":8}},"40":{"start":{"line":348,"column":6},"end":{"line":354,"column":8}},"41":{"start":{"line":356,"column":21},"end":{"line":356,"column":60}},"42":{"start":{"line":357,"column":6},"end":{"line":363,"column":8}},"43":{"start":{"line":365,"column":6},"end":{"line":369,"column":8}},"44":{"start":{"line":371,"column":6},"end":{"line":377,"column":8}},"45":{"start":{"line":379,"column":6},"end":{"line":385,"column":8}},"46":{"start":{"line":383,"column":62},"end":{"line":383,"column":66}},"47":{"start":{"line":387,"column":6},"end":{"line":391,"column":8}},"48":{"start":{"line":393,"column":6},"end":{"line":399,"column":8}},"49":{"start":{"line":401,"column":6},"end":{"line":407,"column":8}},"50":{"start":{"line":405,"column":64},"end":{"line":405,"column":68}},"51":{"start":{"line":409,"column":6},"end":{"line":413,"column":8}},"52":{"start":{"line":415,"column":6},"end":{"line":421,"column":8}},"53":{"start":{"line":423,"column":6},"end":{"line":429,"column":8}},"54":{"start":{"line":427,"column":60},"end":{"line":427,"column":64}},"55":{"start":{"line":431,"column":6},"end":{"line":435,"column":8}},"56":{"start":{"line":437,"column":6},"end":{"line":443,"column":8}},"57":{"start":{"line":445,"column":6},"end":{"line":451,"column":8}},"58":{"start":{"line":449,"column":80},"end":{"line":449,"column":86}},"59":{"start":{"line":453,"column":6},"end":{"line":457,"column":8}},"60":{"start":{"line":459,"column":6},"end":{"line":470,"column":8}},"61":{"start":{"line":472,"column":6},"end":{"line":483,"column":8}},"62":{"start":{"line":485,"column":6},"end":{"line":495,"column":8}},"63":{"start":{"line":497,"column":6},"end":{"line":508,"column":8}},"64":{"start":{"line":510,"column":6},"end":{"line":521,"column":8}},"65":{"start":{"line":523,"column":6},"end":{"line":526,"column":8}},"66":{"start":{"line":528,"column":6},"end":{"line":528,"column":48}},"67":{"start":{"line":530,"column":6},"end":{"line":530,"column":48}},"68":{"start":{"line":532,"column":6},"end":{"line":532,"column":65}},"69":{"start":{"line":534,"column":6},"end":{"line":534,"column":65}},"70":{"start":{"line":536,"column":6},"end":{"line":536,"column":67}},"71":{"start":{"line":538,"column":6},"end":{"line":538,"column":66}},"72":{"start":{"line":540,"column":6},"end":{"line":540,"column":66}},"73":{"start":{"line":542,"column":6},"end":{"line":542,"column":67}},"74":{"start":{"line":544,"column":6},"end":{"line":544,"column":67}},"75":{"start":{"line":546,"column":6},"end":{"line":546,"column":66}},"76":{"start":{"line":548,"column":6},"end":{"line":548,"column":72}},"77":{"start":{"line":550,"column":6},"end":{"line":550,"column":19}}},"fnMap":{"0":{"name":"reducer","decl":{"start":{"line":11,"column":9},"end":{"line":11,"column":16}},"loc":{"start":{"line":68,"column":2},"end":{"line":552,"column":1}},"line":68},"1":{"name":"(anonymous_1)","decl":{"start":{"line":247,"column":63},"end":{"line":247,"column":64}},"loc":{"start":{"line":247,"column":70},"end":{"line":247,"column":76}},"line":247},"2":{"name":"(anonymous_2)","decl":{"start":{"line":338,"column":57},"end":{"line":338,"column":58}},"loc":{"start":{"line":338,"column":64},"end":{"line":338,"column":70}},"line":338},"3":{"name":"(anonymous_3)","decl":{"start":{"line":383,"column":55},"end":{"line":383,"column":56}},"loc":{"start":{"line":383,"column":62},"end":{"line":383,"column":66}},"line":383},"4":{"name":"(anonymous_4)","decl":{"start":{"line":405,"column":57},"end":{"line":405,"column":58}},"loc":{"start":{"line":405,"column":64},"end":{"line":405,"column":68}},"line":405},"5":{"name":"(anonymous_5)","decl":{"start":{"line":427,"column":53},"end":{"line":427,"column":54}},"loc":{"start":{"line":427,"column":60},"end":{"line":427,"column":64}},"line":427},"6":{"name":"(anonymous_6)","decl":{"start":{"line":449,"column":73},"end":{"line":449,"column":74}},"loc":{"start":{"line":449,"column":80},"end":{"line":449,"column":86}},"line":449}},"branchMap":{"0":{"loc":{"start":{"line":12,"column":2},"end":{"line":66,"column":3}},"type":"default-arg","locations":[{"start":{"line":12,"column":10},"end":{"line":66,"column":3}}],"line":12},"1":{"loc":{"start":{"line":69,"column":2},"end":{"line":551,"column":3}},"type":"switch","locations":[{"start":{"line":70,"column":4},"end":{"line":77,"column":8}},{"start":{"line":78,"column":4},"end":{"line":85,"column":8}},{"start":{"line":86,"column":4},"end":{"line":91,"column":8}},{"start":{"line":92,"column":4},"end":{"line":99,"column":8}},{"start":{"line":100,"column":4},"end":{"line":107,"column":8}},{"start":{"line":108,"column":4},"end":{"line":115,"column":8}},{"start":{"line":116,"column":4},"end":{"line":121,"column":8}},{"start":{"line":122,"column":4},"end":{"line":129,"column":8}},{"start":{"line":130,"column":4},"end":{"line":137,"column":8}},{"start":{"line":138,"column":4},"end":{"line":146,"column":8}},{"start":{"line":147,"column":4},"end":{"line":154,"column":8}},{"start":{"line":155,"column":4},"end":{"line":160,"column":8}},{"start":{"line":161,"column":4},"end":{"line":168,"column":8}},{"start":{"line":169,"column":4},"end":{"line":177,"column":8}},{"start":{"line":178,"column":4},"end":{"line":185,"column":8}},{"start":{"line":186,"column":4},"end":{"line":193,"column":8}},{"start":{"line":194,"column":4},"end":{"line":200,"column":8}},{"start":{"line":201,"column":4},"end":{"line":206,"column":8}},{"start":{"line":207,"column":4},"end":{"line":211,"column":8}},{"start":{"line":212,"column":4},"end":{"line":219,"column":8}},{"start":{"line":220,"column":4},"end":{"line":227,"column":8}},{"start":{"line":228,"column":4},"end":{"line":233,"column":8}},{"start":{"line":234,"column":4},"end":{"line":241,"column":8}},{"start":{"line":242,"column":4},"end":{"line":249,"column":8}},{"start":{"line":250,"column":4},"end":{"line":255,"column":8}},{"start":{"line":256,"column":4},"end":{"line":263,"column":8}},{"start":{"line":264,"column":4},"end":{"line":272,"column":8}},{"start":{"line":273,"column":4},"end":{"line":278,"column":8}},{"start":{"line":279,"column":4},"end":{"line":287,"column":8}},{"start":{"line":288,"column":4},"end":{"line":296,"column":8}},{"start":{"line":297,"column":4},"end":{"line":302,"column":8}},{"start":{"line":303,"column":4},"end":{"line":310,"column":8}},{"start":{"line":311,"column":4},"end":{"line":318,"column":8}},{"start":{"line":319,"column":4},"end":{"line":324,"column":8}},{"start":{"line":325,"column":4},"end":{"line":332,"column":8}},{"start":{"line":333,"column":4},"end":{"line":340,"column":8}},{"start":{"line":341,"column":4},"end":{"line":346,"column":8}},{"start":{"line":347,"column":4},"end":{"line":354,"column":8}},{"start":{"line":355,"column":4},"end":{"line":363,"column":8}},{"start":{"line":364,"column":4},"end":{"line":369,"column":8}},{"start":{"line":370,"column":4},"end":{"line":377,"column":8}},{"start":{"line":378,"column":4},"end":{"line":385,"column":8}},{"start":{"line":386,"column":4},"end":{"line":391,"column":8}},{"start":{"line":392,"column":4},"end":{"line":399,"column":8}},{"start":{"line":400,"column":4},"end":{"line":407,"column":8}},{"start":{"line":408,"column":4},"end":{"line":413,"column":8}},{"start":{"line":414,"column":4},"end":{"line":421,"column":8}},{"start":{"line":422,"column":4},"end":{"line":429,"column":8}},{"start":{"line":430,"column":4},"end":{"line":435,"column":8}},{"start":{"line":436,"column":4},"end":{"line":443,"column":8}},{"start":{"line":444,"column":4},"end":{"line":451,"column":8}},{"start":{"line":452,"column":4},"end":{"line":457,"column":8}},{"start":{"line":458,"column":4},"end":{"line":470,"column":8}},{"start":{"line":471,"column":4},"end":{"line":483,"column":8}},{"start":{"line":484,"column":4},"end":{"line":495,"column":8}},{"start":{"line":496,"column":4},"end":{"line":508,"column":8}},{"start":{"line":509,"column":4},"end":{"line":521,"column":8}},{"start":{"line":522,"column":4},"end":{"line":526,"column":8}},{"start":{"line":527,"column":4},"end":{"line":528,"column":48}},{"start":{"line":529,"column":4},"end":{"line":530,"column":48}},{"start":{"line":531,"column":4},"end":{"line":532,"column":65}},{"start":{"line":533,"column":4},"end":{"line":534,"column":65}},{"start":{"line":535,"column":4},"end":{"line":536,"column":67}},{"start":{"line":537,"column":4},"end":{"line":538,"column":66}},{"start":{"line":539,"column":4},"end":{"line":540,"column":66}},{"start":{"line":541,"column":4},"end":{"line":542,"column":67}},{"start":{"line":543,"column":4},"end":{"line":544,"column":67}},{"start":{"line":545,"column":4},"end":{"line":546,"column":66}},{"start":{"line":547,"column":4},"end":{"line":548,"column":72}},{"start":{"line":549,"column":4},"end":{"line":550,"column":19}}],"line":69},"2":{"loc":{"start":{"line":361,"column":16},"end":{"line":361,"column":70}},"type":"cond-expr","locations":[{"start":{"line":361,"column":52},"end":{"line":361,"column":63}},{"start":{"line":361,"column":66},"end":{"line":361,"column":70}}],"line":361},"3":{"loc":{"start":{"line":361,"column":16},"end":{"line":361,"column":49}},"type":"binary-expr","locations":[{"start":{"line":361,"column":16},"end":{"line":361,"column":26}},{"start":{"line":361,"column":30},"end":{"line":361,"column":49}}],"line":361}},"s":{"0":0,"1":0,"2":0,"3":0,"4":0,"5":0,"6":0,"7":0,"8":0,"9":0,"10":0,"11":0,"12":0,"13":0,"14":0,"15":0,"16":0,"17":0,"18":0,"19":0,"20":0,"21":0,"22":0,"23":0,"24":0,"25":0,"26":0,"27":0,"28":0,"29":0,"30":0,"31":0,"32":0,"33":0,"34":0,"35":0,"36":0,"37":0,"38":0,"39":0,"40":0,"41":0,"42":0,"43":0,"44":0,"45":0,"46":0,"47":0,"48":0,"49":0,"50":0,"51":0,"52":0,"53":0,"54":0,"55":0,"56":0,"57":0,"58":0,"59":0,"60":0,"61":0,"62":0,"63":0,"64":0,"65":0,"66":0,"67":0,"68":0,"69":0,"70":0,"71":0,"72":0,"73":0,"74":0,"75":0,"76":0,"77":0},"f":{"0":0,"1":0,"2":0,"3":0,"4":0,"5":0,"6":0},"b":{"0":[0],"1":[0,0,0,0,0,0,0,0,0,0,0,0,0,0,0,0,0,0,0,0,0,0,0,0,0,0,0,0,0,0,0,0,0,0,0,0,0,0,0,0,0,0,0,0,0,0,0,0,0,0,0,0,0,0,0,0,0,0,0,0,0,0,0,0,0,0,0,0,0,0],"2":[0,0],"3":[0,0]}}
,"/home/paul-sandjong/openimis/openimis-fe-insuree_js/src/components/ChangeInsureeFamilyDialog.js": {"path":"/home/paul-sandjong/openimis/openimis-fe-insuree_js/src/components/ChangeInsureeFamilyDialog.js","statementMap":{"0":{"start":{"line":6,"column":15},"end":{"line":9,"column":2}},"1":{"start":{"line":6,"column":27},"end":{"line":9,"column":1}},"2":{"start":{"line":19,"column":4},"end":{"line":19,"column":17}},"3":{"start":{"line":20,"column":4},"end":{"line":20,"column":112}},"4":{"start":{"line":21,"column":4},"end":{"line":21,"column":108}},"5":{"start":{"line":25,"column":62},"end":{"line":25,"column":72}},"6":{"start":{"line":26,"column":4},"end":{"line":60,"column":6}},"7":{"start":{"line":46,"column":36},"end":{"line":46,"column":51}},"8":{"start":{"line":51,"column":36},"end":{"line":51,"column":52}}},"fnMap":{"0":{"name":"(anonymous_0)","decl":{"start":{"line":6,"column":15},"end":{"line":6,"column":16}},"loc":{"start":{"line":6,"column":27},"end":{"line":9,"column":1}},"line":6},"1":{"name":"(anonymous_1)","decl":{"start":{"line":18,"column":2},"end":{"line":18,"column":3}},"loc":{"start":{"line":18,"column":21},"end":{"line":22,"column":3}},"line":18},"2":{"name":"(anonymous_2)","decl":{"start":{"line":24,"column":2},"end":{"line":24,"column":3}},"loc":{"start":{"line":24,"column":11},"end":{"line":61,"column":3}},"line":24},"3":{"name":"(anonymous_3)","decl":{"start":{"line":46,"column":29},"end":{"line":46,"column":30}},"loc":{"start":{"line":46,"column":36},"end":{"line":46,"column":51}},"line":46},"4":{"name":"(anonymous_4)","decl":{"start":{"line":51,"column":29},"end":{"line":51,"column":30}},"loc":{"start":{"line":51,"column":36},"end":{"line":51,"column":52}},"line":51}},"branchMap":{"0":{"loc":{"start":{"line":45,"column":11},"end":{"line":49,"column":11}},"type":"binary-expr","locations":[{"start":{"line":45,"column":11},"end":{"line":45,"column":27}},{"start":{"line":46,"column":12},"end":{"line":48,"column":21}}],"line":45},"1":{"loc":{"start":{"line":50,"column":11},"end":{"line":54,"column":11}},"type":"binary-expr","locations":[{"start":{"line":50,"column":11},"end":{"line":50,"column":25}},{"start":{"line":51,"column":12},"end":{"line":53,"column":21}}],"line":50}},"s":{"0":0,"1":0,"2":0,"3":0,"4":0,"5":0,"6":0,"7":0,"8":0},"f":{"0":0,"1":0,"2":0,"3":0,"4":0},"b":{"0":[0,0],"1":[0,0]}}
,"/home/paul-sandjong/openimis/openimis-fe-insuree_js/src/components/DeleteFamilyDialog.js": {"path":"/home/paul-sandjong/openimis/openimis-fe-insuree_js/src/components/DeleteFamilyDialog.js","statementMap":{"0":{"start":{"line":5,"column":15},"end":{"line":8,"column":2}},"1":{"start":{"line":5,"column":27},"end":{"line":8,"column":1}},"2":{"start":{"line":18,"column":53},"end":{"line":18,"column":63}},"3":{"start":{"line":19,"column":4},"end":{"line":45,"column":6}},"4":{"start":{"line":34,"column":34},"end":{"line":34,"column":49}},"5":{"start":{"line":37,"column":34},"end":{"line":37,"column":50}}},"fnMap":{"0":{"name":"(anonymous_0)","decl":{"start":{"line":5,"column":15},"end":{"line":5,"column":16}},"loc":{"start":{"line":5,"column":27},"end":{"line":8,"column":1}},"line":5},"1":{"name":"(anonymous_1)","decl":{"start":{"line":17,"column":2},"end":{"line":17,"column":3}},"loc":{"start":{"line":17,"column":11},"end":{"line":46,"column":3}},"line":17},"2":{"name":"(anonymous_2)","decl":{"start":{"line":34,"column":27},"end":{"line":34,"column":28}},"loc":{"start":{"line":34,"column":34},"end":{"line":34,"column":49}},"line":34},"3":{"name":"(anonymous_3)","decl":{"start":{"line":37,"column":27},"end":{"line":37,"column":28}},"loc":{"start":{"line":37,"column":34},"end":{"line":37,"column":50}},"line":37}},"branchMap":{},"s":{"0":0,"1":0,"2":0,"3":0,"4":0,"5":0},"f":{"0":0,"1":0,"2":0,"3":0},"b":{}}
,"/home/paul-sandjong/openimis/openimis-fe-insuree_js/src/components/Enquiry.js": {"path":"/home/paul-sandjong/openimis/openimis-fe-insuree_js/src/components/Enquiry.js","statementMap":{"0":{"start":{"line":11,"column":18},"end":{"line":52,"column":3}},"1":{"start":{"line":11,"column":41},"end":{"line":52,"column":1}},"2":{"start":{"line":54,"column":16},"end":{"line":99,"column":1}},"3":{"start":{"line":55,"column":30},"end":{"line":55,"column":35}},"4":{"start":{"line":56,"column":28},"end":{"line":56,"column":42}},"5":{"start":{"line":57,"column":19},"end":{"line":57,"column":27}},"6":{"start":{"line":58,"column":18},"end":{"line":58,"column":29}},"7":{"start":{"line":60,"column":25},"end":{"line":73,"column":3}},"8":{"start":{"line":61,"column":4},"end":{"line":72,"column":5}},"9":{"start":{"line":62,"column":6},"end":{"line":62,"column":35}},"10":{"start":{"line":64,"column":20},"end":{"line":64,"column":38}},"11":{"start":{"line":65,"column":23},"end":{"line":65,"column":37}},"12":{"start":{"line":66,"column":29},"end":{"line":66,"column":89}},"13":{"start":{"line":67,"column":28},"end":{"line":67,"column":87}},"14":{"start":{"line":68,"column":6},"end":{"line":71,"column":7}},"15":{"start":{"line":69,"column":8},"end":{"line":69,"column":31}},"16":{"start":{"line":70,"column":8},"end":{"line":70,"column":15}},"17":{"start":{"line":75,"column":22},"end":{"line":80,"column":3}},"18":{"start":{"line":76,"column":4},"end":{"line":76,"column":19}},"19":{"start":{"line":77,"column":4},"end":{"line":79,"column":5}},"20":{"start":{"line":78,"column":6},"end":{"line":78,"column":34}},"21":{"start":{"line":82,"column":2},"end":{"line":98,"column":4}}},"fnMap":{"0":{"name":"(anonymous_0)","decl":{"start":{"line":11,"column":29},"end":{"line":11,"column":30}},"loc":{"start":{"line":11,"column":41},"end":{"line":52,"column":1}},"line":11},"1":{"name":"(anonymous_1)","decl":{"start":{"line":54,"column":16},"end":{"line":54,"column":17}},"loc":{"start":{"line":54,"column":27},"end":{"line":99,"column":1}},"line":54},"2":{"name":"(anonymous_2)","decl":{"start":{"line":60,"column":25},"end":{"line":60,"column":26}},"loc":{"start":{"line":60,"column":36},"end":{"line":73,"column":3}},"line":60},"3":{"name":"(anonymous_3)","decl":{"start":{"line":75,"column":22},"end":{"line":75,"column":23}},"loc":{"start":{"line":75,"column":28},"end":{"line":80,"column":3}},"line":75}},"branchMap":{"0":{"loc":{"start":{"line":61,"column":4},"end":{"line":72,"column":5}},"type":"if","locations":[{"start":{"line":61,"column":4},"end":{"line":72,"column":5}},{"start":{"line":63,"column":11},"end":{"line":72,"column":5}}],"line":61},"1":{"loc":{"start":{"line":61,"column":8},"end":{"line":61,"column":51}},"type":"binary-expr","locations":[{"start":{"line":61,"column":8},"end":{"line":61,"column":29}},{"start":{"line":61,"column":33},"end":{"line":61,"column":51}}],"line":61},"2":{"loc":{"start":{"line":67,"column":28},"end":{"line":67,"column":87}},"type":"binary-expr","locations":[{"start":{"line":67,"column":28},"end":{"line":67,"column":68}},{"start":{"line":67,"column":72},"end":{"line":67,"column":87}}],"line":67},"3":{"loc":{"start":{"line":68,"column":6},"end":{"line":71,"column":7}},"type":"if","locations":[{"start":{"line":68,"column":6},"end":{"line":71,"column":7}},{"start":{},"end":{}}],"line":68},"4":{"loc":{"start":{"line":68,"column":10},"end":{"line":68,"column":43}},"type":"binary-expr","locations":[{"start":{"line":68,"column":10},"end":{"line":68,"column":25}},{"start":{"line":68,"column":29},"end":{"line":68,"column":43}}],"line":68},"5":{"loc":{"start":{"line":77,"column":4},"end":{"line":79,"column":5}},"type":"if","locations":[{"start":{"line":77,"column":4},"end":{"line":79,"column":5}},{"start":{},"end":{}}],"line":77},"6":{"loc":{"start":{"line":93,"column":42},"end":{"line":93,"column":78}},"type":"binary-expr","locations":[{"start":{"line":93,"column":42},"end":{"line":93,"column":56}},{"start":{"line":93,"column":60},"end":{"line":93,"column":78}}],"line":93}},"s":{"0":0,"1":0,"2":0,"3":0,"4":0,"5":0,"6":0,"7":0,"8":0,"9":0,"10":0,"11":0,"12":0,"13":0,"14":0,"15":0,"16":0,"17":0,"18":0,"19":0,"20":0,"21":0},"f":{"0":0,"1":0,"2":0,"3":0},"b":{"0":[0,0],"1":[0,0],"2":[0,0],"3":[0,0],"4":[0,0],"5":[0,0],"6":[0,0]}}
,"/home/paul-sandjong/openimis/openimis-fe-insuree_js/src/components/EnquiryDialog.js": {"path":"/home/paul-sandjong/openimis/openimis-fe-insuree_js/src/components/EnquiryDialog.js","statementMap":{"0":{"start":{"line":21,"column":18},"end":{"line":25,"column":3}},"1":{"start":{"line":21,"column":36},"end":{"line":25,"column":1}},"2":{"start":{"line":27,"column":22},"end":{"line":95,"column":1}},"3":{"start":{"line":41,"column":18},"end":{"line":41,"column":29}},"4":{"start":{"line":42,"column":23},"end":{"line":42,"column":35}},"5":{"start":{"line":44,"column":22},"end":{"line":47,"column":3}},"6":{"start":{"line":45,"column":4},"end":{"line":45,"column":26}},"7":{"start":{"line":46,"column":4},"end":{"line":46,"column":14}},"8":{"start":{"line":49,"column":2},"end":{"line":62,"column":32}},"9":{"start":{"line":50,"column":4},"end":{"line":52,"column":5}},"10":{"start":{"line":51,"column":6},"end":{"line":51,"column":49}},"11":{"start":{"line":54,"column":4},"end":{"line":57,"column":5}},"12":{"start":{"line":55,"column":6},"end":{"line":55,"column":28}},"13":{"start":{"line":56,"column":6},"end":{"line":56,"column":16}},"14":{"start":{"line":59,"column":4},"end":{"line":61,"column":5}},"15":{"start":{"line":60,"column":6},"end":{"line":60,"column":39}},"16":{"start":{"line":64,"column":2},"end":{"line":94,"column":4}},"17":{"start":{"line":97,"column":24},"end":{"line":102,"column":2}},"18":{"start":{"line":97,"column":36},"end":{"line":102,"column":1}},"19":{"start":{"line":104,"column":27},"end":{"line":104,"column":115}},"20":{"start":{"line":104,"column":41},"end":{"line":104,"column":115}}},"fnMap":{"0":{"name":"(anonymous_0)","decl":{"start":{"line":21,"column":29},"end":{"line":21,"column":30}},"loc":{"start":{"line":21,"column":36},"end":{"line":25,"column":1}},"line":21},"1":{"name":"(anonymous_1)","decl":{"start":{"line":27,"column":22},"end":{"line":27,"column":23}},"loc":{"start":{"line":40,"column":6},"end":{"line":95,"column":1}},"line":40},"2":{"name":"(anonymous_2)","decl":{"start":{"line":44,"column":22},"end":{"line":44,"column":23}},"loc":{"start":{"line":44,"column":28},"end":{"line":47,"column":3}},"line":44},"3":{"name":"(anonymous_3)","decl":{"start":{"line":49,"column":12},"end":{"line":49,"column":13}},"loc":{"start":{"line":49,"column":18},"end":{"line":62,"column":3}},"line":49},"4":{"name":"(anonymous_4)","decl":{"start":{"line":97,"column":24},"end":{"line":97,"column":25}},"loc":{"start":{"line":97,"column":36},"end":{"line":102,"column":1}},"line":97},"5":{"name":"(anonymous_5)","decl":{"start":{"line":104,"column":27},"end":{"line":104,"column":28}},"loc":{"start":{"line":104,"column":41},"end":{"line":104,"column":115}},"line":104}},"branchMap":{"0":{"loc":{"start":{"line":50,"column":4},"end":{"line":52,"column":5}},"type":"if","locations":[{"start":{"line":50,"column":4},"end":{"line":52,"column":5}},{"start":{},"end":{}}],"line":50},"1":{"loc":{"start":{"line":50,"column":8},"end":{"line":50,"column":37}},"type":"binary-expr","locations":[{"start":{"line":50,"column":8},"end":{"line":50,"column":12}},{"start":{"line":50,"column":16},"end":{"line":50,"column":37}}],"line":50},"2":{"loc":{"start":{"line":54,"column":4},"end":{"line":57,"column":5}},"type":"if","locations":[{"start":{"line":54,"column":4},"end":{"line":57,"column":5}},{"start":{},"end":{}}],"line":54},"3":{"loc":{"start":{"line":54,"column":8},"end":{"line":54,"column":58}},"type":"binary-expr","locations":[{"start":{"line":54,"column":8},"end":{"line":54,"column":20}},{"start":{"line":54,"column":24},"end":{"line":54,"column":58}}],"line":54},"4":{"loc":{"start":{"line":59,"column":4},"end":{"line":61,"column":5}},"type":"if","locations":[{"start":{"line":59,"column":4},"end":{"line":61,"column":5}},{"start":{},"end":{}}],"line":59},"5":{"loc":{"start":{"line":68,"column":9},"end":{"line":75,"column":9}},"type":"binary-expr","locations":[{"start":{"line":68,"column":9},"end":{"line":68,"column":18}},{"start":{"line":68,"column":22},"end":{"line":68,"column":30}},{"start":{"line":69,"column":10},"end":{"line":74,"column":12}}],"line":68},"6":{"loc":{"start":{"line":76,"column":9},"end":{"line":86,"column":9}},"type":"binary-expr","locations":[{"start":{"line":76,"column":9},"end":{"line":76,"column":18}},{"start":{"line":76,"column":22},"end":{"line":76,"column":29}},{"start":{"line":77,"column":10},"end":{"line":85,"column":21}}],"line":76}},"s":{"0":0,"1":0,"2":0,"3":0,"4":0,"5":0,"6":0,"7":0,"8":0,"9":0,"10":0,"11":0,"12":0,"13":0,"14":0,"15":0,"16":0,"17":0,"18":0,"19":0,"20":0},"f":{"0":0,"1":0,"2":0,"3":0,"4":0,"5":0},"b":{"0":[0,0],"1":[0,0],"2":[0,0],"3":[0,0],"4":[0,0],"5":[0,0,0],"6":[0,0,0]}}
,"/home/paul-sandjong/openimis/openimis-fe-insuree_js/src/components/FamilyDisplayPanel.js": {"path":"/home/paul-sandjong/openimis/openimis-fe-insuree_js/src/components/FamilyDisplayPanel.js","statementMap":{"0":{"start":{"line":9,"column":10},"end":{"line":11,"column":3}},"1":{"start":{"line":14,"column":4},"end":{"line":18,"column":5}},"2":{"start":{"line":15,"column":6},"end":{"line":15,"column":80}},"3":{"start":{"line":17,"column":6},"end":{"line":17,"column":51}},"4":{"start":{"line":22,"column":4},"end":{"line":26,"column":5}},"5":{"start":{"line":23,"column":6},"end":{"line":23,"column":120}},"6":{"start":{"line":23,"column":45},"end":{"line":23,"column":118}},"7":{"start":{"line":24,"column":11},"end":{"line":26,"column":5}},"8":{"start":{"line":25,"column":6},"end":{"line":25,"column":51}},"9":{"start":{"line":30,"column":44},"end":{"line":30,"column":54}},"10":{"start":{"line":31,"column":4},"end":{"line":44,"column":6}},"11":{"start":{"line":48,"column":24},"end":{"line":53,"column":2}},"12":{"start":{"line":48,"column":43},"end":{"line":53,"column":1}},"13":{"start":{"line":55,"column":27},"end":{"line":57,"column":1}},"14":{"start":{"line":56,"column":2},"end":{"line":56,"column":55}}},"fnMap":{"0":{"name":"(anonymous_0)","decl":{"start":{"line":13,"column":2},"end":{"line":13,"column":3}},"loc":{"start":{"line":13,"column":22},"end":{"line":19,"column":3}},"line":13},"1":{"name":"(anonymous_1)","decl":{"start":{"line":21,"column":2},"end":{"line":21,"column":3}},"loc":{"start":{"line":21,"column":53},"end":{"line":27,"column":3}},"line":21},"2":{"name":"(anonymous_2)","decl":{"start":{"line":23,"column":38},"end":{"line":23,"column":39}},"loc":{"start":{"line":23,"column":45},"end":{"line":23,"column":118}},"line":23},"3":{"name":"(anonymous_3)","decl":{"start":{"line":29,"column":2},"end":{"line":29,"column":3}},"loc":{"start":{"line":29,"column":11},"end":{"line":45,"column":3}},"line":29},"4":{"name":"(anonymous_4)","decl":{"start":{"line":48,"column":24},"end":{"line":48,"column":25}},"loc":{"start":{"line":48,"column":43},"end":{"line":53,"column":1}},"line":48},"5":{"name":"(anonymous_5)","decl":{"start":{"line":55,"column":27},"end":{"line":55,"column":28}},"loc":{"start":{"line":55,"column":41},"end":{"line":57,"column":1}},"line":55}},"branchMap":{"0":{"loc":{"start":{"line":14,"column":4},"end":{"line":18,"column":5}},"type":"if","locations":[{"start":{"line":14,"column":4},"end":{"line":18,"column":5}},{"start":{"line":16,"column":11},"end":{"line":18,"column":5}}],"line":14},"1":{"loc":{"start":{"line":22,"column":4},"end":{"line":26,"column":5}},"type":"if","locations":[{"start":{"line":22,"column":4},"end":{"line":26,"column":5}},{"start":{"line":24,"column":11},"end":{"line":26,"column":5}}],"line":22},"2":{"loc":{"start":{"line":24,"column":11},"end":{"line":26,"column":5}},"type":"if","locations":[{"start":{"line":24,"column":11},"end":{"line":26,"column":5}},{"start":{},"end":{}}],"line":24},"3":{"loc":{"start":{"line":24,"column":15},"end":{"line":24,"column":69}},"type":"binary-expr","locations":[{"start":{"line":24,"column":15},"end":{"line":24,"column":39}},{"start":{"line":24,"column":43},"end":{"line":24,"column":69}}],"line":24},"4":{"loc":{"start":{"line":34,"column":9},"end":{"line":42,"column":9}},"type":"binary-expr","locations":[{"start":{"line":34,"column":9},"end":{"line":34,"column":28}},{"start":{"line":35,"column":10},"end":{"line":41,"column":12}}],"line":34}},"s":{"0":0,"1":0,"2":0,"3":0,"4":0,"5":0,"6":0,"7":0,"8":0,"9":0,"10":0,"11":0,"12":0,"13":0,"14":0},"f":{"0":0,"1":0,"2":0,"3":0,"4":0,"5":0},"b":{"0":[0,0],"1":[0,0],"2":[0,0],"3":[0,0],"4":[0,0]}}
,"/home/paul-sandjong/openimis/openimis-fe-insuree_js/src/components/FamilyFilter.js": {"path":"/home/paul-sandjong/openimis/openimis-fe-insuree_js/src/components/FamilyFilter.js","statementMap":{"0":{"start":{"line":18,"column":15},"end":{"line":28,"column":2}},"1":{"start":{"line":18,"column":27},"end":{"line":28,"column":1}},"2":{"start":{"line":31,"column":10},"end":{"line":33,"column":3}},"3":{"start":{"line":36,"column":4},"end":{"line":36,"column":17}},"4":{"start":{"line":37,"column":4},"end":{"line":37,"column":111}},"5":{"start":{"line":38,"column":4},"end":{"line":42,"column":6}},"6":{"start":{"line":45,"column":29},"end":{"line":48,"column":3}},"7":{"start":{"line":50,"column":17},"end":{"line":53,"column":3}},"8":{"start":{"line":51,"column":24},"end":{"line":51,"column":34}},"9":{"start":{"line":52,"column":4},"end":{"line":52,"column":63}},"10":{"start":{"line":55,"column":26},"end":{"line":58,"column":3}},"11":{"start":{"line":56,"column":24},"end":{"line":56,"column":34}},"12":{"start":{"line":57,"column":4},"end":{"line":57,"column":61}},"13":{"start":{"line":60,"column":22},"end":{"line":69,"column":3}},"14":{"start":{"line":61,"column":18},"end":{"line":67,"column":5}},"15":{"start":{"line":68,"column":4},"end":{"line":68,"column":40}},"16":{"start":{"line":71,"column":24},"end":{"line":95,"column":3}},"17":{"start":{"line":72,"column":4},"end":{"line":94,"column":6}},"18":{"start":{"line":83,"column":14},"end":{"line":89,"column":16}},"19":{"start":{"line":97,"column":25},"end":{"line":121,"column":3}},"20":{"start":{"line":98,"column":4},"end":{"line":120,"column":6}},"21":{"start":{"line":109,"column":14},"end":{"line":115,"column":16}},"22":{"start":{"line":123,"column":17},"end":{"line":276,"column":3}},"23":{"start":{"line":124,"column":41},"end":{"line":124,"column":51}},"24":{"start":{"line":125,"column":4},"end":{"line":275,"column":6}},"25":{"start":{"line":138,"column":18},"end":{"line":144,"column":20}},"26":{"start":{"line":172,"column":18},"end":{"line":178,"column":20}},"27":{"start":{"line":195,"column":18},"end":{"line":201,"column":20}},"28":{"start":{"line":218,"column":18},"end":{"line":224,"column":20}},"29":{"start":{"line":243,"column":22},"end":{"line":249,"column":24}},"30":{"start":{"line":260,"column":22},"end":{"line":266,"column":24}},"31":{"start":{"line":278,"column":30},"end":{"line":306,"column":3}},"32":{"start":{"line":279,"column":32},"end":{"line":279,"column":42}},"33":{"start":{"line":281,"column":18},"end":{"line":281,"column":53}},"34":{"start":{"line":282,"column":4},"end":{"line":284,"column":5}},"35":{"start":{"line":283,"column":6},"end":{"line":283,"column":37}},"36":{"start":{"line":286,"column":4},"end":{"line":295,"column":7}},"37":{"start":{"line":287,"column":6},"end":{"line":294,"column":7}},"38":{"start":{"line":288,"column":8},"end":{"line":288,"column":60}},"39":{"start":{"line":290,"column":8},"end":{"line":292,"column":9}},"40":{"start":{"line":291,"column":10},"end":{"line":291,"column":49}},"41":{"start":{"line":293,"column":8},"end":{"line":293,"column":62}},"42":{"start":{"line":296,"column":24},"end":{"line":296,"column":118}},"43":{"start":{"line":297,"column":4},"end":{"line":297,"column":57}},"44":{"start":{"line":299,"column":4},"end":{"line":305,"column":7}},"45":{"start":{"line":308,"column":21},"end":{"line":308,"column":59}},"46":{"start":{"line":308,"column":27},"end":{"line":308,"column":59}},"47":{"start":{"line":309,"column":23},"end":{"line":309,"column":57}},"48":{"start":{"line":309,"column":29},"end":{"line":309,"column":57}},"49":{"start":{"line":312,"column":84},"end":{"line":312,"column":94}},"50":{"start":{"line":313,"column":4},"end":{"line":424,"column":6}},"51":{"start":{"line":341,"column":18},"end":{"line":347,"column":20}},"52":{"start":{"line":364,"column":18},"end":{"line":370,"column":20}},"53":{"start":{"line":386,"column":18},"end":{"line":392,"column":20}},"54":{"start":{"line":415,"column":41},"end":{"line":415,"column":100}}},"fnMap":{"0":{"name":"(anonymous_0)","decl":{"start":{"line":18,"column":15},"end":{"line":18,"column":16}},"loc":{"start":{"line":18,"column":27},"end":{"line":28,"column":1}},"line":18},"1":{"name":"(anonymous_1)","decl":{"start":{"line":35,"column":2},"end":{"line":35,"column":3}},"loc":{"start":{"line":35,"column":21},"end":{"line":43,"column":3}},"line":35},"2":{"name":"(anonymous_2)","decl":{"start":{"line":50,"column":17},"end":{"line":50,"column":18}},"loc":{"start":{"line":50,"column":24},"end":{"line":53,"column":3}},"line":50},"3":{"name":"(anonymous_3)","decl":{"start":{"line":55,"column":26},"end":{"line":55,"column":27}},"loc":{"start":{"line":55,"column":33},"end":{"line":58,"column":3}},"line":55},"4":{"name":"(anonymous_4)","decl":{"start":{"line":60,"column":22},"end":{"line":60,"column":23}},"loc":{"start":{"line":60,"column":38},"end":{"line":69,"column":3}},"line":60},"5":{"name":"(anonymous_5)","decl":{"start":{"line":71,"column":24},"end":{"line":71,"column":25}},"loc":{"start":{"line":72,"column":4},"end":{"line":94,"column":6}},"line":72},"6":{"name":"(anonymous_6)","decl":{"start":{"line":82,"column":22},"end":{"line":82,"column":23}},"loc":{"start":{"line":83,"column":14},"end":{"line":89,"column":16}},"line":83},"7":{"name":"(anonymous_7)","decl":{"start":{"line":97,"column":25},"end":{"line":97,"column":26}},"loc":{"start":{"line":98,"column":4},"end":{"line":120,"column":6}},"line":98},"8":{"name":"(anonymous_8)","decl":{"start":{"line":108,"column":22},"end":{"line":108,"column":23}},"loc":{"start":{"line":109,"column":14},"end":{"line":115,"column":16}},"line":109},"9":{"name":"(anonymous_9)","decl":{"start":{"line":123,"column":17},"end":{"line":123,"column":18}},"loc":{"start":{"line":123,"column":29},"end":{"line":276,"column":3}},"line":123},"10":{"name":"(anonymous_10)","decl":{"start":{"line":137,"column":26},"end":{"line":137,"column":27}},"loc":{"start":{"line":138,"column":18},"end":{"line":144,"column":20}},"line":138},"11":{"name":"(anonymous_11)","decl":{"start":{"line":171,"column":26},"end":{"line":171,"column":27}},"loc":{"start":{"line":172,"column":18},"end":{"line":178,"column":20}},"line":172},"12":{"name":"(anonymous_12)","decl":{"start":{"line":194,"column":26},"end":{"line":194,"column":27}},"loc":{"start":{"line":195,"column":18},"end":{"line":201,"column":20}},"line":195},"13":{"name":"(anonymous_13)","decl":{"start":{"line":217,"column":26},"end":{"line":217,"column":27}},"loc":{"start":{"line":218,"column":18},"end":{"line":224,"column":20}},"line":218},"14":{"name":"(anonymous_14)","decl":{"start":{"line":242,"column":30},"end":{"line":242,"column":31}},"loc":{"start":{"line":243,"column":22},"end":{"line":249,"column":24}},"line":243},"15":{"name":"(anonymous_15)","decl":{"start":{"line":259,"column":30},"end":{"line":259,"column":31}},"loc":{"start":{"line":260,"column":22},"end":{"line":266,"column":24}},"line":260},"16":{"name":"(anonymous_16)","decl":{"start":{"line":278,"column":30},"end":{"line":278,"column":31}},"loc":{"start":{"line":278,"column":49},"end":{"line":306,"column":3}},"line":278},"17":{"name":"(anonymous_17)","decl":{"start":{"line":286,"column":18},"end":{"line":286,"column":19}},"loc":{"start":{"line":286,"column":30},"end":{"line":295,"column":5}},"line":286},"18":{"name":"(anonymous_18)","decl":{"start":{"line":308,"column":21},"end":{"line":308,"column":22}},"loc":{"start":{"line":308,"column":27},"end":{"line":308,"column":59}},"line":308},"19":{"name":"(anonymous_19)","decl":{"start":{"line":309,"column":23},"end":{"line":309,"column":24}},"loc":{"start":{"line":309,"column":29},"end":{"line":309,"column":57}},"line":309},"20":{"name":"(anonymous_20)","decl":{"start":{"line":311,"column":2},"end":{"line":311,"column":3}},"loc":{"start":{"line":311,"column":11},"end":{"line":425,"column":3}},"line":311},"21":{"name":"(anonymous_21)","decl":{"start":{"line":340,"column":26},"end":{"line":340,"column":27}},"loc":{"start":{"line":341,"column":18},"end":{"line":347,"column":20}},"line":341},"22":{"name":"(anonymous_22)","decl":{"start":{"line":363,"column":26},"end":{"line":363,"column":27}},"loc":{"start":{"line":364,"column":18},"end":{"line":370,"column":20}},"line":364},"23":{"name":"(anonymous_23)","decl":{"start":{"line":385,"column":26},"end":{"line":385,"column":27}},"loc":{"start":{"line":386,"column":18},"end":{"line":392,"column":20}},"line":386},"24":{"name":"(anonymous_24)","decl":{"start":{"line":415,"column":30},"end":{"line":415,"column":31}},"loc":{"start":{"line":415,"column":41},"end":{"line":415,"column":100}},"line":415}},"branchMap":{"0":{"loc":{"start":{"line":52,"column":11},"end":{"line":52,"column":62}},"type":"cond-expr","locations":[{"start":{"line":52,"column":39},"end":{"line":52,"column":55}},{"start":{"line":52,"column":58},"end":{"line":52,"column":62}}],"line":52},"1":{"loc":{"start":{"line":52,"column":11},"end":{"line":52,"column":36}},"type":"binary-expr","locations":[{"start":{"line":52,"column":11},"end":{"line":52,"column":20}},{"start":{"line":52,"column":24},"end":{"line":52,"column":36}}],"line":52},"2":{"loc":{"start":{"line":57,"column":11},"end":{"line":57,"column":60}},"type":"cond-expr","locations":[{"start":{"line":57,"column":39},"end":{"line":57,"column":55}},{"start":{"line":57,"column":58},"end":{"line":57,"column":60}}],"line":57},"3":{"loc":{"start":{"line":57,"column":11},"end":{"line":57,"column":36}},"type":"binary-expr","locations":[{"start":{"line":57,"column":11},"end":{"line":57,"column":20}},{"start":{"line":57,"column":24},"end":{"line":57,"column":36}}],"line":57},"4":{"loc":{"start":{"line":87,"column":26},"end":{"line":87,"column":77}},"type":"cond-expr","locations":[{"start":{"line":87,"column":32},"end":{"line":87,"column":70}},{"start":{"line":87,"column":73},"end":{"line":87,"column":77}}],"line":87},"5":{"loc":{"start":{"line":113,"column":26},"end":{"line":113,"column":79}},"type":"cond-expr","locations":[{"start":{"line":113,"column":32},"end":{"line":113,"column":72}},{"start":{"line":113,"column":75},"end":{"line":113,"column":79}}],"line":113},"6":{"loc":{"start":{"line":142,"column":30},"end":{"line":142,"column":80}},"type":"cond-expr","locations":[{"start":{"line":142,"column":36},"end":{"line":142,"column":73}},{"start":{"line":142,"column":76},"end":{"line":142,"column":80}}],"line":142},"7":{"loc":{"start":{"line":150,"column":9},"end":{"line":160,"column":9}},"type":"cond-expr","locations":[{"start":{"line":151,"column":10},"end":{"line":154,"column":13}},{"start":{"line":156,"column":10},"end":{"line":159,"column":13}}],"line":150},"8":{"loc":{"start":{"line":176,"column":30},"end":{"line":176,"column":74}},"type":"cond-expr","locations":[{"start":{"line":176,"column":36},"end":{"line":176,"column":67}},{"start":{"line":176,"column":70},"end":{"line":176,"column":74}}],"line":176},"9":{"loc":{"start":{"line":199,"column":30},"end":{"line":199,"column":78}},"type":"cond-expr","locations":[{"start":{"line":199,"column":36},"end":{"line":199,"column":71}},{"start":{"line":199,"column":74},"end":{"line":199,"column":78}}],"line":199},"10":{"loc":{"start":{"line":222,"column":30},"end":{"line":222,"column":78}},"type":"cond-expr","locations":[{"start":{"line":222,"column":36},"end":{"line":222,"column":71}},{"start":{"line":222,"column":74},"end":{"line":222,"column":78}}],"line":222},"11":{"loc":{"start":{"line":247,"column":34},"end":{"line":247,"column":74}},"type":"cond-expr","locations":[{"start":{"line":247,"column":40},"end":{"line":247,"column":67}},{"start":{"line":247,"column":70},"end":{"line":247,"column":74}}],"line":247},"12":{"loc":{"start":{"line":264,"column":34},"end":{"line":264,"column":74}},"type":"cond-expr","locations":[{"start":{"line":264,"column":40},"end":{"line":264,"column":67}},{"start":{"line":264,"column":70},"end":{"line":264,"column":74}}],"line":264},"13":{"loc":{"start":{"line":282,"column":4},"end":{"line":284,"column":5}},"type":"if","locations":[{"start":{"line":282,"column":4},"end":{"line":284,"column":5}},{"start":{},"end":{}}],"line":282},"14":{"loc":{"start":{"line":287,"column":6},"end":{"line":294,"column":7}},"type":"if","locations":[{"start":{"line":287,"column":6},"end":{"line":294,"column":7}},{"start":{"line":289,"column":13},"end":{"line":294,"column":7}}],"line":287},"15":{"loc":{"start":{"line":287,"column":10},"end":{"line":287,"column":70}},"type":"binary-expr","locations":[{"start":{"line":287,"column":10},"end":{"line":287,"column":31}},{"start":{"line":287,"column":35},"end":{"line":287,"column":70}}],"line":287},"16":{"loc":{"start":{"line":290,"column":8},"end":{"line":292,"column":9}},"type":"if","locations":[{"start":{"line":290,"column":8},"end":{"line":292,"column":9}},{"start":{},"end":{}}],"line":290},"17":{"loc":{"start":{"line":296,"column":24},"end":{"line":296,"column":118}},"type":"cond-expr","locations":[{"start":{"line":296,"column":70},"end":{"line":296,"column":111}},{"start":{"line":296,"column":114},"end":{"line":296,"column":118}}],"line":296},"18":{"loc":{"start":{"line":331,"column":9},"end":{"line":331,"column":66}},"type":"binary-expr","locations":[{"start":{"line":331,"column":9},"end":{"line":331,"column":37}},{"start":{"line":331,"column":41},"end":{"line":331,"column":66}}],"line":331},"19":{"loc":{"start":{"line":345,"column":30},"end":{"line":345,"column":76}},"type":"cond-expr","locations":[{"start":{"line":345,"column":43},"end":{"line":345,"column":47}},{"start":{"line":345,"column":50},"end":{"line":345,"column":76}}],"line":345},"20":{"loc":{"start":{"line":390,"column":30},"end":{"line":390,"column":72}},"type":"cond-expr","locations":[{"start":{"line":390,"column":43},"end":{"line":390,"column":47}},{"start":{"line":390,"column":50},"end":{"line":390,"column":72}}],"line":390},"21":{"loc":{"start":{"line":398,"column":9},"end":{"line":404,"column":9}},"type":"binary-expr","locations":[{"start":{"line":398,"column":9},"end":{"line":398,"column":37}},{"start":{"line":399,"column":10},"end":{"line":403,"column":12}}],"line":398}},"s":{"0":0,"1":0,"2":0,"3":0,"4":0,"5":0,"6":0,"7":0,"8":0,"9":0,"10":0,"11":0,"12":0,"13":0,"14":0,"15":0,"16":0,"17":0,"18":0,"19":0,"20":0,"21":0,"22":0,"23":0,"24":0,"25":0,"26":0,"27":0,"28":0,"29":0,"30":0,"31":0,"32":0,"33":0,"34":0,"35":0,"36":0,"37":0,"38":0,"39":0,"40":0,"41":0,"42":0,"43":0,"44":0,"45":0,"46":0,"47":0,"48":0,"49":0,"50":0,"51":0,"52":0,"53":0,"54":0},"f":{"0":0,"1":0,"2":0,"3":0,"4":0,"5":0,"6":0,"7":0,"8":0,"9":0,"10":0,"11":0,"12":0,"13":0,"14":0,"15":0,"16":0,"17":0,"18":0,"19":0,"20":0,"21":0,"22":0,"23":0,"24":0},"b":{"0":[0,0],"1":[0,0],"2":[0,0],"3":[0,0],"4":[0,0],"5":[0,0],"6":[0,0],"7":[0,0],"8":[0,0],"9":[0,0],"10":[0,0],"11":[0,0],"12":[0,0],"13":[0,0],"14":[0,0],"15":[0,0],"16":[0,0],"17":[0,0],"18":[0,0],"19":[0
[...]
{"line":17,"column":4},"end":{"line":23,"column":5}},"3":{"start":{"line":20,"column":6},"end":{"line":22,"column":42}},"4":{"start":{"line":21,"column":8},"end":{"line":21,"column":108}},"5":{"start":{"line":26,"column":16},"end":{"line":26,"column":98}},"6":{"start":{"line":28,"column":21},"end":{"line":28,"column":118}},"7":{"start":{"line":28,"column":29},"end":{"line":28,"column":117}},"8":{"start":{"line":30,"column":25},"end":{"line":30,"column":80}},"9":{"start":{"line":30,"column":32},"end":{"line":30,"column":80}},"10":{"start":{"line":46,"column":8},"end":{"line":46,"column":18}},"11":{"start":{"line":47,"column":4},"end":{"line":65,"column":6}},"12":{"start":{"line":69,"column":24},"end":{"line":73,"column":2}},"13":{"start":{"line":69,"column":36},"end":{"line":73,"column":1}},"14":{"start":{"line":75,"column":27},"end":{"line":77,"column":1}},"15":{"start":{"line":76,"column":2},"end":{"line":76,"column":58}}},"fnMap":{"0":{"name":"(anonymous_0)","decl":{"start":{"line":11,"column":2},"end":{"line":11,"column":3}},"loc":{"start":{"line":11,"column":21},"end":{"line":14,"column":3}},"line":11},"1":{"name":"(anonymous_1)","decl":{"start":{"line":16,"column":2},"end":{"line":16,"column":3}},"loc":{"start":{"line":16,"column":22},"end":{"line":24,"column":3}},"line":16},"2":{"name":"(anonymous_2)","decl":{"start":{"line":20,"column":17},"end":{"line":20,"column":18}},"loc":{"start":{"line":20,"column":23},"end":{"line":22,"column":7}},"line":20},"3":{"name":"(anonymous_3)","decl":{"start":{"line":28,"column":21},"end":{"line":28,"column":22}},"loc":{"start":{"line":28,"column":29},"end":{"line":28,"column":117}},"line":28},"4":{"name":"(anonymous_4)","decl":{"start":{"line":30,"column":25},"end":{"line":30,"column":26}},"loc":{"start":{"line":30,"column":32},"end":{"line":30,"column":80}},"line":30},"5":{"name":"(anonymous_5)","decl":{"start":{"line":32,"column":2},"end":{"line":32,"column":3}},"loc":{"start":{"line":32,"column":11},"end":{"line":66,"column":3}},"line":32},"6":{"name":"(anonymous_6)","decl":{"start":{"line":69,"column":24},"end":{"line":69,"column":25}},"loc":{"start":{"line":69,"column":36},"end":{"line":73,"column":1}},"line":69},"7":{"name":"(anonymous_7)","decl":{"start":{"line":75,"column":27},"end":{"line":75,"column":28}},"loc":{"start":{"line":75,"column":41},"end":{"line":77,"column":1}},"line":75}},"branchMap":{"0":{"loc":{"start":{"line":17,"column":4},"end":{"line":23,"column":5}},"type":"if","locations":[{"start":{"line":17,"column":4},"end":{"line":23,"column":5}},{"start":{},"end":{}}],"line":17},"1":{"loc":{"start":{"line":21,"column":8},"end":{"line":21,"column":107}},"type":"binary-expr","locations":[{"start":{"line":21,"column":8},"end":{"line":21,"column":28}},{"start":{"line":21,"column":32},"end":{"line":21,"column":51}},{"start":{"line":21,"column":55},"end":{"line":21,"column":107}}],"line":21},"2":{"loc":{"start":{"line":26,"column":16},"end":{"line":26,"column":98}},"type":"binary-expr","locations":[{"start":{"line":26,"column":16},"end":{"line":26,"column":36}},{"start":{"line":26,"column":40},"end":{"line":26,"column":98}}],"line":26},"3":{"loc":{"start":{"line":28,"column":29},"end":{"line":28,"column":117}},"type":"cond-expr","locations":[{"start":{"line":28,"column":35},"end":{"line":28,"column":98}},{"start":{"line":28,"column":101},"end":{"line":28,"column":117}}],"line":28},"4":{"loc":{"start":{"line":36,"column":6},"end":{"line":36,"column":22}},"type":"default-arg","locations":[{"start":{"line":36,"column":18},"end":{"line":36,"column":22}}],"line":36},"5":{"loc":{"start":{"line":38,"column":6},"end":{"line":38,"column":29}},"type":"default-arg","locations":[{"start":{"line":38,"column":24},"end":{"line":38,"column":29}}],"line":38},"6":{"loc":{"start":{"line":42,"column":6},"end":{"line":42,"column":22}},"type":"default-arg","locations":[{"start":{"line":42,"column":17},"end":{"line":42,"column":22}}],"line":42},"7":{"loc":{"start":{"line":43,"column":6},"end":{"line":43,"column":22}},"type":"default-arg","locations":[{"start":{"line":43,"column":17},"end":{"line":43,"column":22}}],"line":43},"8":{"loc":{"start":{"line":44,"column":6},"end":{"line":44,"column":22}},"type":"default-arg","locations":[{"start":{"line":44,"column":17},"end":{"line":44,"column":22}}],"line":44},"9":{"loc":{"start":{"line":45,"column":6},"end":{"line":45,"column":22}},"type":"default-arg","locations":[{"start":{"line":45,"column":18},"end":{"line":45,"column":22}}],"line":45},"10":{"loc":{"start":{"line":51,"column":15},"end":{"line":51,"column":95}},"type":"binary-expr","locations":[{"start":{"line":51,"column":15},"end":{"line":51,"column":26}},{"start":{"line":51,"column":31},"end":{"line":51,"column":36}},{"start":{"line":51,"column":40},"end":{"line":51,"column":94}}],"line":51},"11":{"loc":{"start":{"line":53,"column":10},"end":{"line":53,"column":111}},"type":"cond-expr","locations":[{"start":{"line":53,"column":30},"end":{"line":53,"column":104}},{"start":{"line":53,"column":107},"end":{"line":53,"column":111}}],"line":53},"12":{"loc":{"start":{"line":53,"column":30},"end":{"line":53,"column":104}},"type":"binary-expr","locations":[{"start":{"line":53,"column":30},"end":{"line":53,"column":41}},{"start":{"line":53,"column":45},"end":{"line":53,"column":104}}],"line":53}},"s":{"0":0,"1":0,"2":0,"3":0,"4":0,"5":0,"6":0,"7":0,"8":0,"9":0,"10":0,"11":0,"12":0,"13":0,"14":0,"15":0},"f":{"0":0,"1":0,"2":0,"3":0,"4":0,"5":0,"6":0,"7":0},"b":{"0":[0,0],"1":[0,0,0],"2":[0,0],"3":[0,0],"4":[0],"5":[0],"6":[0],"7":[0],"8":[0],"9":[0],"10":[0,0,0],"11":[0,0],"12":[0,0]}}
,"/home/paul-sandjong/openimis/openimis-fe-insuree_js/src/reports/EnrolledFamiliesReport.js": {"path":"/home/paul-sandjong/openimis/openimis-fe-insuree_js/src/reports/EnrolledFamiliesReport.js","statementMap":{"0":{"start":{"line":5,"column":31},"end":{"line":46,"column":1}},"1":{"start":{"line":6,"column":32},"end":{"line":6,"column":37}},"2":{"start":{"line":8,"column":2},"end":{"line":45,"column":4}},"3":{"start":{"line":14,"column":12},"end":{"line":17,"column":14}},"4":{"start":{"line":31,"column":34},"end":{"line":31,"column":68}},"5":{"start":{"line":41,"column":32},"end":{"line":41,"column":64}}},"fnMap":{"0":{"name":"(anonymous_0)","decl":{"start":{"line":5,"column":31},"end":{"line":5,"column":32}},"loc":{"start":{"line":5,"column":42},"end":{"line":46,"column":1}},"line":5},"1":{"name":"(anonymous_1)","decl":{"start":{"line":13,"column":20},"end":{"line":13,"column":21}},"loc":{"start":{"line":14,"column":12},"end":{"line":17,"column":14}},"line":14},"2":{"name":"(anonymous_2)","decl":{"start":{"line":31,"column":20},"end":{"line":31,"column":21}},"loc":{"start":{"line":31,"column":34},"end":{"line":31,"column":68}},"line":31},"3":{"name":"(anonymous_3)","decl":{"start":{"line":41,"column":20},"end":{"line":41,"column":21}},"loc":{"start":{"line":41,"column":32},"end":{"line":41,"column":64}},"line":41}},"branchMap":{},"s":{"0":0,"1":0,"2":0,"3":0,"4":0,"5":0},"f":{"0":0,"1":0,"2":0,"3":0},"b":{}}
,"/home/paul-sandjong/openimis/openimis-fe-insuree_js/src/reports/InsureeFamilyOverviewReport.js": {"path":"/home/paul-sandjong/openimis/openimis-fe-insuree_js/src/reports/InsureeFamilyOverviewReport.js","statementMap":{"0":{"start":{"line":5,"column":36},"end":{"line":32,"column":1}},"1":{"start":{"line":6,"column":32},"end":{"line":6,"column":37}},"2":{"start":{"line":8,"column":2},"end":{"line":31,"column":4}},"3":{"start":{"line":17,"column":34},"end":{"line":17,"column":68}},"4":{"start":{"line":27,"column":32},"end":{"line":27,"column":64}}},"fnMap":{"0":{"name":"(anonymous_0)","decl":{"start":{"line":5,"column":36},"end":{"line":5,"column":37}},"loc":{"start":{"line":5,"column":47},"end":{"line":32,"column":1}},"line":5},"1":{"name":"(anonymous_1)","decl":{"start":{"line":17,"column":20},"end":{"line":17,"column":21}},"loc":{"start":{"line":17,"column":34},"end":{"line":17,"column":68}},"line":17},"2":{"name":"(anonymous_2)","decl":{"start":{"line":27,"column":20},"end":{"line":27,"column":21}},"loc":{"start":{"line":27,"column":32},"end":{"line":27,"column":64}},"line":27}},"branchMap":{},"s":{"0":0,"1":0,"2":0,"3":0,"4":0},"f":{"0":0,"1":0,"2":0},"b":{}}
,"/home/paul-sandjong/openimis/openimis-fe-insuree_js/src/reports/InsureeMissingPhotoReport.js": {"path":"/home/paul-sandjong/openimis/openimis-fe-insuree_js/src/reports/InsureeMissingPhotoReport.js","statementMap":{"0":{"start":{"line":5,"column":34},"end":{"line":36,"column":1}},"1":{"start":{"line":6,"column":32},"end":{"line":6,"column":37}},"2":{"start":{"line":7,"column":25},"end":{"line":7,"column":44}},"3":{"start":{"line":8,"column":28},"end":{"line":8,"column":70}},"4":{"start":{"line":10,"column":2},"end":{"line":35,"column":4}},"5":{"start":{"line":18,"column":33},"end":{"line":18,"column":66}},"6":{"start":{"line":25,"column":12},"end":{"line":28,"column":14}}},"fnMap":{"0":{"name":"(anonymous_0)","decl":{"start":{"line":5,"column":34},"end":{"line":5,"column":35}},"loc":{"start":{"line":5,"column":45},"end":{"line":36,"column":1}},"line":5},"1":{"name":"(anonymous_1)","decl":{"start":{"line":18,"column":20},"end":{"line":18,"column":21}},"loc":{"start":{"line":18,"column":33},"end":{"line":18,"column":66}},"line":18},"2":{"name":"(anonymous_2)","decl":{"start":{"line":24,"column":20},"end":{"line":24,"column":21}},"loc":{"start":{"line":25,"column":12},"end":{"line":28,"column":14}},"line":25}},"branchMap":{},"s":{"0":0,"1":0,"2":0,"3":0,"4":0,"5":0,"6":0},"f":{"0":0,"1":0,"2":0},"b":{}}
,"/home/paul-sandjong/openimis/openimis-fe-insuree_js/src/reports/InsureePendingEnrollmentReport.js": {"path":"/home/paul-sandjong/openimis/openimis-fe-insuree_js/src/reports/InsureePendingEnrollmentReport.js","statementMap":{"0":{"start":{"line":5,"column":39},"end":{"line":58,"column":1}},"1":{"start":{"line":6,"column":32},"end":{"line":6,"column":37}},"2":{"start":{"line":7,"column":25},"end":{"line":7,"column":44}},"3":{"start":{"line":8,"column":28},"end":{"line":8,"column":70}},"4":{"start":{"line":10,"column":2},"end":{"line":57,"column":4}},"5":{"start":{"line":19,"column":34},"end":{"line":19,"column":68}},"6":{"start":{"line":29,"column":32},"end":{"line":29,"column":64}},"7":{"start":{"line":39,"column":33},"end":{"line":39,"column":66}},"8":{"start":{"line":46,"column":12},"end":{"line":49,"column":14}}},"fnMap":{"0":{"name":"(anonymous_0)","decl":{"start":{"line":5,"column":39},"end":{"line":5,"column":40}},"loc":{"start":{"line":5,"column":50},"end":{"line":58,"column":1}},"line":5},"1":{"name":"(anonymous_1)","decl":{"start":{"line":19,"column":20},"end":{"line":19,"column":21}},"loc":{"start":{"line":19,"column":34},"end":{"line":19,"column":68}},"line":19},"2":{"name":"(anonymous_2)","decl":{"start":{"line":29,"column":20},"end":{"line":29,"column":21}},"loc":{"start":{"line":29,"column":32},"end":{"line":29,"column":64}},"line":29},"3":{"name":"(anonymous_3)","decl":{"start":{"line":39,"column":20},"end":{"line":39,"column":21}},"loc":{"start":{"line":39,"column":33},"end":{"line":39,"column":66}},"line":39},"4":{"name":"(anonymous_4)","decl":{"start":{"line":45,"column":20},"end":{"line":45,"column":21}},"loc":{"start":{"line":46,"column":12},"end":{"line":49,"column":14}},"line":46}},"branchMap":{},"s":{"0":0,"1":0,"2":0,"3":0,"4":0,"5":0,"6":0,"7":0,"8":0},"f":{"0":0,"1":0,"2":0,"3":0,"4":0},"b":{}}
,"/home/paul-sandjong/openimis/openimis-fe-insuree_js/src/utils/utils.js": {"path":"/home/paul-sandjong/openimis/openimis-fe-insuree_js/src/utils/utils.js","statementMap":{"0":{"start":{"line":5,"column":2},"end":{"line":5,"column":26}},"1":{"start":{"line":5,"column":16},"end":{"line":5,"column":26}},"2":{"start":{"line":6,"column":2},"end":{"line":8,"column":5}},"3":{"start":{"line":12,"column":2},"end":{"line":12,"column":82}},"4":{"start":{"line":15,"column":30},"end":{"line":43,"column":1}},"5":{"start":{"line":16,"column":45},"end":{"line":20,"column":3}},"6":{"start":{"line":22,"column":33},"end":{"line":26,"column":3}},"7":{"start":{"line":28,"column":34},"end":{"line":28,"column":116}},"8":{"start":{"line":30,"column":2},"end":{"line":30,"column":82}},"9":{"start":{"line":30,"column":69},"end":{"line":30,"column":82}},"10":{"start":{"line":31,"column":2},"end":{"line":31,"column":39}},"11":{"start":{"line":31,"column":26},"end":{"line":31,"column":39}},"12":{"start":{"line":32,"column":2},"end":{"line":32,"column":35}},"13":{"start":{"line":32,"column":22},"end":{"line":32,"column":35}},"14":{"start":{"line":33,"column":2},"end":{"line":33,"column":38}},"15":{"start":{"line":33,"column":25},"end":{"line":33,"column":38}},"16":{"start":{"line":34,"column":2},"end":{"line":34,"column":40}},"17":{"start":{"line":34,"column":27},"end":{"line":34,"column":40}},"18":{"start":{"line":35,"column":2},"end":{"line":35,"column":33}},"19":{"start":{"line":35,"column":20},"end":{"line":35,"column":33}},"20":{"start":{"line":36,"column":2},"end":{"line":36,"column":61}},"21":{"start":{"line":36,"column":48},"end":{"line":36,"column":61}},"22":{"start":{"line":37,"column":2},"end":{"line":37,"column":89}},"23":{"start":{"line":37,"column":76},"end":{"line":37,"column":89}},"24":{"start":{"line":38,"column":2},"end":{"line":38,"column":63}},"25":{"start":{"line":38,"column":50},"end":{"line":38,"column":63}},"26":{"start":{"line":39,"column":2},"end":{"line":39,"column":61}},"27":{"start":{"line":39,"column":48},"end":{"line":39,"column":61}},"28":{"start":{"line":40,"column":2},"end":{"line":40,"column":131}},"29":{"start":{"line":40,"column":118},"end":{"line":40,"column":131}},"30":{"start":{"line":42,"column":2},"end":{"line":42,"column":14}},"31":{"start":{"line":45,"column":36},"end":{"line":56,"column":1}},"32":{"start":{"line":46,"column":32},"end":{"line":46,"column":38}},"33":{"start":{"line":47,"column":2},"end":{"line":55,"column":16}}},"fnMap":{"0":{"name":"insureeLabel","decl":{"start":{"line":4,"column":16},"end":{"line":4,"column":28}},"loc":{"start":{"line":4,"column":38},"end":{"line":9,"column":1}},"line":4},"1":{"name":"familyLabel","decl":{"start":{"line":11,"column":16},"end":{"line":11,"column":27}},"loc":{"start":{"line":11,"column":36},"end":{"line":13,"column":1}},"line":11},"2":{"name":"(anonymous_2)","decl":{"start":{"line":15,"column":30},"end":{"line":15,"column":31}},"loc":{"start":{"line":15,"column":59},"end":{"line":43,"column":1}},"line":15},"3":{"name":"(anonymous_3)","decl":{"start":{"line":45,"column":36},"end":{"line":45,"column":37}},"loc":{"start":{"line":45,"column":48},"end":{"line":56,"column":1}},"line":45}},"branchMap":{"0":{"loc":{"start":{"line":5,"column":2},"end":{"line":5,"column":26}},"type":"if","locations":[{"start":{"line":5,"column":2},"end":{"line":5,"column":26}},{"start":{},"end":{}}],"line":5},"1":{"loc":{"start":{"line":7,"column":4},"end":{"line":7,"column":48}},"type":"cond-expr","locations":[{"start":{"line":7,"column":22},"end":{"line":7,"column":43}},{"start":{"line":7,"column":46},"end":{"line":7,"column":48}}],"line":7},"2":{"loc":{"start":{"line":12,"column":9},"end":{"line":12,"column":81}},"type":"cond-expr","locations":[{"start":{"line":12,"column":44},"end":{"line":12,"column":76}},{"start":{"line":12,"column":79},"end":{"line":12,"column":81}}],"line":12},"3":{"loc":{"start":{"line":12,"column":9},"end":{"line":12,"column":41}},"type":"binary-expr","locations":[{"start":{"line":12,"column":9},"end":{"line":12,"column":17}},{"start":{"line":12,"column":21},"end":{"line":12,"column":41}}],"line":12},"4":{"loc":{"start":{"line":30,"column":2},"end":{"line":30,"column":82}},"type":"if","locations":[{"start":{"line":30,"column":2},"end":{"line":30,"column":82}},{"start":{},"end":{}}],"line":30},"5":{"loc":{"start":{"line":30,"column":6},"end":{"line":30,"column":67}},"type":"binary-expr","locations":[{"start":{"line":30,"column":6},"end":{"line":30,"column":40}},{"start":{"line":30,"column":44},"end":{"line":30,"column":67}}],"line":30},"6":{"loc":{"start":{"line":31,"column":2},"end":{"line":31,"column":39}},"type":"if","locations":[{"start":{"line":31,"column":2},"end":{"line":31,"column":39}},{"start":{},"end":{}}],"line":31},"7":{"loc":{"start":{"line":32,"column":2},"end":{"line":32,"column":35}},"type":"if","locations":[{"start":{"line":32,"column":2},"end":{"line":32,"column":35}},{"start":{},"end":{}}],"line":32},"8":{"loc":{"start":{"line":33,"column":2},"end":{"line":33,"column":38}},"type":"if","locations":[{"start":{"line":33,"column":2},"end":{"line":33,"column":38}},{"start":{},"end":{}}],"line":33},"9":{"loc":{"start":{"line":34,"column":2},"end":{"line":34,"column":40}},"type":"if","locations":[{"start":{"line":34,"column":2},"end":{"line":34,"column":40}},{"start":{},"end":{}}],"line":34},"10":{"loc":{"start":{"line":35,"column":2},"end":{"line":35,"column":33}},"type":"if","locations":[{"start":{"line":35,"column":2},"end":{"line":35,"column":33}},{"start":{},"end":{}}],"line":35},"11":{"loc":{"start":{"line":36,"column":2},"end":{"line":36,"column":61}},"type":"if","locations":[{"start":{"line":36,"column":2},"end":{"line":36,"column":61}},{"start":{},"end":{}}],"line":36},"12":{"loc":{"start":{"line":36,"column":6},"end":{"line":36,"column":46}},"type":"binary-expr","locations":[{"start":{"line":36,"column":6},"end":{"line":36,"column":21}},{"start":{"line":36,"column":25},"end":{"line":36,"column":46}}],"line":36},"13":{"loc":{"start":{"line":37,"column":2},"end":{"line":37,"column":89}},"type":"if","locations":[{"start":{"line":37,"column":2},"end":{"line":37,"column":89}},{"start":{},"end":{}}],"line":37},"14":{"loc":{"start":{"line":37,"column":6},"end":{"line":37,"column":74}},"type":"binary-expr","locations":[{"start":{"line":37,"column":6},"end":{"line":37,"column":21}},{"start":{"line":37,"column":26},"end":{"line":37,"column":45}},{"start":{"line":37,"column":49},"end":{"line":37,"column":73}}],"line":37},"15":{"loc":{"start":{"line":38,"column":2},"end":{"line":38,"column":63}},"type":"if","locations":[{"start":{"line":38,"column":2},"end":{"line":38,"column":63}},{"start":{},"end":{}}],"line":38},"16":{"loc":{"start":{"line":38,"column":6},"end":{"line":38,"column":48}},"type":"binary-expr","locations":[{"start":{"line":38,"column":6},"end":{"line":38,"column":29}},{"start":{"line":38,"column":33},"end":{"line":38,"column":48}}],"line":38},"17":{"loc":{"start":{"line":39,"column":2},"end":{"line":39,"column":61}},"type":"if","locations":[{"start":{"line":39,"column":2},"end":{"line":39,"column":61}},{"start":{},"end":{}}],"line":39},"18":{"loc":{"start":{"line":39,"column":6},"end":{"line":39,"column":46}},"type":"binary-expr","locations":[{"start":{"line":39,"column":6},"end":{"line":39,"column":28}},{"start":{"line":39,"column":32},"end":{"line":39,"column":46}}],"line":39},"19":{"loc":{"start":{"line":40,"column":2},"end":{"line":40,"column":131}},"type":"if","locations":[{"start":{"line":40,"column":2},"end":{"line":40,"column":131}},{"start":{},"end":{}}],"line":40},"20":{"loc":{"start":{"line":40,"column":6},"end":{"line":40,"column":116}},"type":"binary-expr","locations":[{"start":{"line":40,"column":6},"end":{"line":40,"column":22}},{"start":{"line":40,"column":26},"end":{"line":40,"column":66}},{"start":{"line":40,"column":71},"end":{"line":40,"column":90}},{"start":{"line":40,"column":94},"end":{"line":40,"column":115}}],"line":40}},"s":{"0":0,"1":0,"2":0,"3":0,"4":1,"5":4,"6":4,"7":4,"8":4,"9":0,"10":4,"11":1,"12":3,"13":1,"14":2,"15":0,"16":2,"17":0,"18":2,"19":0,"20":2,"21":0,"22":2,"23":0,"24":2,"25":1,"26":1,"27":0,"28":1,"29":0,"30":1,"31":1,"32":0,"33":0},"f":{"0":0,"1":0,"2":4,"3":0},"b":{"0":[0,0],"1":[0,0],"2":[0,0],"3":[0,0],"4":[0,4],"5":[4,0],"6":[1,3],"7":[1,2],"8":[0,2],"9":[0,2],"10":[0,2],"11":[0,2],"12":[2,2],"13":[0,2],"14":[2,0,0],"15":[1,1],"16":[2,1],"17":[0,1],"18":[1,0],"19":[0,1],"20":[1,1,0,0]},"_coverageSchema":"1a1c01bbd47fc00a2c39e90264f33305004495a9","hash":"07e7641001a3a0ed656a2ae30321393457ad2986"}
}
