TN:
SF:src/actions.js
FN:15,(anonymous_0)
FN:45,(anonymous_1)
FN:62,(anonymous_2)
FN:96,fetchInsureeGenders
FN:101,fetchInsuree
FN:126,fetchInsureeEnquiry
FN:151,clearInsureeEnquiry
FN:152,(anonymous_7)
FN:157,fetchInsureeFull
FN:164,fetchInsureesForPicker
FN:169,clearInsuree
FN:170,(anonymous_11)
FN:175,fetchFamilySummaries
FN:190,fetchFamilyMembers
FN:196,checkCanAddInsuree
FN:202,selectFamilyMember
FN:203,(anonymous_16)
FN:208,fetchConfirmationTypes
FN:213,fetchFamilyTypes
FN:218,newFamily
FN:219,(anonymous_20)
FN:224,fetchFamilyMutation
FN:233,fetchInsureeMutation
FN:242,fetchInsureeOfficers
FN:247,fetchFamily
FN:258,fetchEducations
FN:263,fetchProfessions
FN:268,fetchIdentificationTypes
FN:273,fetchRelations
FN:278,fetchInsureeSummaries
FN:300,formatInsureePhoto
FN:312,formatInsureeGQL
FN:354,formatFamilyGQL
FN:375,createFamily
FN:385,updateFamily
FN:396,deleteFamily
FN:412,createInsuree
FN:422,updateInsuree
FN:432,removeInsuree
FN:448,deleteInsuree
FN:464,setFamilyHead
FN:479,changeFamily
FN:499,insureeNumberValidationCheck
FN:515,insureeNumberSetValid
FN:516,(anonymous_44)
FN:521,insureeNumberValidationClear
FN:522,(anonymous_46)
FN:527,checkIfHeadSelected
FN:530,(anonymous_48)
FNF:49
FNH:0
FNDA:0,(anonymous_0)
FNDA:0,(anonymous_1)
FNDA:0,(anonymous_2)
FNDA:0,fetchInsureeGenders
FNDA:0,fetchInsuree
FNDA:0,fetchInsureeEnquiry
FNDA:0,clearInsureeEnquiry
FNDA:0,(anonymous_7)
FNDA:0,fetchInsureeFull
FNDA:0,fetchInsureesForPicker
FNDA:0,clearInsuree
FNDA:0,(anonymous_11)
FNDA:0,fetchFamilySummaries
FNDA:0,fetchFamilyMembers
FNDA:0,checkCanAddInsuree
FNDA:0,selectFamilyMember
FNDA:0,(anonymous_16)
FNDA:0,fetchConfirmationTypes
FNDA:0,fetchFamilyTypes
FNDA:0,newFamily
FNDA:0,(anonymous_20)
FNDA:0,fetchFamilyMutation
FNDA:0,fetchInsureeMutation
FNDA:0,fetchInsureeOfficers
FNDA:0,fetchFamily
FNDA:0,fetchEducations
FNDA:0,fetchProfessions
FNDA:0,fetchIdentificationTypes
FNDA:0,fetchRelations
FNDA:0,fetchInsureeSummaries
FNDA:0,formatInsureePhoto
FNDA:0,formatInsureeGQL
FNDA:0,formatFamilyGQL
FNDA:0,createFamily
FNDA:0,updateFamily
FNDA:0,deleteFamily
FNDA:0,createInsuree
FNDA:0,updateInsuree
FNDA:0,removeInsuree
FNDA:0,deleteInsuree
FNDA:0,setFamilyHead
FNDA:0,changeFamily
FNDA:0,insureeNumberValidationCheck
FNDA:0,insureeNumberSetValid
FNDA:0,(anonymous_44)
FNDA:0,insureeNumberValidationClear
FNDA:0,(anonymous_46)
FNDA:0,checkIfHeadSelected
FNDA:0,(anonymous_48)
DA:15,0
DA:45,0
DA:60,0
DA:62,0
DA:94,0
DA:97,0
DA:98,0
DA:102,0
DA:123,0
DA:127,0
DA:148,0
DA:152,0
DA:153,0
DA:158,0
DA:159,0
DA:160,0
DA:161,0
DA:165,0
DA:166,0
DA:170,0
DA:171,0
DA:176,0
DA:186,0
DA:187,0
DA:191,0
DA:192,0
DA:193,0
DA:197,0
DA:198,0
DA:199,0
DA:203,0
DA:204,0
DA:209,0
DA:210,0
DA:214,0
DA:215,0
DA:219,0
DA:220,0
DA:225,0
DA:230,0
DA:234,0
DA:239,0
DA:243,0
DA:244,0
DA:248,0
DA:249,0
DA:250,0
DA:252,0
DA:254,0
DA:255,0
DA:259,0
DA:260,0
DA:264,0
DA:265,0
DA:269,0
DA:270,0
DA:274,0
DA:275,0
DA:279,0
DA:280,0
DA:296,0
DA:297,0
DA:301,0
DA:313,0
DA:355,0
DA:356,0
DA:357,0
DA:376,0
DA:377,0
DA:378,0
DA:386,0
DA:387,0
DA:388,0
DA:397,0
DA:402,0
DA:403,0
DA:404,0
DA:413,0
DA:414,0
DA:415,0
DA:423,0
DA:424,0
DA:425,0
DA:433,0
DA:438,0
DA:439,0
DA:440,0
DA:449,0
DA:454,0
DA:455,0
DA:456,0
DA:465,0
DA:470,0
DA:471,0
DA:480,0
DA:485,0
DA:486,0
DA:500,0
DA:516,0
DA:517,0
DA:522,0
DA:523,0
DA:528,0
DA:530,0
DA:531,0
LF:105
LH:0
BRDA:157,0,0,0
BRDA:159,1,0,0
BRDA:159,1,1,0
BRDA:249,2,0,0
BRDA:249,2,1,0
BRDA:278,3,0,0
BRDA:279,4,0,0
BRDA:279,4,1,0
BRDA:302,5,0,0
BRDA:302,5,1,0
BRDA:303,6,0,0
BRDA:303,6,1,0
BRDA:304,7,0,0
BRDA:304,7,1,0
BRDA:305,8,0,0
BRDA:305,8,1,0
BRDA:306,9,0,0
BRDA:306,9,1,0
BRDA:307,10,0,0
BRDA:307,10,1,0
BRDA:308,11,0,0
BRDA:308,11,1,0
BRDA:314,12,0,0
BRDA:314,12,1,0
BRDA:314,13,0,0
BRDA:314,13,1,0
BRDA:315,14,0,0
BRDA:315,14,1,0
BRDA:316,15,0,0
BRDA:316,15,1,0
BRDA:317,16,0,0
BRDA:317,16,1,0
BRDA:318,17,0,0
BRDA:318,17,1,0
BRDA:318,18,0,0
BRDA:318,18,1,0
BRDA:319,19,0,0
BRDA:319,19,1,0
BRDA:321,20,0,0
BRDA:321,20,1,0
BRDA:322,21,0,0
BRDA:322,21,1,0
BRDA:323,22,0,0
BRDA:323,22,1,0
BRDA:324,23,0,0
BRDA:324,23,1,0
BRDA:325,24,0,0
BRDA:325,24,1,0
BRDA:327,25,0,0
BRDA:327,25,1,0
BRDA:327,26,0,0
BRDA:327,26,1,0
BRDA:331,27,0,0
BRDA:331,27,1,0
BRDA:333,28,0,0
BRDA:333,28,1,0
BRDA:333,29,0,0
BRDA:333,29,1,0
BRDA:334,30,0,0
BRDA:334,30,1,0
BRDA:334,31,0,0
BRDA:334,31,1,0
BRDA:335,32,0,0
BRDA:335,32,1,0
BRDA:335,33,0,0
BRDA:335,33,1,0
BRDA:336,34,0,0
BRDA:336,34,1,0
BRDA:336,35,0,0
BRDA:336,35,1,0
BRDA:337,36,0,0
BRDA:337,36,1,0
BRDA:337,37,0,0
BRDA:337,37,1,0
BRDA:338,38,0,0
BRDA:338,38,1,0
BRDA:339,39,0,0
BRDA:339,39,1,0
BRDA:339,40,0,0
BRDA:339,40,1,0
BRDA:341,41,0,0
BRDA:341,41,1,0
BRDA:341,42,0,0
BRDA:341,42,1,0
BRDA:346,43,0,0
BRDA:346,43,1,0
BRDA:346,44,0,0
BRDA:346,44,1,0
BRDA:350,45,0,0
BRDA:350,45,1,0
BRDA:358,46,0,0
BRDA:358,46,1,0
BRDA:358,47,0,0
BRDA:358,47,1,0
BRDA:360,48,0,0
BRDA:360,48,1,0
BRDA:362,49,0,0
BRDA:362,49,1,0
BRDA:362,50,0,0
BRDA:362,50,1,0
BRDA:363,51,0,0
BRDA:363,51,1,0
BRDA:365,52,0,0
BRDA:365,52,1,0
BRDA:365,53,0,0
BRDA:365,53,1,0
BRDA:369,54,0,0
BRDA:369,54,1,0
BRDA:370,55,0,0
BRDA:370,55,1,0
BRDA:371,56,0,0
BRDA:371,56,1,0
BRDA:451,57,0,0
BRDA:451,57,1,0
BRDA:528,58,0,0
BRDA:528,58,1,0
BRF:116
BRH:0
end_of_record
TN:
SF:src/constants.js
FNF:0
FNH:0
DA:1,1
DA:2,1
DA:3,1
DA:4,1
DA:5,1
DA:6,1
DA:8,1
DA:9,1
DA:10,1
DA:11,1
DA:12,1
DA:13,1
DA:15,1
DA:16,1
DA:17,1
DA:18,1
DA:19,1
DA:20,1
DA:21,1
DA:22,1
DA:23,1
DA:24,1
DA:25,1
DA:27,1
DA:35,1
LF:25
LH:25
BRF:0
BRH:0
end_of_record
TN:
SF:src/reducer.js
FN:11,reducer
FN:247,(anonymous_1)
FN:338,(anonymous_2)
FN:383,(anonymous_3)
FN:405,(anonymous_4)
FN:427,(anonymous_5)
FN:449,(anonymous_6)
FNF:7
FNH:0
FNDA:0,reducer
FNDA:0,(anonymous_1)
FNDA:0,(anonymous_2)
FNDA:0,(anonymous_3)
FNDA:0,(anonymous_4)
FNDA:0,(anonymous_5)
FNDA:0,(anonymous_6)
DA:69,0
DA:71,0
DA:79,0
DA:87,0
DA:93,0
DA:101,0
DA:109,0
DA:117,0
DA:123,0
DA:131,0
DA:139,0
DA:148,0
DA:156,0
DA:162,0
DA:170,0
DA:179,0
DA:187,0
DA:195,0
DA:202,0
DA:208,0
DA:213,0
DA:221,0
DA:229,0
DA:235,0
DA:243,0
DA:247,0
DA:251,0
DA:257,0
DA:265,0
DA:274,0
DA:280,0
DA:289,0
DA:298,0
DA:304,0
DA:312,0
DA:320,0
DA:326,0
DA:334,0
DA:338,0
DA:342,0
DA:348,0
DA:356,0
DA:357,0
DA:365,0
DA:371,0
DA:379,0
DA:383,0
DA:387,0
DA:393,0
DA:401,0
DA:405,0
DA:409,0
DA:415,0
DA:423,0
DA:427,0
DA:431,0
DA:437,0
DA:445,0
DA:449,0
DA:453,0
DA:459,0
DA:472,0
DA:485,0
DA:497,0
DA:510,0
DA:523,0
DA:528,0
DA:530,0
DA:532,0
DA:534,0
DA:536,0
DA:538,0
DA:540,0
DA:542,0
DA:544,0
DA:546,0
DA:548,0
DA:550,0
LF:78
LH:0
BRDA:12,0,0,0
BRDA:69,1,0,0
BRDA:69,1,1,0
BRDA:69,1,2,0
BRDA:69,1,3,0
BRDA:69,1,4,0
BRDA:69,1,5,0
BRDA:69,1,6,0
BRDA:69,1,7,0
BRDA:69,1,8,0
BRDA:69,1,9,0
BRDA:69,1,10,0
BRDA:69,1,11,0
BRDA:69,1,12,0
BRDA:69,1,13,0
BRDA:69,1,14,0
BRDA:69,1,15,0
BRDA:69,1,16,0
BRDA:69,1,17,0
BRDA:69,1,18,0
BRDA:69,1,19,0
BRDA:69,1,20,0
BRDA:69,1,21,0
BRDA:69,1,22,0
BRDA:69,1,23,0
BRDA:69,1,24,0
BRDA:69,1,25,0
BRDA:69,1,26,0
BRDA:69,1,27,0
BRDA:69,1,28,0
BRDA:69,1,29,0
BRDA:69,1,30,0
BRDA:69,1,31,0
BRDA:69,1,32,0
BRDA:69,1,33,0
BRDA:69,1,34,0
BRDA:69,1,35,0
BRDA:69,1,36,0
BRDA:69,1,37,0
BRDA:69,1,38,0
BRDA:69,1,39,0
BRDA:69,1,40,0
BRDA:69,1,41,0
BRDA:69,1,42,0
BRDA:69,1,43,0
BRDA:69,1,44,0
BRDA:69,1,45,0
BRDA:69,1,46,0
BRDA:69,1,47,0
BRDA:69,1,48,0
BRDA:69,1,49,0
BRDA:69,1,50,0
BRDA:69,1,51,0
BRDA:69,1,52,0
BRDA:69,1,53,0
BRDA:69,1,54,0
BRDA:69,1,55,0
BRDA:69,1,56,0
BRDA:69,1,57,0
BRDA:69,1,58,0
BRDA:69,1,59,0
BRDA:69,1,60,0
BRDA:69,1,61,0
BRDA:69,1,62,0
BRDA:69,1,63,0
BRDA:69,1,64,0
BRDA:69,1,65,0
BRDA:69,1,66,0
BRDA:69,1,67,0
BRDA:69,1,68,0
BRDA:69,1,69,0
BRDA:361,2,0,0
BRDA:361,2,1,0
BRDA:361,3,0,0
BRDA:361,3,1,0
BRF:75
BRH:0
end_of_record
TN:
SF:src/components/ChangeInsureeFamilyDialog.js
FN:6,(anonymous_0)
FN:18,(anonymous_1)
FN:24,(anonymous_2)
FN:46,(anonymous_3)
FN:51,(anonymous_4)
FNF:5
FNH:0
FNDA:0,(anonymous_0)
FNDA:0,(anonymous_1)
FNDA:0,(anonymous_2)
FNDA:0,(anonymous_3)
FNDA:0,(anonymous_4)
DA:6,0
DA:19,0
DA:20,0
DA:21,0
DA:25,0
DA:26,0
DA:46,0
DA:51,0
LF:8
LH:0
BRDA:45,0,0,0
BRDA:45,0,1,0
BRDA:50,1,0,0
BRDA:50,1,1,0
BRF:4
BRH:0
end_of_record
TN:
SF:src/components/DeleteFamilyDialog.js
FN:5,(anonymous_0)
FN:17,(anonymous_1)
FN:34,(anonymous_2)
FN:37,(anonymous_3)
FNF:4
FNH:0
FNDA:0,(anonymous_0)
FNDA:0,(anonymous_1)
FNDA:0,(anonymous_2)
FNDA:0,(anonymous_3)
DA:5,0
DA:18,0
DA:19,0
DA:34,0
DA:37,0
LF:5
LH:0
BRF:0
BRH:0
end_of_record
TN:
SF:src/components/Enquiry.js
FN:11,(anonymous_0)
FN:54,(anonymous_1)
FN:60,(anonymous_2)
FN:75,(anonymous_3)
FNF:4
FNH:0
FNDA:0,(anonymous_0)
FNDA:0,(anonymous_1)
FNDA:0,(anonymous_2)
FNDA:0,(anonymous_3)
DA:11,0
DA:54,0
DA:55,0
DA:56,0
DA:57,0
DA:58,0
DA:60,0
DA:61,0
DA:62,0
DA:64,0
DA:65,0
DA:66,0
DA:67,0
DA:68,0
DA:69,0
DA:70,0
DA:75,0
DA:76,0
DA:77,0
DA:78,0
DA:82,0
LF:21
LH:0
BRDA:61,0,0,0
BRDA:61,0,1,0
BRDA:61,1,0,0
BRDA:61,1,1,0
BRDA:67,2,0,0
BRDA:67,2,1,0
BRDA:68,3,0,0
BRDA:68,3,1,0
BRDA:68,4,0,0
BRDA:68,4,1,0
BRDA:77,5,0,0
BRDA:77,5,1,0
BRDA:93,6,0,0
BRDA:93,6,1,0
BRF:14
BRH:0
end_of_record
TN:
SF:src/components/EnquiryDialog.js
FN:21,(anonymous_0)
FN:27,(anonymous_1)
FN:44,(anonymous_2)
FN:49,(anonymous_3)
FN:97,(anonymous_4)
FN:104,(anonymous_5)
FNF:6
FNH:0
FNDA:0,(anonymous_0)
FNDA:0,(anonymous_1)
FNDA:0,(anonymous_2)
FNDA:0,(anonymous_3)
FNDA:0,(anonymous_4)
FNDA:0,(anonymous_5)
DA:21,0
DA:27,0
DA:41,0
DA:42,0
DA:44,0
DA:45,0
DA:46,0
DA:49,0
DA:50,0
DA:51,0
DA:54,0
DA:55,0
DA:56,0
DA:59,0
DA:60,0
DA:64,0
DA:97,0
DA:104,0
LF:18
LH:0
BRDA:50,0,0,0
BRDA:50,0,1,0
BRDA:50,1,0,0
BRDA:50,1,1,0
BRDA:54,2,0,0
BRDA:54,2,1,0
BRDA:54,3,0,0
BRDA:54,3,1,0
BRDA:59,4,0,0
BRDA:59,4,1,0
BRDA:68,5,0,0
BRDA:68,5,1,0
BRDA:68,5,2,0
BRDA:76,6,0,0
BRDA:76,6,1,0
BRDA:76,6,2,0
BRF:16
BRH:0
end_of_record
TN:
SF:src/components/FamilyDisplayPanel.js
FN:13,(anonymous_0)
FN:21,(anonymous_1)
FN:23,(anonymous_2)
FN:29,(anonymous_3)
FN:48,(anonymous_4)
FN:55,(anonymous_5)
FNF:6
FNH:0
FNDA:0,(anonymous_0)
FNDA:0,(anonymous_1)
FNDA:0,(anonymous_2)
FNDA:0,(anonymous_3)
FNDA:0,(anonymous_4)
FNDA:0,(anonymous_5)
DA:9,0
DA:14,0
DA:15,0
DA:17,0
DA:22,0
DA:23,0
DA:24,0
DA:25,0
DA:30,0
DA:31,0
DA:48,0
DA:55,0
DA:56,0
LF:13
LH:0
BRDA:14,0,0,0
BRDA:14,0,1,0
BRDA:22,1,0,0
BRDA:22,1,1,0
BRDA:24,2,0,0
BRDA:24,2,1,0
BRDA:24,3,0,0
BRDA:24,3,1,0
BRDA:34,4,0,0
BRDA:34,4,1,0
BRF:10
BRH:0
end_of_record
TN:
SF:src/components/FamilyFilter.js
FN:18,(anonymous_0)
FN:35,(anonymous_1)
FN:50,(anonymous_2)
FN:55,(anonymous_3)
FN:60,(anonymous_4)
FN:71,(anonymous_5)
FN:82,(anonymous_6)
FN:97,(anonymous_7)
FN:108,(anonymous_8)
FN:123,(anonymous_9)
FN:137,(anonymous_10)
FN:171,(anonymous_11)
FN:194,(anonymous_12)
FN:217,(anonymous_13)
FN:242,(anonymous_14)
FN:259,(anonymous_15)
FN:278,(anonymous_16)
FN:286,(anonymous_17)
FN:308,(anonymous_18)
FN:309,(anonymous_19)
FN:311,(anonymous_20)
FN:340,(anonymous_21)
FN:363,(anonymous_22)
FN:385,(anonymous_23)
FN:415,(anonymous_24)
FNF:25
FNH:0
FNDA:0,(anonymous_0)
FNDA:0,(anonymous_1)
FNDA:0,(anonymous_2)
FNDA:0,(anonymous_3)
FNDA:0,(anonymous_4)
FNDA:0,(anonymous_5)
FNDA:0,(anonymous_6)
FNDA:0,(anonymous_7)
FNDA:0,(anonymous_8)
FNDA:0,(anonymous_9)
FNDA:0,(anonymous_10)
FNDA:0,(anonymous_11)
FNDA:0,(anonymous_12)
FNDA:0,(anonymous_13)
FNDA:0,(anonymous_14)
FNDA:0,(anonymous_15)
FNDA:0,(anonymous_16)
FNDA:0,(anonymous_17)
FNDA:0,(anonymous_18)
FNDA:0,(anonymous_19)
FNDA:0,(anonymous_20)
FNDA:0,(anonymous_21)
FNDA:0,(anonymous_22)
FNDA:0,(anonymous_23)
FNDA:0,(anonymous_24)
DA:18,0
DA:31,0
DA:36,0
DA:37,0
DA:38,0
DA:45,0
DA:50,0
DA:51,0
DA:52,0
DA:55,0
DA:56,0
DA:57,0
DA:60,0
DA:61,0
DA:68,0
DA:71,0
DA:72,0
DA:83,0
DA:97,0
DA:98,0
DA:109,0
DA:123,0
DA:124,0
DA:125,0
DA:138,0
DA:172,0
DA:195,0
DA:218,0
DA:243,0
DA:260,0
DA:278,0
DA:279,0
DA:281,0
DA:282,0
DA:283,0
DA:286,0
DA:287,0
DA:288,0
DA:290,0
DA:291,0
DA:293,0
DA:296,0
DA:297,0
DA:299,0
DA:308,0
DA:309,0
DA:312,0
DA:313,0
DA:341,0
DA:364,0
DA:386,0
DA:415,0
LF:52
LH:0
BRDA:52,0,0,0
BRDA:52,0,1,0
BRDA:52,1,0,0
BRDA:52,1,1,0
BRDA:57,2,0,0
BRDA:57,2,1,0
BRDA:57,3,0,0
BRDA:57,3,1,0
BRDA:87,4,0,0
BRDA:87,4,1,0
BRDA:113,5,0,0
BRDA:113,5,1,0
BRDA:142,6,0,0
BRDA:142,6,1,0
BRDA:150,7,0,0
BRDA:150,7,1,0
BRDA:176,8,0,0
BRDA:176,8,1,0
BRDA:199,9,0,0
BRDA:199,9,1,0
BRDA:222,10,0,0
BRDA:222,10,1,0
BRDA:247,11,0,0
BRDA:247,11,1,0
BRDA:264,12,0,0
BRDA:264,12,1,0
BRDA:282,13,0,0
BRDA:282,13,1,0
BRDA:287,14,0,0
BRDA:287,14,1,0
BRDA:287,15,0,0
BRDA:287,15,1,0
BRDA:290,16,0,0
BRDA:290,16,1,0
BRDA:296,17,0,0
BRDA:296,17,1,0
BRDA:331,18,0,0
BRDA:331,18,1,0
BRDA:345,19,0,0
BRDA:345,19,1,0
BRDA:390,20,0,0
BRDA:390,20,1,0
BRDA:398,21,0,0
BRDA:398,21,1,0
BRF:44
BRH:0
end_of_record
TN:
SF:src/components/FamilyForm.js
FN:29,(anonymous_0)
FN:47,(anonymous_1)
FN:57,(anonymous_2)
FN:60,(anonymous_3)
FN:61,(anonymous_4)
FN:66,(anonymous_5)
FN:77,(anonymous_6)
FN:85,(anonymous_7)
FN:87,(anonymous_8)
FN:93,(anonymous_9)
FN:100,(anonymous_10)
FN:137,(anonymous_11)
FN:146,(anonymous_12)
FN:147,(anonymous_13)
FN:150,(anonymous_14)
FN:154,(anonymous_15)
FN:158,(anonymous_16)
FN:236,(anonymous_17)
FN:250,(anonymous_18)
FNF:19
FNH:0
FNDA:0,(anonymous_0)
FNDA:0,(anonymous_1)
FNDA:0,(anonymous_2)
FNDA:0,(anonymous_3)
FNDA:0,(anonymous_4)
FNDA:0,(anonymous_5)
FNDA:0,(anonymous_6)
FNDA:0,(anonymous_7)
FNDA:0,(anonymous_8)
FNDA:0,(anonymous_9)
FNDA:0,(anonymous_10)
FNDA:0,(anonymous_11)
FNDA:0,(anonymous_12)
FNDA:0,(anonymous_13)
FNDA:0,(anonymous_14)
FNDA:0,(anonymous_15)
FNDA:0,(anonymous_16)
FNDA:0,(anonymous_17)
FNDA:0,(anonymous_18)
DA:29,0
DA:33,0
DA:34,0
DA:35,0
DA:38,0
DA:48,0
DA:54,0
DA:58,0
DA:59,0
DA:60,0
DA:61,0
DA:67,0
DA:68,0
DA:69,0
DA:70,0
DA:71,0
DA:73,0
DA:74,0
DA:75,0
DA:76,0
DA:77,0
DA:80,0
DA:81,0
DA:85,0
DA:86,0
DA:87,0
DA:94,0
DA:95,0
DA:100,0
DA:101,0
DA:102,0
DA:104,0
DA:105,0
DA:106,0
DA:108,0
DA:110,0
DA:113,0
DA:114,0
DA:115,0
DA:116,0
DA:117,0
DA:119,0
DA:120,0
DA:122,0
DA:124,0
DA:127,0
DA:137,0
DA:138,0
DA:139,0
DA:140,0
DA:141,0
DA:142,0
DA:143,0
DA:146,0
DA:147,0
DA:150,0
DA:151,0
DA:154,0
DA:155,0
DA:175,0
DA:176,0
DA:177,0
DA:178,0
DA:179,0
DA:180,0
DA:181,0
DA:183,0
DA:191,0
DA:192,0
DA:236,0
DA:250,0
DA:251,0
LF:72
LH:0
BRDA:58,0,0,0
BRDA:58,0,1,0
BRDA:67,1,0,0
BRDA:67,1,1,0
BRDA:67,2,0,0
BRDA:67,2,1,0
BRDA:69,3,0,0
BRDA:69,3,1,0
BRDA:70,4,0,0
BRDA:70,4,1,0
BRDA:73,5,0,0
BRDA:73,5,1,0
BRDA:73,6,0,0
BRDA:73,6,1,0
BRDA:75,7,0,0
BRDA:75,7,1,0
BRDA:75,8,0,0
BRDA:75,8,1,0
BRDA:80,9,0,0
BRDA:80,9,1,0
BRDA:80,10,0,0
BRDA:80,10,1,0
BRDA:80,10,2,0
BRDA:104,11,0,0
BRDA:104,11,1,0
BRDA:113,12,0,0
BRDA:113,12,1,0
BRDA:138,13,0,0
BRDA:138,13,1,0
BRDA:139,14,0,0
BRDA:139,14,1,0
BRDA:139,15,0,0
BRDA:139,15,1,0
BRDA:140,16,0,0
BRDA:140,16,1,0
BRDA:141,17,0,0
BRDA:141,17,1,0
BRDA:141,18,0,0
BRDA:141,18,1,0
BRDA:143,19,0,0
BRDA:143,19,1,0
BRDA:169,20,0,0
BRDA:171,21,0,0
BRDA:177,22,0,0
BRDA:177,22,1,0
BRDA:178,23,0,0
BRDA:178,23,1,0
BRDA:180,24,0,0
BRDA:180,24,1,0
BRDA:187,25,0,0
BRDA:187,25,1,0
BRDA:188,26,0,0
BRDA:188,26,1,0
BRDA:188,26,2,0
BRDA:191,27,0,0
BRDA:191,27,1,0
BRDA:193,28,0,0
BRDA:193,28,1,0
BRDA:198,29,0,0
BRDA:198,29,1,0
BRDA:203,30,0,0
BRDA:203,30,1,0
BRDA:203,30,2,0
BRDA:203,30,3,0
BRDA:203,30,4,0
BRDA:212,31,0,0
BRDA:212,31,1,0
BRDA:212,32,0,0
BRDA:212,32,1,0
BRDA:213,33,0,0
BRDA:213,33,1,0
BRDA:213,33,2,0
BRDA:218,34,0,0
BRDA:218,34,1,0
BRDA:220,35,0,0
BRDA:220,35,1,0
BRDA:226,36,0,0
BRDA:226,36,1,0
BRDA:237,37,0,0
BRDA:237,37,1,0
BRDA:237,38,0,0
BRDA:237,38,1,0
BRDA:237,38,2,0
BRF:83
BRH:0
end_of_record
TN:
SF:src/components/FamilyInsureesOverview.js
FN:61,(anonymous_0)
FN:68,(anonymous_1)
FN:82,(anonymous_2)
FN:88,(anonymous_3)
FN:103,(anonymous_4)
FN:104,(anonymous_5)
FN:108,(anonymous_6)
FN:110,(anonymous_7)
FN:120,(anonymous_8)
FN:120,(anonymous_9)
FN:122,(anonymous_10)
FN:127,(anonymous_11)
FN:128,(anonymous_12)
FN:131,(anonymous_13)
FN:137,(anonymous_14)
FN:142,(anonymous_15)
FN:154,(anonymous_16)
FN:169,(anonymous_17)
FN:179,(anonymous_18)
FN:195,(anonymous_19)
FN:196,(anonymous_20)
FN:198,(anonymous_21)
FN:199,(anonymous_22)
FN:201,(anonymous_23)
FN:213,(anonymous_24)
FN:217,(anonymous_25)
FN:225,(anonymous_26)
FN:226,(anonymous_27)
FN:244,(anonymous_28)
FN:246,(anonymous_29)
FN:252,(anonymous_30)
FN:254,(anonymous_31)
FN:273,(anonymous_32)
FN:275,(anonymous_33)
FN:281,(anonymous_34)
FN:282,(anonymous_35)
FN:299,(anonymous_36)
FN:301,(anonymous_37)
FN:307,(anonymous_38)
FN:310,(anonymous_39)
FN:311,(anonymous_40)
FN:312,(anonymous_41)
FN:313,(anonymous_42)
FN:315,(anonymous_43)
FN:316,(anonymous_44)
FN:317,(anonymous_45)
FN:324,(anonymous_46)
FN:331,(anonymous_47)
FN:340,(anonymous_48)
FN:345,(anonymous_49)
FN:347,(anonymous_50)
FN:349,(anonymous_51)
FN:363,(anonymous_52)
FN:369,(anonymous_53)
FN:373,(anonymous_54)
FN:394,(anonymous_55)
FN:396,(anonymous_56)
FN:397,(anonymous_57)
FN:397,(anonymous_58)
FN:406,(anonymous_59)
FN:415,(anonymous_60)
FN:419,(anonymous_61)
FN:443,(anonymous_62)
FN:451,(anonymous_63)
FN:457,(anonymous_64)
FN:474,(anonymous_65)
FN:513,(anonymous_66)
FN:530,(anonymous_67)
FNF:68
FNH:0
FNDA:0,(anonymous_0)
FNDA:0,(anonymous_1)
FNDA:0,(anonymous_2)
FNDA:0,(anonymous_3)
FNDA:0,(anonymous_4)
FNDA:0,(anonymous_5)
FNDA:0,(anonymous_6)
FNDA:0,(anonymous_7)
FNDA:0,(anonymous_8)
FNDA:0,(anonymous_9)
FNDA:0,(anonymous_10)
FNDA:0,(anonymous_11)
FNDA:0,(anonymous_12)
FNDA:0,(anonymous_13)
FNDA:0,(anonymous_14)
FNDA:0,(anonymous_15)
FNDA:0,(anonymous_16)
FNDA:0,(anonymous_17)
FNDA:0,(anonymous_18)
FNDA:0,(anonymous_19)
FNDA:0,(anonymous_20)
FNDA:0,(anonymous_21)
FNDA:0,(anonymous_22)
FNDA:0,(anonymous_23)
FNDA:0,(anonymous_24)
FNDA:0,(anonymous_25)
FNDA:0,(anonymous_26)
FNDA:0,(anonymous_27)
FNDA:0,(anonymous_28)
FNDA:0,(anonymous_29)
FNDA:0,(anonymous_30)
FNDA:0,(anonymous_31)
FNDA:0,(anonymous_32)
FNDA:0,(anonymous_33)
FNDA:0,(anonymous_34)
FNDA:0,(anonymous_35)
FNDA:0,(anonymous_36)
FNDA:0,(anonymous_37)
FNDA:0,(anonymous_38)
FNDA:0,(anonymous_39)
FNDA:0,(anonymous_40)
FNDA:0,(anonymous_41)
FNDA:0,(anonymous_42)
FNDA:0,(anonymous_43)
FNDA:0,(anonymous_44)
FNDA:0,(anonymous_45)
FNDA:0,(anonymous_46)
FNDA:0,(anonymous_47)
FNDA:0,(anonymous_48)
FNDA:0,(anonymous_49)
FNDA:0,(anonymous_50)
FNDA:0,(anonymous_51)
FNDA:0,(anonymous_52)
FNDA:0,(anonymous_53)
FNDA:0,(anonymous_54)
FNDA:0,(anonymous_55)
FNDA:0,(anonymous_56)
FNDA:0,(anonymous_57)
FNDA:0,(anonymous_58)
FNDA:0,(anonymous_59)
FNDA:0,(anonymous_60)
FNDA:0,(anonymous_61)
FNDA:0,(anonymous_62)
FNDA:0,(anonymous_63)
FNDA:0,(anonymous_64)
FNDA:0,(anonymous_65)
FNDA:0,(anonymous_66)
FNDA:0,(anonymous_67)
DA:61,0
DA:68,0
DA:69,0
DA:75,0
DA:82,0
DA:89,0
DA:90,0
DA:95,0
DA:96,0
DA:103,0
DA:104,0
DA:108,0
DA:109,0
DA:110,0
DA:111,0
DA:112,0
DA:114,0
DA:117,0
DA:120,0
DA:122,0
DA:123,0
DA:124,0
DA:128,0
DA:131,0
DA:132,0
DA:138,0
DA:139,0
DA:140,0
DA:141,0
DA:142,0
DA:144,0
DA:145,0
DA:146,0
DA:149,0
DA:150,0
DA:154,0
DA:155,0
DA:156,0
DA:157,0
DA:159,0
DA:160,0
DA:161,0
DA:162,0
DA:164,0
DA:166,0
DA:169,0
DA:170,0
DA:179,0
DA:180,0
DA:183,0
DA:195,0
DA:197,0
DA:198,0
DA:199,0
DA:201,0
DA:204,0
DA:213,0
DA:214,0
DA:217,0
DA:225,0
DA:226,0
DA:227,0
DA:234,0
DA:244,0
DA:245,0
DA:246,0
DA:252,0
DA:253,0
DA:254,0
DA:255,0
DA:273,0
DA:274,0
DA:275,0
DA:281,0
DA:282,0
DA:283,0
DA:290,0
DA:299,0
DA:300,0
DA:301,0
DA:307,0
DA:309,0
DA:310,0
DA:311,0
DA:312,0
DA:314,0
DA:315,0
DA:316,0
DA:318,0
DA:325,0
DA:332,0
DA:340,0
DA:341,0
DA:345,0
DA:347,0
DA:348,0
DA:349,0
DA:350,0
DA:363,0
DA:364,0
DA:369,0
DA:385,0
DA:387,0
DA:394,0
DA:396,0
DA:397,0
DA:406,0
DA:415,0
DA:419,0
DA:428,0
DA:429,0
DA:438,0
DA:444,0
DA:451,0
DA:457,0
DA:475,0
DA:513,0
DA:530,0
DA:531,0
LF:119
LH:0
BRDA:111,0,0,0
BRDA:111,0,1,0
BRDA:111,1,0,0
BRDA:111,1,1,0
BRDA:132,2,0,0
BRDA:132,2,1,0
BRDA:132,2,2,0
BRDA:132,2,3,0
BRDA:132,2,4,0
BRDA:132,2,5,0
BRDA:138,3,0,0
BRDA:138,3,1,0
BRDA:140,4,0,0
BRDA:140,4,1,0
BRDA:140,5,0,0
BRDA:140,5,1,0
BRDA:141,6,0,0
BRDA:141,6,1,0
BRDA:149,7,0,0
BRDA:149,7,1,0
BRDA:156,8,0,0
BRDA:156,8,1,0
BRDA:159,9,0,0
BRDA:159,9,1,0
BRDA:159,10,0,0
BRDA:159,10,1,0
BRDA:169,11,0,0
BRDA:180,12,0,0
BRDA:180,12,1,0
BRDA:185,13,0,0
BRDA:185,13,1,0
BRDA:186,14,0,0
BRDA:186,14,1,0
BRDA:195,15,0,0
BRDA:206,16,0,0
BRDA:206,16,1,0
BRDA:207,17,0,0
BRDA:207,17,1,0
BRDA:217,18,0,0
BRDA:217,18,1,0
BRDA:263,19,0,0
BRDA:263,19,1,0
BRDA:307,20,0,0
BRDA:307,20,1,0
BRDA:311,21,0,0
BRDA:311,21,1,0
BRDA:311,22,0,0
BRDA:311,22,1,0
BRDA:312,23,0,0
BRDA:312,23,1,0
BRDA:312,24,0,0
BRDA:312,24,1,0
BRDA:314,25,0,0
BRDA:314,25,1,0
BRDA:314,26,0,0
BRDA:314,26,1,0
BRDA:318,27,0,0
BRDA:318,27,1,0
BRDA:318,28,0,0
BRDA:318,28,1,0
BRDA:318,28,2,0
BRDA:318,28,3,0
BRDA:325,29,0,0
BRDA:325,29,1,0
BRDA:325,30,0,0
BRDA:325,30,1,0
BRDA:325,30,2,0
BRDA:325,30,3,0
BRDA:332,31,0,0
BRDA:332,31,1,0
BRDA:332,32,0,0
BRDA:332,32,1,0
BRDA:332,32,2,0
BRDA:332,32,3,0
BRDA:387,33,0,0
BRDA:387,33,1,0
BRDA:387,34,0,0
BRDA:387,34,1,0
BRDA:387,34,2,0
BRDA:414,35,0,0
BRDA:414,35,1,0
BRDA:423,36,0,0
BRDA:423,36,1,0
BRDA:428,37,0,0
BRDA:428,37,1,0
BRDA:428,38,0,0
BRDA:428,38,1,0
BRDA:492,39,0,0
BRDA:492,39,1,0
BRDA:492,39,2,0
BRDA:514,40,0,0
BRDA:514,40,1,0
BRDA:514,41,0,0
BRDA:514,41,1,0
BRDA:514,41,2,0
BRDA:515,42,0,0
BRDA:515,42,1,0
BRF:97
BRH:0
end_of_record
TN:
SF:src/components/FamilyInsureesSearcher.js
FN:18,(anonymous_0)
FN:25,(anonymous_1)
FN:34,(anonymous_2)
FN:36,(anonymous_3)
FN:59,(anonymous_4)
FN:80,(anonymous_5)
FN:103,(anonymous_6)
FN:126,(anonymous_7)
FN:148,(anonymous_8)
FN:172,(anonymous_9)
FN:190,(anonymous_10)
FNF:11
FNH:0
FNDA:0,(anonymous_0)
FNDA:0,(anonymous_1)
FNDA:0,(anonymous_2)
FNDA:0,(anonymous_3)
FNDA:0,(anonymous_4)
FNDA:0,(anonymous_5)
FNDA:0,(anonymous_6)
FNDA:0,(anonymous_7)
FNDA:0,(anonymous_8)
FNDA:0,(anonymous_9)
FNDA:0,(anonymous_10)
DA:18,0
DA:25,0
DA:26,0
DA:27,0
DA:28,0
DA:30,0
DA:34,0
DA:36,0
DA:38,0
DA:49,0
DA:60,0
DA:81,0
DA:104,0
DA:127,0
DA:149,0
DA:173,0
DA:191,0
LF:17
LH:0
BRDA:34,0,0,0
BRDA:34,0,1,0
BRDA:36,1,0,0
BRDA:36,1,1,0
BRDA:153,2,0,0
BRDA:153,2,1,0
BRF:6
BRH:0
end_of_record
TN:
SF:src/components/FamilyMasterPanel.js
FN:23,(anonymous_0)
FN:32,(anonymous_1)
FN:41,(anonymous_2)
FN:54,(anonymous_3)
FN:65,(anonymous_4)
FN:110,(anonymous_5)
FN:120,(anonymous_6)
FN:138,(anonymous_7)
FN:159,(anonymous_8)
FN:170,(anonymous_9)
FN:179,(anonymous_10)
FN:188,(anonymous_11)
FN:199,(anonymous_12)
FN:209,(anonymous_13)
FNF:14
FNH:0
FNDA:0,(anonymous_0)
FNDA:0,(anonymous_1)
FNDA:0,(anonymous_2)
FNDA:0,(anonymous_3)
FNDA:0,(anonymous_4)
FNDA:0,(anonymous_5)
FNDA:0,(anonymous_6)
FNDA:0,(anonymous_7)
FNDA:0,(anonymous_8)
FNDA:0,(anonymous_9)
FNDA:0,(anonymous_10)
FNDA:0,(anonymous_11)
FNDA:0,(anonymous_12)
FNDA:0,(anonymous_13)
DA:21,0
DA:23,0
DA:33,0
DA:34,0
DA:41,0
DA:42,0
DA:54,0
DA:55,0
DA:65,0
DA:66,0
DA:67,0
DA:110,0
DA:111,0
DA:113,0
DA:114,0
DA:116,0
DA:117,0
DA:121,0
DA:122,0
DA:139,0
DA:159,0
DA:170,0
DA:179,0
DA:188,0
DA:199,0
DA:209,0
LF:26
LH:0
BRDA:48,0,0,0
BRDA:48,0,1,0
BRDA:48,1,0,0
BRDA:48,1,1,0
BRDA:60,2,0,0
BRDA:60,2,1,0
BRDA:60,3,0,0
BRDA:60,3,1,0
BRDA:74,4,0,0
BRDA:74,4,1,0
BRDA:74,5,0,0
BRDA:74,5,1,0
BRDA:77,6,0,0
BRDA:77,6,1,0
BRDA:91,7,0,0
BRDA:91,7,1,0
BRDA:91,8,0,0
BRDA:91,8,1,0
BRDA:100,9,0,0
BRDA:100,9,1,0
BRDA:100,10,0,0
BRDA:100,10,1,0
BRDA:100,10,2,0
BRDA:113,11,0,0
BRDA:113,11,1,0
BRDA:121,12,0,0
BRDA:134,13,0,0
BRDA:134,13,1,0
BRDA:134,13,2,0
BRDA:134,13,3,0
BRDA:158,14,0,0
BRDA:158,14,1,0
BRDA:163,15,0,0
BRDA:163,15,1,0
BRDA:169,16,0,0
BRDA:169,16,1,0
BRDA:169,17,0,0
BRDA:169,17,1,0
BRDA:178,18,0,0
BRDA:178,18,1,0
BRDA:187,19,0,0
BRDA:187,19,1,0
BRDA:189,20,0,0
BRDA:189,20,1,0
BRDA:198,21,0,0
BRDA:198,21,1,0
BRDA:207,22,0,0
BRDA:207,22,1,0
BRF:48
BRH:0
end_of_record
TN:
SF:src/components/FamilyMembersTable.js
FN:11,(anonymous_0)
FN:29,(anonymous_1)
FN:34,(anonymous_2)
FN:41,(anonymous_3)
FN:52,(anonymous_4)
FN:59,(anonymous_5)
FNF:6
FNH:0
FNDA:0,(anonymous_0)
FNDA:0,(anonymous_1)
FNDA:0,(anonymous_2)
FNDA:0,(anonymous_3)
FNDA:0,(anonymous_4)
FNDA:0,(anonymous_5)
DA:11,0
DA:23,0
DA:29,0
DA:30,0
DA:31,0
DA:32,0
DA:33,0
DA:34,0
DA:35,0
DA:41,0
DA:42,0
DA:44,0
DA:47,0
DA:53,0
DA:60,0
LF:15
LH:0
BRDA:42,0,0,0
BRDA:42,0,1,0
BRDA:58,1,0,0
BRDA:58,1,1,0
BRDA:63,2,0,0
BRDA:63,2,1,0
BRDA:67,3,0,0
BRDA:67,3,1,0
BRF:8
BRH:0
end_of_record
TN:
SF:src/components/FamilySearcher.js
FN:33,(anonymous_0)
FN:54,(anonymous_1)
FN:58,(anonymous_2)
FN:71,(anonymous_3)
FN:75,(anonymous_4)
FN:81,(anonymous_5)
FN:86,(anonymous_6)
FN:91,(anonymous_7)
FN:93,(anonymous_8)
FN:95,(anonymous_9)
FN:96,(anonymous_10)
FN:114,(anonymous_11)
FN:139,(anonymous_12)
FN:148,(anonymous_13)
FN:153,(anonymous_14)
FN:163,(anonymous_15)
FN:166,(anonymous_16)
FN:172,(anonymous_17)
FN:174,(anonymous_18)
FN:186,(anonymous_19)
FN:188,(anonymous_20)
FN:189,(anonymous_21)
FN:193,(anonymous_22)
FN:197,(anonymous_23)
FN:198,(anonymous_24)
FN:199,(anonymous_25)
FN:207,(anonymous_26)
FN:210,(anonymous_27)
FN:211,(anonymous_28)
FN:213,(anonymous_29)
FN:216,(anonymous_30)
FN:218,(anonymous_31)
FN:220,(anonymous_32)
FN:232,(anonymous_33)
FN:239,(anonymous_34)
FN:240,(anonymous_35)
FN:242,(anonymous_36)
FN:262,(anonymous_37)
FN:278,(anonymous_38)
FN:287,(anonymous_39)
FN:297,(anonymous_40)
FN:308,(anonymous_41)
FNF:42
FNH:0
FNDA:0,(anonymous_0)
FNDA:0,(anonymous_1)
FNDA:0,(anonymous_2)
FNDA:0,(anonymous_3)
FNDA:0,(anonymous_4)
FNDA:0,(anonymous_5)
FNDA:0,(anonymous_6)
FNDA:0,(anonymous_7)
FNDA:0,(anonymous_8)
FNDA:0,(anonymous_9)
FNDA:0,(anonymous_10)
FNDA:0,(anonymous_11)
FNDA:0,(anonymous_12)
FNDA:0,(anonymous_13)
FNDA:0,(anonymous_14)
FNDA:0,(anonymous_15)
FNDA:0,(anonymous_16)
FNDA:0,(anonymous_17)
FNDA:0,(anonymous_18)
FNDA:0,(anonymous_19)
FNDA:0,(anonymous_20)
FNDA:0,(anonymous_21)
FNDA:0,(anonymous_22)
FNDA:0,(anonymous_23)
FNDA:0,(anonymous_24)
FNDA:0,(anonymous_25)
FNDA:0,(anonymous_26)
FNDA:0,(anonymous_27)
FNDA:0,(anonymous_28)
FNDA:0,(anonymous_29)
FNDA:0,(anonymous_30)
FNDA:0,(anonymous_31)
FNDA:0,(anonymous_32)
FNDA:0,(anonymous_33)
FNDA:0,(anonymous_34)
FNDA:0,(anonymous_35)
FNDA:0,(anonymous_36)
FNDA:0,(anonymous_37)
FNDA:0,(anonymous_38)
FNDA:0,(anonymous_39)
FNDA:0,(anonymous_40)
FNDA:0,(anonymous_41)
DA:23,0
DA:26,0
DA:34,0
DA:35,0
DA:40,0
DA:41,0
DA:42,0
DA:47,0
DA:55,0
DA:59,0
DA:60,0
DA:61,0
DA:63,0
DA:67,0
DA:71,0
DA:72,0
DA:75,0
DA:76,0
DA:77,0
DA:81,0
DA:82,0
DA:83,0
DA:86,0
DA:87,0
DA:91,0
DA:93,0
DA:94,0
DA:95,0
DA:96,0
DA:97,0
DA:98,0
DA:100,0
DA:101,0
DA:102,0
DA:104,0
DA:105,0
DA:106,0
DA:108,0
DA:109,0
DA:111,0
DA:114,0
DA:115,0
DA:123,0
DA:124,0
DA:126,0
DA:133,0
DA:134,0
DA:136,0
DA:139,0
DA:140,0
DA:148,0
DA:149,0
DA:150,0
DA:153,0
DA:154,0
DA:155,0
DA:156,0
DA:157,0
DA:158,0
DA:160,0
DA:163,0
DA:164,0
DA:166,0
DA:172,0
DA:173,0
DA:174,0
DA:175,0
DA:186,0
DA:187,0
DA:188,0
DA:190,0
DA:194,0
DA:197,0
DA:198,0
DA:200,0
DA:204,0
DA:206,0
DA:207,0
DA:209,0
DA:210,0
DA:211,0
DA:213,0
DA:216,0
DA:219,0
DA:220,0
DA:226,0
DA:227,0
DA:229,0
DA:232,0
DA:233,0
DA:239,0
DA:240,0
DA:254,0
DA:255,0
DA:256,0
DA:257,0
DA:262,0
DA:287,0
DA:297,0
DA:308,0
DA:309,0
LF:101
LH:0
BRDA:59,0,0,0
BRDA:59,0,1,0
BRDA:59,1,0,0
BRDA:59,1,1,0
BRDA:63,2,0,0
BRDA:63,2,1,0
BRDA:64,3,0,0
BRDA:64,3,1,0
BRDA:76,4,0,0
BRDA:76,4,1,0
BRDA:76,5,0,0
BRDA:76,5,1,0
BRDA:82,6,0,0
BRDA:82,6,1,0
BRDA:97,7,0,0
BRDA:97,7,1,0
BRDA:97,8,0,0
BRDA:97,8,1,0
BRDA:100,9,0,0
BRDA:100,9,1,0
BRDA:104,10,0,0
BRDA:104,10,1,0
BRDA:108,11,0,0
BRDA:108,11,1,0
BRDA:117,12,0,0
BRDA:117,12,1,0
BRDA:118,13,0,0
BRDA:118,13,1,0
BRDA:129,14,0,0
BRDA:129,14,1,0
BRDA:130,15,0,0
BRDA:130,15,1,0
BRDA:133,16,0,0
BRDA:133,16,1,0
BRDA:142,17,0,0
BRDA:142,17,1,0
BRDA:143,18,0,0
BRDA:143,18,1,0
BRDA:154,19,0,0
BRDA:154,19,1,0
BRDA:157,20,0,0
BRDA:157,20,1,0
BRDA:160,21,0,0
BRDA:160,21,1,0
BRDA:164,22,0,0
BRDA:164,22,1,0
BRDA:166,23,0,0
BRDA:166,23,1,0
BRDA:188,24,0,0
BRDA:188,24,1,0
BRDA:190,25,0,0
BRDA:190,25,1,0
BRDA:190,26,0,0
BRDA:190,26,1,0
BRDA:190,27,0,0
BRDA:190,27,1,0
BRDA:194,28,0,0
BRDA:194,28,1,0
BRDA:194,29,0,0
BRDA:194,29,1,0
BRDA:194,30,0,0
BRDA:194,30,1,0
BRDA:197,31,0,0
BRDA:197,31,1,0
BRDA:198,32,0,0
BRDA:198,32,1,0
BRDA:200,33,0,0
BRDA:200,33,1,0
BRDA:212,34,0,0
BRDA:212,34,1,0
BRDA:215,35,0,0
BRDA:215,35,1,0
BRDA:220,36,0,0
BRDA:220,36,1,0
BRDA:226,37,0,0
BRDA:226,37,1,0
BRDA:278,38,0,0
BRDA:278,38,1,0
BRDA:278,39,0,0
BRDA:278,39,1,0
BRDA:278,40,0,0
BRDA:278,40,1,0
BRDA:287,41,0,0
BRDA:287,41,1,0
BRDA:298,42,0,0
BRDA:298,42,1,0
BRDA:298,43,0,0
BRDA:298,43,1,0
BRDA:298,43,2,0
BRF:89
BRH:0
end_of_record
TN:
SF:src/components/HeadInsureeMasterPanel.js
FN:12,(anonymous_0)
FN:20,(anonymous_1)
FN:29,(anonymous_2)
FN:37,(anonymous_3)
FNF:4
FNH:0
FNDA:0,(anonymous_0)
FNDA:0,(anonymous_1)
FNDA:0,(anonymous_2)
FNDA:0,(anonymous_3)
DA:10,0
DA:12,0
DA:13,0
DA:20,0
DA:21,0
DA:22,0
DA:23,0
DA:24,0
DA:25,0
DA:30,0
DA:31,0
DA:37,0
DA:46,0
LF:13
LH:0
BRDA:24,0,0,0
BRDA:24,0,1,0
BRDA:24,1,0,0
BRDA:24,1,1,0
BRDA:50,2,0,0
BRDA:50,2,1,0
BRF:6
BRH:0
end_of_record
TN:
SF:src/components/InsureeAddress.js
FN:18,(anonymous_0)
FN:22,(anonymous_1)
FN:44,(anonymous_2)
FN:44,(anonymous_3)
FN:68,(anonymous_4)
FN:68,(anonymous_5)
FNF:6
FNH:0
FNDA:0,(anonymous_0)
FNDA:0,(anonymous_1)
FNDA:0,(anonymous_2)
FNDA:0,(anonymous_3)
FNDA:0,(anonymous_4)
FNDA:0,(anonymous_5)
DA:18,0
DA:22,0
DA:28,0
DA:29,0
DA:30,0
DA:32,0
DA:33,0
DA:35,0
DA:44,0
DA:68,0
LF:10
LH:0
BRDA:49,0,0,0
BRDA:49,0,1,0
BRDA:53,1,0,0
BRDA:53,1,1,0
BRDA:73,2,0,0
BRDA:73,2,1,0
BRDA:80,3,0,0
BRDA:80,3,1,0
BRF:8
BRH:0
end_of_record
TN:
SF:src/components/InsureeAvatar.js
FN:8,(anonymous_0)
FN:19,(anonymous_1)
FN:24,(anonymous_2)
FN:34,(anonymous_3)
FN:38,(anonymous_4)
FN:82,(anonymous_5)
FN:93,(anonymous_6)
FNF:7
FNH:0
FNDA:0,(anonymous_0)
FNDA:0,(anonymous_1)
FNDA:0,(anonymous_2)
FNDA:0,(anonymous_3)
FNDA:0,(anonymous_4)
FNDA:0,(anonymous_5)
FNDA:0,(anonymous_6)
DA:8,0
DA:19,0
DA:20,0
DA:21,0
DA:22,0
DA:24,0
DA:25,0
DA:26,0
DA:28,0
DA:29,0
DA:31,0
DA:34,0
DA:35,0
DA:36,0
DA:37,0
DA:38,0
DA:39,0
DA:47,0
DA:51,0
DA:52,0
DA:82,0
DA:93,0
LF:22
LH:0
BRDA:20,0,0,0
BRDA:25,1,0,0
BRDA:25,1,1,0
BRDA:28,2,0,0
BRDA:28,2,1,0
BRDA:35,3,0,0
BRDA:35,3,1,0
BRDA:51,4,0,0
BRDA:51,4,1,0
BRDA:51,5,0,0
BRDA:51,5,1,0
BRDA:60,6,0,0
BRDA:60,6,1,0
BRDA:72,7,0,0
BRDA:72,7,1,0
BRF:15
BRH:0
end_of_record
TN:
SF:src/components/InsureeCappedItemServiceLink.js
FN:8,(anonymous_0)
FN:15,(anonymous_1)
FN:27,(anonymous_2)
FNF:3
FNH:0
FNDA:0,(anonymous_0)
FNDA:0,(anonymous_1)
FNDA:0,(anonymous_2)
DA:8,0
DA:16,0
DA:17,0
DA:27,0
LF:4
LH:0
BRDA:19,0,0,0
BRDA:19,0,1,0
BRF:2
BRH:0
end_of_record
TN:
SF:src/components/InsureeFilter.js
FN:18,(anonymous_0)
FN:33,(anonymous_1)
FN:46,(anonymous_2)
FN:51,(anonymous_3)
FN:56,(anonymous_4)
FN:67,(anonymous_5)
FN:80,(anonymous_6)
FN:96,(anonymous_7)
FN:109,(anonymous_8)
FN:125,(anonymous_9)
FN:154,(anonymous_10)
FN:189,(anonymous_11)
FN:210,(anonymous_12)
FN:235,(anonymous_13)
FN:258,(anonymous_14)
FN:279,(anonymous_15)
FN:305,(anonymous_16)
FN:323,(anonymous_17)
FN:348,(anonymous_18)
FN:371,(anonymous_19)
FNF:20
FNH:0
FNDA:0,(anonymous_0)
FNDA:0,(anonymous_1)
FNDA:0,(anonymous_2)
FNDA:0,(anonymous_3)
FNDA:0,(anonymous_4)
FNDA:0,(anonymous_5)
FNDA:0,(anonymous_6)
FNDA:0,(anonymous_7)
FNDA:0,(anonymous_8)
FNDA:0,(anonymous_9)
FNDA:0,(anonymous_10)
FNDA:0,(anonymous_11)
FNDA:0,(anonymous_12)
FNDA:0,(anonymous_13)
FNDA:0,(anonymous_14)
FNDA:0,(anonymous_15)
FNDA:0,(anonymous_16)
FNDA:0,(anonymous_17)
FNDA:0,(anonymous_18)
FNDA:0,(anonymous_19)
DA:18,0
DA:30,0
DA:34,0
DA:35,0
DA:41,0
DA:46,0
DA:47,0
DA:48,0
DA:51,0
DA:52,0
DA:53,0
DA:56,0
DA:57,0
DA:64,0
DA:67,0
DA:68,0
DA:69,0
DA:81,0
DA:96,0
DA:97,0
DA:98,0
DA:110,0
DA:126,0
DA:127,0
DA:155,0
DA:190,0
DA:211,0
DA:236,0
DA:259,0
DA:280,0
DA:306,0
DA:324,0
DA:349,0
DA:371,0
LF:34
LH:0
BRDA:48,0,0,0
BRDA:48,0,1,0
BRDA:48,1,0,0
BRDA:48,1,1,0
BRDA:53,2,0,0
BRDA:53,2,1,0
BRDA:53,3,0,0
BRDA:53,3,1,0
BRDA:167,4,0,0
BRDA:167,4,1,0
BRDA:194,5,0,0
BRDA:194,5,1,0
BRDA:304,6,0,0
BRDA:304,6,1,0
BRDA:322,7,0,0
BRDA:322,7,1,0
BRF:16
BRH:0
end_of_record
TN:
SF:src/components/InsureeFirstServicePointDisplay.js
FN:5,(anonymous_0)
FNF:1
FNH:0
FNDA:0,(anonymous_0)
DA:5,0
DA:6,0
DA:7,0
LF:3
LH:0
BRDA:6,0,0,0
BRDA:6,0,1,0
BRF:2
BRH:0
end_of_record
TN:
SF:src/components/InsureeFirstServicePointPanel.js
FN:8,(anonymous_0)
FN:15,(anonymous_1)
FN:35,(anonymous_2)
FNF:3
FNH:0
FNDA:0,(anonymous_0)
FNDA:0,(anonymous_1)
FNDA:0,(anonymous_2)
DA:8,0
DA:16,0
DA:17,0
DA:18,0
DA:35,0
LF:5
LH:0
BRDA:27,0,0,0
BRDA:27,0,1,0
BRDA:27,1,0,0
BRDA:27,1,1,0
BRDA:32,2,0,0
BRDA:32,2,1,0
BRF:6
BRH:0
end_of_record
TN:
SF:src/components/InsureeForm.js
FN:26,(anonymous_0)
FN:34,(anonymous_1)
FN:45,(anonymous_2)
FN:53,(anonymous_3)
FN:60,(anonymous_4)
FN:61,(anonymous_5)
FN:72,(anonymous_6)
FN:81,(anonymous_7)
FN:90,(anonymous_8)
FN:105,(anonymous_9)
FN:109,(anonymous_10)
FN:111,(anonymous_11)
FN:117,(anonymous_12)
FN:124,(anonymous_13)
FN:142,(anonymous_14)
FN:164,(anonymous_15)
FN:182,(anonymous_16)
FN:190,(anonymous_17)
FN:198,(anonymous_18)
FN:207,(anonymous_19)
FN:212,(anonymous_20)
FN:215,(anonymous_21)
FN:219,(anonymous_22)
FN:284,(anonymous_23)
FNF:24
FNH:0
FNDA:0,(anonymous_0)
FNDA:0,(anonymous_1)
FNDA:0,(anonymous_2)
FNDA:0,(anonymous_3)
FNDA:0,(anonymous_4)
FNDA:0,(anonymous_5)
FNDA:0,(anonymous_6)
FNDA:0,(anonymous_7)
FNDA:0,(anonymous_8)
FNDA:0,(anonymous_9)
FNDA:0,(anonymous_10)
FNDA:0,(anonymous_11)
FNDA:0,(anonymous_12)
FNDA:0,(anonymous_13)
FNDA:0,(anonymous_14)
FNDA:0,(anonymous_15)
FNDA:0,(anonymous_16)
FNDA:0,(anonymous_17)
FNDA:0,(anonymous_18)
FNDA:0,(anonymous_19)
FNDA:0,(anonymous_20)
FNDA:0,(anonymous_21)
FNDA:0,(anonymous_22)
FNDA:0,(anonymous_23)
DA:26,0
DA:31,0
DA:35,0
DA:36,0
DA:46,0
DA:47,0
DA:48,0
DA:49,0
DA:50,0
DA:54,0
DA:55,0
DA:56,0
DA:59,0
DA:60,0
DA:61,0
DA:63,0
DA:64,0
DA:65,0
DA:66,0
DA:67,0
DA:68,0
DA:72,0
DA:73,0
DA:74,0
DA:75,0
DA:77,0
DA:82,0
DA:83,0
DA:84,0
DA:85,0
DA:86,0
DA:87,0
DA:88,0
DA:89,0
DA:90,0
DA:91,0
DA:99,0
DA:100,0
DA:101,0
DA:105,0
DA:106,0
DA:109,0
DA:110,0
DA:111,0
DA:118,0
DA:119,0
DA:124,0
DA:125,0
DA:134,0
DA:136,0
DA:137,0
DA:138,0
DA:140,0
DA:142,0
DA:147,0
DA:150,0
DA:151,0
DA:152,0
DA:153,0
DA:154,0
DA:156,0
DA:157,0
DA:162,0
DA:164,0
DA:169,0
DA:172,0
DA:182,0
DA:183,0
DA:184,0
DA:185,0
DA:187,0
DA:190,0
DA:191,0
DA:192,0
DA:193,0
DA:195,0
DA:198,0
DA:199,0
DA:200,0
DA:201,0
DA:202,0
DA:204,0
DA:207,0
DA:208,0
DA:209,0
DA:211,0
DA:212,0
DA:215,0
DA:216,0
DA:235,0
DA:236,0
DA:237,0
DA:238,0
DA:239,0
DA:246,0
DA:247,0
DA:284,0
LF:97
LH:0
BRDA:54,0,0,0
BRDA:54,0,1,0
BRDA:55,1,0,0
BRDA:55,1,1,0
BRDA:63,2,0,0
BRDA:63,2,1,0
BRDA:63,3,0,0
BRDA:63,3,1,0
BRDA:63,3,2,0
BRDA:65,4,0,0
BRDA:65,4,1,0
BRDA:74,5,0,0
BRDA:74,5,1,0
BRDA:82,6,0,0
BRDA:82,6,1,0
BRDA:82,7,0,0
BRDA:82,7,1,0
BRDA:83,8,0,0
BRDA:83,8,1,0
BRDA:84,9,0,0
BRDA:84,9,1,0
BRDA:86,10,0,0
BRDA:86,10,1,0
BRDA:86,11,0,0
BRDA:86,11,1,0
BRDA:88,12,0,0
BRDA:88,12,1,0
BRDA:88,13,0,0
BRDA:88,13,1,0
BRDA:99,14,0,0
BRDA:99,14,1,0
BRDA:99,15,0,0
BRDA:99,15,1,0
BRDA:136,16,0,0
BRDA:136,16,1,0
BRDA:150,17,0,0
BRDA:150,17,1,0
BRDA:159,18,0,0
BRDA:159,18,1,0
BRDA:184,19,0,0
BRDA:184,19,1,0
BRDA:192,20,0,0
BRDA:192,20,1,0
BRDA:200,21,0,0
BRDA:200,21,1,0
BRDA:201,22,0,0
BRDA:201,22,1,0
BRDA:202,23,0,0
BRDA:202,23,1,0
BRDA:208,24,0,0
BRDA:208,24,1,0
BRDA:209,25,0,0
BRDA:209,25,1,0
BRDA:231,26,0,0
BRDA:237,27,0,0
BRDA:237,27,1,0
BRDA:238,28,0,0
BRDA:238,28,1,0
BRDA:243,29,0,0
BRDA:243,29,1,0
BRDA:243,29,2,0
BRDA:246,30,0,0
BRDA:246,30,1,0
BRDA:248,31,0,0
BRDA:248,31,1,0
BRDA:256,32,0,0
BRDA:256,32,1,0
BRDA:256,32,2,0
BRDA:256,32,3,0
BRDA:256,32,4,0
BRDA:256,32,5,0
BRDA:256,32,6,0
BRDA:256,32,7,0
BRDA:256,32,8,0
BRDA:266,33,0,0
BRDA:266,33,1,0
BRDA:266,34,0,0
BRDA:266,34,1,0
BRDA:267,35,0,0
BRDA:267,35,1,0
BRDA:267,35,2,0
BRDA:275,36,0,0
BRDA:275,36,1,0
BRDA:285,37,0,0
BRDA:285,37,1,0
BRDA:285,38,0,0
BRDA:285,38,1,0
BRDA:285,38,2,0
BRF:88
BRH:0
end_of_record
TN:
SF:src/components/InsureeMasterPanel.js
FN:15,(anonymous_0)
FN:29,(anonymous_1)
FN:48,(anonymous_2)
FN:57,(anonymous_3)
FN:63,(anonymous_4)
FN:71,(anonymous_5)
FN:76,(anonymous_6)
FN:111,(anonymous_7)
FN:116,(anonymous_8)
FN:137,(anonymous_9)
FN:162,(anonymous_10)
FN:173,(anonymous_11)
FN:183,(anonymous_12)
FN:193,(anonymous_13)
FN:205,(anonymous_14)
FN:206,(anonymous_15)
FN:215,(anonymous_16)
FN:224,(anonymous_17)
FN:234,(anonymous_18)
FN:244,(anonymous_19)
FN:254,(anonymous_20)
FN:263,(anonymous_21)
FN:274,(anonymous_22)
FN:287,(anonymous_23)
FN:302,(anonymous_24)
FN:315,(anonymous_25)
FNF:26
FNH:0
FNDA:0,(anonymous_0)
FNDA:0,(anonymous_1)
FNDA:0,(anonymous_2)
FNDA:0,(anonymous_3)
FNDA:0,(anonymous_4)
FNDA:0,(anonymous_5)
FNDA:0,(anonymous_6)
FNDA:0,(anonymous_7)
FNDA:0,(anonymous_8)
FNDA:0,(anonymous_9)
FNDA:0,(anonymous_10)
FNDA:0,(anonymous_11)
FNDA:0,(anonymous_12)
FNDA:0,(anonymous_13)
FNDA:0,(anonymous_14)
FNDA:0,(anonymous_15)
FNDA:0,(anonymous_16)
FNDA:0,(anonymous_17)
FNDA:0,(anonymous_18)
FNDA:0,(anonymous_19)
FNDA:0,(anonymous_20)
FNDA:0,(anonymous_21)
FNDA:0,(anonymous_22)
FNDA:0,(anonymous_23)
FNDA:0,(anonymous_24)
FNDA:0,(anonymous_25)
DA:15,0
DA:25,0
DA:26,0
DA:30,0
DA:31,0
DA:36,0
DA:41,0
DA:48,0
DA:49,0
DA:57,0
DA:63,0
DA:64,0
DA:71,0
DA:86,0
DA:88,0
DA:111,0
DA:117,0
DA:137,0
DA:162,0
DA:173,0
DA:183,0
DA:193,0
DA:205,0
DA:206,0
DA:215,0
DA:224,0
DA:234,0
DA:244,0
DA:254,0
DA:263,0
DA:274,0
DA:287,0
DA:302,0
DA:315,0
LF:34
LH:0
BRDA:56,0,0,0
BRDA:56,0,1,0
BRDA:56,1,0,0
BRDA:56,1,1,0
BRDA:70,2,0,0
BRDA:70,2,1,0
BRDA:70,3,0,0
BRDA:70,3,1,0
BRDA:81,4,0,0
BRDA:82,5,0,0
BRDA:83,6,0,0
BRDA:100,7,0,0
BRDA:100,7,1,0
BRDA:100,7,2,0
BRDA:100,7,3,0
BRDA:100,7,4,0
BRDA:110,8,0,0
BRDA:110,8,1,0
BRDA:110,9,0,0
BRDA:110,9,1,0
BRDA:115,10,0,0
BRDA:115,10,1,0
BRDA:140,11,0,0
BRDA:140,11,1,0
BRDA:156,12,0,0
BRDA:156,12,1,0
BRDA:168,13,0,0
BRDA:168,13,1,0
BRDA:168,14,0,0
BRDA:168,14,1,0
BRDA:179,15,0,0
BRDA:179,15,1,0
BRDA:179,16,0,0
BRDA:179,16,1,0
BRDA:191,17,0,0
BRDA:191,17,1,0
BRDA:193,18,0,0
BRDA:193,18,1,0
BRDA:214,19,0,0
BRDA:214,19,1,0
BRDA:214,20,0,0
BRDA:214,20,1,0
BRDA:223,21,0,0
BRDA:223,21,1,0
BRDA:223,22,0,0
BRDA:223,22,1,0
BRDA:231,23,0,0
BRDA:231,23,1,0
BRDA:231,24,0,0
BRDA:231,24,1,0
BRDA:241,25,0,0
BRDA:241,25,1,0
BRDA:241,26,0,0
BRDA:241,26,1,0
BRDA:251,27,0,0
BRDA:251,27,1,0
BRDA:251,28,0,0
BRDA:251,28,1,0
BRDA:262,29,0,0
BRDA:262,29,1,0
BRDA:262,30,0,0
BRDA:262,30,1,0
BRDA:263,31,0,0
BRDA:263,31,1,0
BRDA:273,32,0,0
BRDA:273,32,1,0
BRDA:278,33,0,0
BRDA:278,33,1,0
BRDA:278,33,2,0
BRDA:291,34,0,0
BRDA:291,34,1,0
BRDA:291,34,2,0
BRDA:311,35,0,0
BRDA:311,35,1,0
BRDA:313,36,0,0
BRDA:313,36,1,0
BRDA:315,37,0,0
BRDA:315,37,1,0
BRF:78
BRH:0
end_of_record
TN:
SF:src/components/InsureeProfileLink.js
FN:10,(anonymous_0)
FN:16,(anonymous_1)
FN:22,(anonymous_2)
FN:29,(anonymous_3)
FNF:4
FNH:0
FNDA:0,(anonymous_0)
FNDA:0,(anonymous_1)
FNDA:0,(anonymous_2)
FNDA:0,(anonymous_3)
DA:10,0
DA:16,0
DA:17,0
DA:18,0
DA:19,0
DA:20,0
DA:22,0
DA:23,0
DA:25,0
DA:29,0
LF:10
LH:0
BRDA:22,0,0,0
BRF:1
BRH:0
end_of_record
TN:
SF:src/components/InsureeSearcher.js
FN:43,(anonymous_0)
FN:64,(anonymous_1)
FN:68,(anonymous_2)
FN:83,(anonymous_3)
FN:87,(anonymous_4)
FN:93,(anonymous_5)
FN:98,(anonymous_6)
FN:103,(anonymous_7)
FN:105,(anonymous_8)
FN:107,(anonymous_9)
FN:108,(anonymous_10)
FN:126,(anonymous_11)
FN:136,(anonymous_12)
FN:144,(anonymous_13)
FN:157,(anonymous_14)
FN:161,(anonymous_15)
FN:163,(anonymous_16)
FN:173,(anonymous_17)
FN:177,(anonymous_18)
FN:181,(anonymous_19)
FN:182,(anonymous_20)
FN:189,(anonymous_21)
FN:199,(anonymous_22)
FN:201,(anonymous_23)
FN:202,(anonymous_24)
FN:203,(anonymous_25)
FN:204,(anonymous_26)
FN:212,(anonymous_27)
FN:220,(anonymous_28)
FN:221,(anonymous_29)
FN:222,(anonymous_30)
FN:227,(anonymous_31)
FN:233,(anonymous_32)
FN:236,(anonymous_33)
FN:238,(anonymous_34)
FN:244,(anonymous_35)
FN:255,(anonymous_36)
FN:272,(anonymous_37)
FN:284,(anonymous_38)
FN:297,(anonymous_39)
FN:304,(anonymous_40)
FN:305,(anonymous_41)
FN:307,(anonymous_42)
FN:339,(anonymous_43)
FN:349,(anonymous_44)
FN:357,(anonymous_45)
FN:369,(anonymous_46)
FNF:47
FNH:0
FNDA:0,(anonymous_0)
FNDA:0,(anonymous_1)
FNDA:0,(anonymous_2)
FNDA:0,(anonymous_3)
FNDA:0,(anonymous_4)
FNDA:0,(anonymous_5)
FNDA:0,(anonymous_6)
FNDA:0,(anonymous_7)
FNDA:0,(anonymous_8)
FNDA:0,(anonymous_9)
FNDA:0,(anonymous_10)
FNDA:0,(anonymous_11)
FNDA:0,(anonymous_12)
FNDA:0,(anonymous_13)
FNDA:0,(anonymous_14)
FNDA:0,(anonymous_15)
FNDA:0,(anonymous_16)
FNDA:0,(anonymous_17)
FNDA:0,(anonymous_18)
FNDA:0,(anonymous_19)
FNDA:0,(anonymous_20)
FNDA:0,(anonymous_21)
FNDA:0,(anonymous_22)
FNDA:0,(anonymous_23)
FNDA:0,(anonymous_24)
FNDA:0,(anonymous_25)
FNDA:0,(anonymous_26)
FNDA:0,(anonymous_27)
FNDA:0,(anonymous_28)
FNDA:0,(anonymous_29)
FNDA:0,(anonymous_30)
FNDA:0,(anonymous_31)
FNDA:0,(anonymous_32)
FNDA:0,(anonymous_33)
FNDA:0,(anonymous_34)
FNDA:0,(anonymous_35)
FNDA:0,(anonymous_36)
FNDA:0,(anonymous_37)
FNDA:0,(anonymous_38)
FNDA:0,(anonymous_39)
FNDA:0,(anonymous_40)
FNDA:0,(anonymous_41)
FNDA:0,(anonymous_42)
FNDA:0,(anonymous_43)
FNDA:0,(anonymous_44)
FNDA:0,(anonymous_45)
FNDA:0,(anonymous_46)
DA:30,0
DA:33,0
DA:44,0
DA:45,0
DA:50,0
DA:51,0
DA:52,0
DA:57,0
DA:65,0
DA:69,0
DA:70,0
DA:71,0
DA:72,0
DA:73,0
DA:75,0
DA:79,0
DA:83,0
DA:84,0
DA:87,0
DA:88,0
DA:89,0
DA:93,0
DA:94,0
DA:95,0
DA:98,0
DA:99,0
DA:103,0
DA:105,0
DA:106,0
DA:107,0
DA:108,0
DA:109,0
DA:110,0
DA:112,0
DA:113,0
DA:114,0
DA:116,0
DA:117,0
DA:118,0
DA:120,0
DA:121,0
DA:123,0
DA:126,0
DA:127,0
DA:136,0
DA:141,0
DA:144,0
DA:145,0
DA:157,0
DA:158,0
DA:161,0
DA:163,0
DA:164,0
DA:165,0
DA:166,0
DA:167,0
DA:168,0
DA:170,0
DA:173,0
DA:174,0
DA:177,0
DA:178,0
DA:181,0
DA:182,0
DA:183,0
DA:189,0
DA:190,0
DA:196,0
DA:199,0
DA:200,0
DA:201,0
DA:202,0
DA:203,0
DA:205,0
DA:213,0
DA:220,0
DA:221,0
DA:222,0
DA:224,0
DA:226,0
DA:227,0
DA:228,0
DA:231,0
DA:233,0
DA:236,0
DA:239,0
DA:244,0
DA:256,0
DA:272,0
DA:284,0
DA:294,0
DA:297,0
DA:298,0
DA:304,0
DA:305,0
DA:318,0
DA:319,0
DA:320,0
DA:322,0
DA:349,0
DA:357,0
DA:369,0
DA:370,0
LF:103
LH:0
BRDA:69,0,0,0
BRDA:69,0,1,0
BRDA:69,1,0,0
BRDA:69,1,1,0
BRDA:72,2,0,0
BRDA:72,2,1,0
BRDA:72,3,0,0
BRDA:72,3,1,0
BRDA:72,3,2,0
BRDA:75,4,0,0
BRDA:75,4,1,0
BRDA:76,5,0,0
BRDA:76,5,1,0
BRDA:88,6,0,0
BRDA:88,6,1,0
BRDA:88,7,0,0
BRDA:88,7,1,0
BRDA:94,8,0,0
BRDA:94,8,1,0
BRDA:109,9,0,0
BRDA:109,9,1,0
BRDA:109,10,0,0
BRDA:109,10,1,0
BRDA:112,11,0,0
BRDA:112,11,1,0
BRDA:116,12,0,0
BRDA:116,12,1,0
BRDA:120,13,0,0
BRDA:120,13,1,0
BRDA:129,14,0,0
BRDA:129,14,1,0
BRDA:130,15,0,0
BRDA:130,15,1,0
BRDA:137,16,0,0
BRDA:137,16,1,0
BRDA:138,17,0,0
BRDA:138,17,1,0
BRDA:147,18,0,0
BRDA:147,18,1,0
BRDA:148,19,0,0
BRDA:148,19,1,0
BRDA:154,20,0,0
BRDA:154,20,1,0
BRDA:155,21,0,0
BRDA:155,21,1,0
BRDA:164,22,0,0
BRDA:164,22,1,0
BRDA:167,23,0,0
BRDA:167,23,1,0
BRDA:170,24,0,0
BRDA:170,24,1,0
BRDA:185,25,0,0
BRDA:185,25,1,0
BRDA:202,26,0,0
BRDA:202,26,1,0
BRDA:202,27,0,0
BRDA:202,27,1,0
BRDA:203,28,0,0
BRDA:203,28,1,0
BRDA:203,29,0,0
BRDA:203,29,1,0
BRDA:209,30,0,0
BRDA:209,30,1,0
BRDA:217,31,0,0
BRDA:217,31,1,0
BRDA:228,32,0,0
BRDA:228,32,1,0
BRDA:228,32,2,0
BRDA:232,33,0,0
BRDA:232,33,1,0
BRDA:235,34,0,0
BRDA:235,34,1,0
BRDA:244,35,0,0
BRDA:244,35,1,0
BRDA:249,36,0,0
BRDA:249,36,1,0
BRDA:256,37,0,0
BRDA:256,37,1,0
BRDA:272,38,0,0
BRDA:272,38,1,0
BRDA:278,39,0,0
BRDA:278,39,1,0
BRDA:278,39,2,0
BRDA:284,40,0,0
BRDA:284,40,1,0
BRDA:320,41,0,0
BRDA:320,41,1,0
BRDA:339,42,0,0
BRDA:339,42,1,0
BRDA:339,43,0,0
BRDA:339,43,1,0
BRDA:339,44,0,0
BRDA:339,44,1,0
BRDA:349,45,0,0
BRDA:349,45,1,0
BRDA:358,46,0,0
BRDA:358,46,1,0
BRDA:358,47,0,0
BRDA:358,47,1,0
BRDA:358,47,2,0
BRF:100
BRH:0
end_of_record
TN:
SF:src/components/InsureeSummary.js
FN:27,(anonymous_0)
FN:33,goToFamilyUuid
FN:37,(anonymous_2)
FN:165,(anonymous_3)
FNF:4
FNH:0
FNDA:0,(anonymous_0)
FNDA:0,goToFamilyUuid
FNDA:0,(anonymous_2)
FNDA:0,(anonymous_3)
DA:22,0
DA:23,0
DA:24,0
DA:25,0
DA:27,0
DA:34,0
DA:37,0
DA:38,0
DA:39,0
DA:40,0
DA:41,0
DA:42,0
DA:47,0
DA:52,0
DA:58,0
DA:165,0
LF:16
LH:0
BRDA:60,0,0,0
BRDA:60,0,1,0
BRDA:80,1,0,0
BRDA:80,1,1,0
BRDA:82,2,0,0
BRDA:82,2,1,0
BRDA:132,3,0,0
BRDA:132,3,1,0
BRDA:141,4,0,0
BRDA:141,4,1,0
BRDA:155,5,0,0
BRDA:155,5,1,0
BRDA:160,6,0,0
BRDA:160,6,1,0
BRDA:174,7,0,0
BRDA:174,7,1,0
BRF:16
BRH:0
end_of_record
TN:
SF:src/components/RemoveInsureeFromFamilyDialog.js
FN:6,(anonymous_0)
FN:18,(anonymous_1)
FN:24,(anonymous_2)
FN:46,(anonymous_3)
FN:51,(anonymous_4)
FNF:5
FNH:0
FNDA:0,(anonymous_0)
FNDA:0,(anonymous_1)
FNDA:0,(anonymous_2)
FNDA:0,(anonymous_3)
FNDA:0,(anonymous_4)
DA:6,0
DA:19,0
DA:20,0
DA:21,0
DA:25,0
DA:26,0
DA:46,0
DA:51,0
LF:8
LH:0
BRDA:45,0,0,0
BRDA:45,0,1,0
BRDA:50,1,0,0
BRDA:50,1,1,0
BRF:4
BRH:0
end_of_record
TN:
SF:src/menus/InsureeMainMenu.js
FN:12,(anonymous_0)
FN:22,(anonymous_1)
FN:32,(anonymous_2)
FN:76,(anonymous_3)
FN:92,(anonymous_4)
FNF:5
FNH:0
FNDA:0,(anonymous_0)
FNDA:0,(anonymous_1)
FNDA:0,(anonymous_2)
FNDA:0,(anonymous_3)
FNDA:0,(anonymous_4)
DA:8,0
DA:9,0
DA:13,0
DA:14,0
DA:15,0
DA:23,0
DA:24,0
DA:26,0
DA:27,0
DA:29,0
DA:32,0
DA:35,0
DA:37,0
DA:48,0
DA:49,0
DA:57,0
DA:58,0
DA:65,0
DA:66,0
DA:73,0
DA:76,0
DA:79,0
DA:80,0
DA:92,0
LF:24
LH:0
BRDA:26,0,0,0
BRDA:26,0,1,0
BRDA:32,1,0,0
BRDA:32,1,1,0
BRDA:35,2,0,0
BRDA:35,2,1,0
BRDA:48,3,0,0
BRDA:48,3,1,0
BRDA:57,4,0,0
BRDA:57,4,1,0
BRDA:65,5,0,0
BRDA:65,5,1,0
BRDA:76,6,0,0
BRDA:76,6,1,0
BRDA:79,7,0,0
BRDA:79,7,1,0
BRDA:93,8,0,0
BRDA:93,8,1,0
BRDA:93,9,0,0
BRDA:93,9,1,0
BRDA:93,9,2,0
BRF:21
BRH:0
end_of_record
TN:
SF:src/pages/CappedItemServicePage.js
FN:5,(anonymous_0)
FNF:1
FNH:0
FNDA:0,(anonymous_0)
DA:6,0
LF:1
LH:0
BRF:0
BRH:0
end_of_record
TN:
SF:src/pages/FamiliesPage.js
FN:20,(anonymous_0)
FN:30,(anonymous_1)
FN:38,(anonymous_2)
FN:42,(anonymous_3)
FN:46,(anonymous_4)
FN:52,(anonymous_5)
FN:61,(anonymous_6)
FN:86,(anonymous_7)
FN:91,(anonymous_8)
FNF:9
FNH:0
FNDA:0,(anonymous_0)
FNDA:0,(anonymous_1)
FNDA:0,(anonymous_2)
FNDA:0,(anonymous_3)
FNDA:0,(anonymous_4)
FNDA:0,(anonymous_5)
FNDA:0,(anonymous_6)
FNDA:0,(anonymous_7)
FNDA:0,(anonymous_8)
DA:20,0
DA:25,0
DA:26,0
DA:31,0
DA:32,0
DA:33,0
DA:38,0
DA:39,0
DA:42,0
DA:43,0
DA:46,0
DA:47,0
DA:48,0
DA:49,0
DA:52,0
DA:53,0
DA:56,0
DA:57,0
DA:58,0
DA:62,0
DA:63,0
DA:86,0
DA:91,0
LF:23
LH:0
BRDA:38,0,0,0
BRDA:49,1,0,0
BRDA:49,1,1,0
BRDA:58,2,0,0
BRDA:58,2,1,0
BRDA:72,3,0,0
BRDA:72,3,1,0
BRDA:87,4,0,0
BRDA:87,4,1,0
BRDA:87,5,0,0
BRDA:87,5,1,0
BRDA:87,5,2,0
BRF:12
BRH:0
end_of_record
TN:
SF:src/pages/FamilyOverviewPage.js
FN:8,(anonymous_0)
FN:12,(anonymous_1)
FN:21,(anonymous_2)
FNF:3
FNH:0
FNDA:0,(anonymous_0)
FNDA:0,(anonymous_1)
FNDA:0,(anonymous_2)
DA:9,0
DA:10,0
DA:12,0
DA:17,0
DA:21,0
LF:5
LH:0
BRF:0
BRH:0
end_of_record
TN:
SF:src/pages/FamilyPage.js
FN:12,(anonymous_0)
FN:17,(anonymous_1)
FN:21,(anonymous_2)
FN:41,(anonymous_3)
FN:45,(anonymous_4)
FN:54,(anonymous_5)
FN:64,(anonymous_6)
FN:69,(anonymous_7)
FNF:8
FNH:0
FNDA:0,(anonymous_0)
FNDA:0,(anonymous_1)
FNDA:0,(anonymous_2)
FNDA:0,(anonymous_3)
FNDA:0,(anonymous_4)
FNDA:0,(anonymous_5)
FNDA:0,(anonymous_6)
FNDA:0,(anonymous_7)
DA:12,0
DA:17,0
DA:18,0
DA:21,0
DA:22,0
DA:23,0
DA:31,0
DA:41,0
DA:42,0
DA:46,0
DA:47,0
DA:49,0
DA:54,0
DA:64,0
DA:69,0
DA:70,0
LF:16
LH:0
BRDA:22,0,0,0
BRDA:22,0,1,0
BRDA:47,1,0,0
BRDA:47,1,1,0
BRDA:55,2,0,0
BRDA:55,2,1,0
BRDA:56,3,0,0
BRDA:56,3,1,0
BRDA:57,4,0,0
BRDA:57,4,1,0
BRDA:65,5,0,0
BRDA:65,5,1,0
BRDA:65,6,0,0
BRDA:65,6,1,0
BRDA:65,6,2,0
BRF:15
BRH:0
end_of_record
TN:
SF:src/pages/InsureePage.js
FN:11,(anonymous_0)
FN:16,(anonymous_1)
FN:20,(anonymous_2)
FN:40,(anonymous_3)
FN:48,(anonymous_4)
FN:58,(anonymous_5)
FN:64,(anonymous_6)
FNF:7
FNH:0
FNDA:0,(anonymous_0)
FNDA:0,(anonymous_1)
FNDA:0,(anonymous_2)
FNDA:0,(anonymous_3)
FNDA:0,(anonymous_4)
FNDA:0,(anonymous_5)
FNDA:0,(anonymous_6)
DA:11,0
DA:16,0
DA:17,0
DA:20,0
DA:21,0
DA:22,0
DA:30,0
DA:41,0
DA:42,0
DA:43,0
DA:48,0
DA:58,0
DA:64,0
DA:65,0
LF:14
LH:0
BRDA:21,0,0,0
BRDA:21,0,1,0
BRDA:26,1,0,0
BRDA:26,1,1,0
BRDA:34,2,0,0
BRDA:34,2,1,0
BRDA:42,3,0,0
BRDA:42,3,1,0
BRDA:46,4,0,0
BRDA:46,4,1,0
BRDA:49,5,0,0
BRDA:49,5,1,0
BRDA:50,6,0,0
BRDA:50,6,1,0
BRDA:51,7,0,0
BRDA:51,7,1,0
BRDA:59,8,0,0
BRDA:59,8,1,0
BRDA:59,9,0,0
BRDA:59,9,1,0
BRDA:59,9,2,0
BRF:21
BRH:0
end_of_record
TN:
SF:src/pages/InsureesPage.js
FN:20,(anonymous_0)
FN:26,(anonymous_1)
FN:34,(anonymous_2)
FN:38,(anonymous_3)
FN:42,(anonymous_4)
FN:48,(anonymous_5)
FN:57,(anonymous_6)
FN:76,(anonymous_7)
FN:81,(anonymous_8)
FNF:9
FNH:0
FNDA:0,(anonymous_0)
FNDA:0,(anonymous_1)
FNDA:0,(anonymous_2)
FNDA:0,(anonymous_3)
FNDA:0,(anonymous_4)
FNDA:0,(anonymous_5)
FNDA:0,(anonymous_6)
FNDA:0,(anonymous_7)
FNDA:0,(anonymous_8)
DA:20,0
DA:27,0
DA:28,0
DA:29,0
DA:34,0
DA:35,0
DA:38,0
DA:39,0
DA:42,0
DA:43,0
DA:44,0
DA:45,0
DA:48,0
DA:49,0
DA:52,0
DA:53,0
DA:54,0
DA:58,0
DA:59,0
DA:76,0
DA:81,0
LF:21
LH:0
BRDA:34,0,0,0
BRDA:45,1,0,0
BRDA:45,1,1,0
BRDA:54,2,0,0
BRDA:54,2,1,0
BRDA:62,3,0,0
BRDA:62,3,1,0
BRDA:77,4,0,0
BRDA:77,4,1,0
BRDA:77,5,0,0
BRDA:77,5,1,0
BRDA:77,5,2,0
BRF:12
BRH:0
end_of_record
TN:
SF:src/pages/ProfilePage.js
FN:20,(anonymous_0)
FN:35,(anonymous_1)
FN:42,(anonymous_2)
FN:58,(anonymous_3)
FNF:4
FNH:0
FNDA:0,(anonymous_0)
FNDA:0,(anonymous_1)
FNDA:0,(anonymous_2)
FNDA:0,(anonymous_3)
DA:20,0
DA:30,0
DA:31,0
DA:32,0
DA:33,0
DA:35,0
DA:36,0
DA:37,0
DA:38,0
DA:39,0
DA:40,0
DA:42,0
DA:44,0
DA:45,0
DA:46,0
DA:52,0
DA:58,0
DA:59,0
DA:62,0
LF:19
LH:0
BRDA:59,0,0,0
BRDA:59,0,1,0
BRDA:71,1,0,0
BRDA:71,1,1,0
BRDA:91,2,0,0
BRDA:91,2,1,0
BRDA:93,3,0,0
BRDA:93,3,1,0
BRDA:143,4,0,0
BRDA:143,4,1,0
BRDA:152,5,0,0
BRDA:152,5,1,0
BRDA:164,6,0,0
BRDA:164,6,1,0
BRF:14
BRH:0
end_of_record
TN:
SF:src/pickers/ConfirmationTypePicker.js
FN:11,(anonymous_0)
FN:15,(anonymous_1)
FN:23,(anonymous_2)
FN:26,(anonymous_3)
FN:28,(anonymous_4)
FN:45,(anonymous_5)
FN:70,(anonymous_6)
FN:76,(anonymous_7)
FNF:8
FNH:0
FNDA:0,(anonymous_0)
FNDA:0,(anonymous_1)
FNDA:0,(anonymous_2)
FNDA:0,(anonymous_3)
FNDA:0,(anonymous_4)
FNDA:0,(anonymous_5)
FNDA:0,(anonymous_6)
FNDA:0,(anonymous_7)
DA:12,0
DA:15,0
DA:16,0
DA:21,0
DA:23,0
DA:24,0
DA:26,0
DA:43,0
DA:44,0
DA:45,0
DA:47,0
DA:48,0
DA:50,0
DA:70,0
DA:76,0
DA:77,0
LF:16
LH:0
BRDA:12,0,0,0
BRDA:12,0,1,0
BRDA:16,1,0,0
BRDA:16,1,1,0
BRDA:16,1,2,0
BRDA:21,2,0,0
BRDA:21,2,1,0
BRDA:24,3,0,0
BRDA:24,3,1,0
BRDA:32,4,0,0
BRDA:33,5,0,0
BRDA:34,6,0,0
BRDA:35,7,0,0
BRDA:39,8,0,0
BRDA:40,9,0,0
BRDA:41,10,0,0
BRDA:42,11,0,0
BRDA:44,12,0,0
BRDA:44,12,1,0
BRDA:47,13,0,0
BRDA:47,13,1,0
BRDA:54,14,0,0
BRDA:54,14,1,0
BRDA:56,15,0,0
BRDA:56,15,1,0
BRDA:56,16,0,0
BRDA:56,16,1,0
BRF:27
BRH:0
end_of_record
TN:
SF:src/pickers/EducationPicker.js
FN:11,(anonymous_0)
FN:16,(anonymous_1)
FN:20,(anonymous_2)
FN:28,(anonymous_3)
FN:30,(anonymous_4)
FN:32,(anonymous_5)
FN:69,(anonymous_6)
FN:75,(anonymous_7)
FNF:8
FNH:0
FNDA:0,(anonymous_0)
FNDA:0,(anonymous_1)
FNDA:0,(anonymous_2)
FNDA:0,(anonymous_3)
FNDA:0,(anonymous_4)
FNDA:0,(anonymous_5)
FNDA:0,(anonymous_6)
FNDA:0,(anonymous_7)
DA:12,0
DA:13,0
DA:17,0
DA:20,0
DA:21,0
DA:26,0
DA:28,0
DA:30,0
DA:46,0
DA:47,0
DA:69,0
DA:75,0
DA:76,0
LF:13
LH:0
BRDA:17,0,0,0
BRDA:17,0,1,0
BRDA:21,1,0,0
BRDA:21,1,1,0
BRDA:21,1,2,0
BRDA:26,2,0,0
BRDA:26,2,1,0
BRDA:36,3,0,0
BRDA:38,4,0,0
BRDA:42,5,0,0
BRDA:43,6,0,0
BRDA:44,7,0,0
BRDA:45,8,0,0
BRDA:51,9,0,0
BRDA:51,9,1,0
BRDA:51,9,2,0
BRDA:53,10,0,0
BRDA:53,10,1,0
BRDA:53,11,0,0
BRDA:53,11,1,0
BRF:20
BRH:0
end_of_record
TN:
SF:src/pickers/FamilyPicker.js
FN:8,(anonymous_0)
FN:18,(anonymous_1)
FNF:2
FNH:0
FNDA:0,(anonymous_0)
FNDA:0,(anonymous_1)
DA:8,0
DA:19,0
DA:20,0
LF:3
LH:0
BRDA:19,0,0,0
BRDA:24,1,0,0
BRDA:24,1,1,0
BRDA:24,1,2,0
BRF:4
BRH:0
end_of_record
TN:
SF:src/pickers/FamilyPovertyStatusPicker.js
FN:7,(anonymous_0)
FNF:1
FNH:0
FNDA:0,(anonymous_0)
DA:8,0
LF:1
LH:0
BRF:0
BRH:0
end_of_record
TN:
SF:src/pickers/FamilyStatusPicker.js
FN:5,(anonymous_0)
FNF:1
FNH:0
FNDA:0,(anonymous_0)
DA:5,0
DA:6,0
LF:2
LH:0
BRF:0
BRH:0
end_of_record
TN:
SF:src/pickers/FamilyTypePicker.js
FN:11,(anonymous_0)
FN:15,(anonymous_1)
FN:23,(anonymous_2)
FN:26,(anonymous_3)
FN:30,(anonymous_4)
FN:46,(anonymous_5)
FN:70,(anonymous_6)
FN:76,(anonymous_7)
FNF:8
FNH:0
FNDA:0,(anonymous_0)
FNDA:0,(anonymous_1)
FNDA:0,(anonymous_2)
FNDA:0,(anonymous_3)
FNDA:0,(anonymous_4)
FNDA:0,(anonymous_5)
FNDA:0,(anonymous_6)
FNDA:0,(anonymous_7)
DA:12,0
DA:15,0
DA:16,0
DA:21,0
DA:23,0
DA:24,0
DA:26,0
DA:27,0
DA:45,0
DA:46,0
DA:47,0
DA:48,0
DA:50,0
DA:70,0
DA:76,0
DA:77,0
LF:16
LH:0
BRDA:12,0,0,0
BRDA:12,0,1,0
BRDA:16,1,0,0
BRDA:16,1,1,0
BRDA:16,1,2,0
BRDA:21,2,0,0
BRDA:21,2,1,0
BRDA:24,3,0,0
BRDA:24,3,1,0
BRDA:34,4,0,0
BRDA:35,5,0,0
BRDA:36,6,0,0
BRDA:37,7,0,0
BRDA:41,8,0,0
BRDA:42,9,0,0
BRDA:43,10,0,0
BRDA:44,11,0,0
BRDA:46,12,0,0
BRDA:46,12,1,0
BRDA:47,13,0,0
BRDA:47,13,1,0
BRDA:54,14,0,0
BRDA:54,14,1,0
BRDA:56,15,0,0
BRDA:56,15,1,0
BRDA:56,16,0,0
BRDA:56,16,1,0
BRF:27
BRH:0
end_of_record
TN:
SF:src/pickers/IdentificationTypePicker.js
FN:11,(anonymous_0)
FN:15,(anonymous_1)
FN:23,(anonymous_2)
FN:26,(anonymous_3)
FN:28,(anonymous_4)
FN:44,(anonymous_5)
FN:72,(anonymous_6)
FN:78,(anonymous_7)
FNF:8
FNH:0
FNDA:0,(anonymous_0)
FNDA:0,(anonymous_1)
FNDA:0,(anonymous_2)
FNDA:0,(anonymous_3)
FNDA:0,(anonymous_4)
FNDA:0,(anonymous_5)
FNDA:0,(anonymous_6)
FNDA:0,(anonymous_7)
DA:12,0
DA:15,0
DA:16,0
DA:21,0
DA:23,0
DA:24,0
DA:26,0
DA:42,0
DA:43,0
DA:44,0
DA:46,0
DA:47,0
DA:49,0
DA:72,0
DA:78,0
DA:79,0
LF:16
LH:0
BRDA:12,0,0,0
BRDA:12,0,1,0
BRDA:16,1,0,0
BRDA:16,1,1,0
BRDA:16,1,2,0
BRDA:21,2,0,0
BRDA:21,2,1,0
BRDA:24,3,0,0
BRDA:24,3,1,0
BRDA:32,4,0,0
BRDA:33,5,0,0
BRDA:34,6,0,0
BRDA:38,7,0,0
BRDA:39,8,0,0
BRDA:40,9,0,0
BRDA:41,10,0,0
BRDA:43,11,0,0
BRDA:43,11,1,0
BRDA:46,12,0,0
BRDA:46,12,1,0
BRDA:53,13,0,0
BRDA:53,13,1,0
BRDA:55,14,0,0
BRDA:55,14,1,0
BRDA:56,15,0,0
BRDA:56,15,1,0
BRF:26
BRH:0
end_of_record
TN:
SF:src/pickers/InsureeChfIdPicker.js
FN:20,(anonymous_0)
FN:30,(anonymous_1)
FN:32,(anonymous_2)
FN:39,(anonymous_3)
FN:41,(anonymous_4)
FN:49,(anonymous_5)
FN:56,(anonymous_6)
FN:62,(anonymous_7)
FN:68,(anonymous_8)
FN:81,(anonymous_9)
FN:92,(anonymous_10)
FN:115,(anonymous_11)
FN:121,(anonymous_12)
FNF:13
FNH:0
FNDA:0,(anonymous_0)
FNDA:0,(anonymous_1)
FNDA:0,(anonymous_2)
FNDA:0,(anonymous_3)
FNDA:0,(anonymous_4)
FNDA:0,(anonymous_5)
FNDA:0,(anonymous_6)
FNDA:0,(anonymous_7)
FNDA:0,(anonymous_8)
FNDA:0,(anonymous_9)
FNDA:0,(anonymous_10)
FNDA:0,(anonymous_11)
FNDA:0,(anonymous_12)
DA:12,0
DA:18,0
DA:21,0
DA:22,0
DA:23,0
DA:31,0
DA:32,0
DA:40,0
DA:41,0
DA:46,0
DA:47,0
DA:48,0
DA:49,0
DA:56,0
DA:57,0
DA:62,0
DA:66,0
DA:69,0
DA:70,0
DA:72,0
DA:73,0
DA:76,0
DA:82,0
DA:83,0
DA:92,0
DA:115,0
DA:121,0
DA:122,0
LF:28
LH:0
BRDA:31,0,0,0
BRDA:31,0,1,0
BRDA:33,1,0,0
BRDA:33,1,1,0
BRDA:40,2,0,0
BRDA:40,2,1,0
BRDA:43,3,0,0
BRDA:43,3,1,0
BRDA:46,4,0,0
BRDA:46,4,1,0
BRDA:48,5,0,0
BRDA:48,5,1,0
BRDA:50,6,0,0
BRDA:50,6,1,0
BRDA:72,7,0,0
BRDA:72,7,1,0
BRDA:73,8,0,0
BRDA:73,8,1,0
BRDA:76,9,0,0
BRDA:76,9,1,0
BRDA:82,10,0,0
BRDA:82,11,0,0
BRDA:101,12,0,0
BRDA:101,12,1,0
BRF:24
BRH:0
end_of_record
TN:
SF:src/pickers/InsureeGenderPicker.js
FN:11,(anonymous_0)
FN:15,(anonymous_1)
FN:23,(anonymous_2)
FN:26,(anonymous_3)
FN:30,(anonymous_4)
FN:45,(anonymous_5)
FN:69,(anonymous_6)
FN:75,(anonymous_7)
FNF:8
FNH:0
FNDA:0,(anonymous_0)
FNDA:0,(anonymous_1)
FNDA:0,(anonymous_2)
FNDA:0,(anonymous_3)
FNDA:0,(anonymous_4)
FNDA:0,(anonymous_5)
FNDA:0,(anonymous_6)
FNDA:0,(anonymous_7)
DA:12,0
DA:15,0
DA:16,0
DA:21,0
DA:23,0
DA:24,0
DA:26,0
DA:27,0
DA:44,0
DA:45,0
DA:46,0
DA:47,0
DA:49,0
DA:69,0
DA:75,0
DA:76,0
LF:16
LH:0
BRDA:12,0,0,0
BRDA:12,0,1,0
BRDA:16,1,0,0
BRDA:16,1,1,0
BRDA:16,1,2,0
BRDA:21,2,0,0
BRDA:21,2,1,0
BRDA:24,3,0,0
BRDA:24,3,1,0
BRDA:34,4,0,0
BRDA:35,5,0,0
BRDA:36,6,0,0
BRDA:37,7,0,0
BRDA:41,8,0,0
BRDA:42,9,0,0
BRDA:43,10,0,0
BRDA:45,11,0,0
BRDA:45,11,1,0
BRDA:46,12,0,0
BRDA:46,12,1,0
BRDA:53,13,0,0
BRDA:53,13,1,0
BRDA:55,14,0,0
BRDA:55,14,1,0
BRDA:55,15,0,0
BRDA:55,15,1,0
BRF:26
BRH:0
end_of_record
TN:
SF:src/pickers/InsureeMaritalStatusPicker.js
FN:7,(anonymous_0)
FNF:1
FNH:0
FNDA:0,(anonymous_0)
DA:8,0
LF:1
LH:0
BRF:0
BRH:0
end_of_record
TN:
SF:src/pickers/InsureeNumberInput.js
FN:8,(anonymous_0)
FN:25,(anonymous_1)
FN:57,(anonymous_2)
FNF:3
FNH:0
FNDA:0,(anonymous_0)
FNDA:0,(anonymous_1)
FNDA:0,(anonymous_2)
DA:8,0
DA:21,0
DA:22,0
DA:23,0
DA:25,0
DA:26,0
DA:28,0
DA:30,0
DA:33,0
DA:57,0
LF:10
LH:0
BRDA:28,0,0,0
BRDA:28,0,1,0
BRDA:28,1,0,0
BRDA:28,1,1,0
BRDA:28,1,2,0
BRDA:30,2,0,0
BRDA:30,2,1,0
BRDA:30,3,0,0
BRDA:30,3,1,0
BRDA:30,3,2,0
BRF:10
BRH:0
end_of_record
TN:
SF:src/pickers/InsureeOfficerPicker.js
FN:10,(anonymous_0)
FN:17,(anonymous_1)
FN:28,(anonymous_2)
FN:32,(anonymous_3)
FN:37,(anonymous_4)
FN:48,(anonymous_5)
FN:54,(anonymous_6)
FN:64,(anonymous_7)
FN:66,(anonymous_8)
FN:83,(anonymous_9)
FN:110,(anonymous_10)
FN:118,(anonymous_11)
FNF:12
FNH:0
FNDA:0,(anonymous_0)
FNDA:0,(anonymous_1)
FNDA:0,(anonymous_2)
FNDA:0,(anonymous_3)
FNDA:0,(anonymous_4)
FNDA:0,(anonymous_5)
FNDA:0,(anonymous_6)
FNDA:0,(anonymous_7)
FNDA:0,(anonymous_8)
FNDA:0,(anonymous_9)
FNDA:0,(anonymous_10)
FNDA:0,(anonymous_11)
DA:10,0
DA:18,0
DA:19,0
DA:20,0
DA:25,0
DA:29,0
DA:32,0
DA:33,0
DA:38,0
DA:42,0
DA:48,0
DA:49,0
DA:50,0
DA:51,0
DA:54,0
DA:55,0
DA:57,0
DA:61,0
DA:64,0
DA:82,0
DA:83,0
DA:84,0
DA:85,0
DA:110,0
DA:118,0
DA:119,0
LF:26
LH:0
BRDA:29,0,0,0
BRDA:29,0,1,0
BRDA:29,1,0,0
BRDA:29,1,1,0
BRDA:33,2,0,0
BRDA:33,2,1,0
BRDA:38,3,0,0
BRDA:38,3,1,0
BRDA:38,4,0,0
BRDA:38,4,1,0
BRDA:38,4,2,0
BRDA:38,4,3,0
BRDA:38,4,4,0
BRDA:49,5,0,0
BRDA:49,5,1,0
BRDA:49,6,0,0
BRDA:49,6,1,0
BRDA:50,7,0,0
BRDA:50,7,1,0
BRDA:55,8,0,0
BRDA:55,8,1,0
BRDA:57,9,0,0
BRDA:57,9,1,0
BRDA:58,10,0,0
BRDA:58,10,1,0
BRDA:59,11,0,0
BRDA:59,11,1,0
BRDA:75,12,0,0
BRDA:77,13,0,0
BRDA:78,14,0,0
BRDA:79,15,0,0
BRDA:80,16,0,0
BRDA:83,17,0,0
BRDA:83,17,1,0
BRDA:84,18,0,0
BRDA:84,18,1,0
BRDA:88,19,0,0
BRDA:88,19,1,0
BRDA:92,20,0,0
BRDA:92,20,1,0
BRDA:92,20,2,0
BRDA:96,21,0,0
BRDA:96,21,1,0
BRDA:96,22,0,0
BRDA:96,22,1,0
BRDA:98,23,0,0
BRDA:98,23,1,0
BRDA:98,24,0,0
BRDA:98,24,1,0
BRDA:102,25,0,0
BRDA:102,25,1,0
BRF:51
BRH:0
end_of_record
TN:
SF:src/pickers/InsureePicker.js
FN:14,(anonymous_0)
FN:24,(anonymous_1)
FN:39,(anonymous_2)
FN:53,(anonymous_3)
FN:54,(anonymous_4)
FN:57,(anonymous_5)
FN:63,(anonymous_6)
FN:68,(anonymous_7)
FN:74,(anonymous_8)
FN:79,(anonymous_9)
FN:89,(anonymous_10)
FN:120,(anonymous_11)
FN:131,(anonymous_12)
FN:133,(anonymous_13)
FN:137,(anonymous_14)
FN:139,(anonymous_15)
FN:144,(anonymous_16)
FN:148,(anonymous_17)
FN:158,(anonymous_18)
FN:174,(anonymous_19)
FN:175,(anonymous_20)
FN:185,(anonymous_21)
FN:193,(anonymous_22)
FN:197,(anonymous_23)
FN:202,(anonymous_24)
FN:205,(anonymous_25)
FN:210,(anonymous_26)
FN:214,(anonymous_27)
FN:219,(anonymous_28)
FN:224,(anonymous_29)
FN:262,(anonymous_30)
FN:267,(anonymous_31)
FNF:32
FNH:0
FNDA:0,(anonymous_0)
FNDA:0,(anonymous_1)
FNDA:0,(anonymous_2)
FNDA:0,(anonymous_3)
FNDA:0,(anonymous_4)
FNDA:0,(anonymous_5)
FNDA:0,(anonymous_6)
FNDA:0,(anonymous_7)
FNDA:0,(anonymous_8)
FNDA:0,(anonymous_9)
FNDA:0,(anonymous_10)
FNDA:0,(anonymous_11)
FNDA:0,(anonymous_12)
FNDA:0,(anonymous_13)
FNDA:0,(anonymous_14)
FNDA:0,(anonymous_15)
FNDA:0,(anonymous_16)
FNDA:0,(anonymous_17)
FNDA:0,(anonymous_18)
FNDA:0,(anonymous_19)
FNDA:0,(anonymous_20)
FNDA:0,(anonymous_21)
FNDA:0,(anonymous_22)
FNDA:0,(anonymous_23)
FNDA:0,(anonymous_24)
FNDA:0,(anonymous_25)
FNDA:0,(anonymous_26)
FNDA:0,(anonymous_27)
FNDA:0,(anonymous_28)
FNDA:0,(anonymous_29)
FNDA:0,(anonymous_30)
FNDA:0,(anonymous_31)
DA:14,0
DA:25,0
DA:26,0
DA:33,0
DA:39,0
DA:40,0
DA:41,0
DA:42,0
DA:44,0
DA:45,0
DA:47,0
DA:48,0
DA:50,0
DA:53,0
DA:54,0
DA:57,0
DA:58,0
DA:63,0
DA:68,0
DA:69,0
DA:74,0
DA:80,0
DA:81,0
DA:89,0
DA:108,0
DA:110,0
DA:121,0
DA:122,0
DA:129,0
DA:132,0
DA:133,0
DA:138,0
DA:139,0
DA:143,0
DA:144,0
DA:148,0
DA:149,0
DA:151,0
DA:155,0
DA:158,0
DA:159,0
DA:160,0
DA:161,0
DA:163,0
DA:164,0
DA:165,0
DA:167,0
DA:168,0
DA:169,0
DA:171,0
DA:174,0
DA:175,0
DA:176,0
DA:180,0
DA:185,0
DA:186,0
DA:193,0
DA:197,0
DA:198,0
DA:199,0
DA:202,0
DA:203,0
DA:204,0
DA:205,0
DA:210,0
DA:212,0
DA:213,0
DA:214,0
DA:219,0
DA:235,0
DA:236,0
DA:262,0
DA:267,0
DA:268,0
LF:74
LH:0
BRDA:41,0,0,0
BRDA:41,0,1,0
BRDA:44,1,0,0
BRDA:44,1,1,0
BRDA:47,2,0,0
BRDA:47,2,1,0
BRDA:92,3,0,0
BRDA:92,3,1,0
BRDA:132,4,0,0
BRDA:132,4,1,0
BRDA:138,5,0,0
BRDA:138,5,1,0
BRDA:143,6,0,0
BRDA:143,6,1,0
BRDA:149,7,0,0
BRDA:149,7,1,0
BRDA:151,8,0,0
BRDA:151,8,1,0
BRDA:159,9,0,0
BRDA:159,9,1,0
BRDA:160,10,0,0
BRDA:160,10,1,0
BRDA:160,11,0,0
BRDA:160,11,1,0
BRDA:163,12,0,0
BRDA:163,12,1,0
BRDA:167,13,0,0
BRDA:167,13,1,0
BRDA:203,14,0,0
BRDA:203,14,1,0
BRDA:212,15,0,0
BRDA:212,15,1,0
BRDA:228,16,0,0
BRDA:229,17,0,0
BRDA:230,18,0,0
BRDA:231,19,0,0
BRDA:239,20,0,0
BRDA:239,20,1,0
BRF:38
BRH:0
end_of_record
TN:
SF:src/pickers/InsureeStatusDatePicker.js
FN:6,(anonymous_0)
FN:19,(anonymous_1)
FNF:2
FNH:0
FNDA:0,(anonymous_0)
FNDA:0,(anonymous_1)
DA:6,0
DA:10,0
DA:12,0
DA:19,0
LF:4
LH:0
BRF:0
BRH:0
end_of_record
TN:
SF:src/pickers/InsureeStatusPicker.js
FN:7,(anonymous_0)
FNF:1
FNH:0
FNDA:0,(anonymous_0)
DA:7,0
DA:8,0
LF:2
LH:0
BRF:0
BRH:0
end_of_record
TN:
SF:src/pickers/InsureeStatusReasonPicker.js
FN:5,(anonymous_0)
FN:49,(anonymous_1)
FN:52,(anonymous_2)
FN:53,(anonymous_3)
FN:56,(anonymous_4)
FNF:5
FNH:0
FNDA:0,(anonymous_0)
FNDA:0,(anonymous_1)
FNDA:0,(anonymous_2)
FNDA:0,(anonymous_3)
FNDA:0,(anonymous_4)
DA:5,0
DA:16,0
DA:17,0
DA:18,0
DA:20,0
DA:40,0
DA:49,0
DA:52,0
DA:53,0
DA:56,0
LF:10
LH:0
BRDA:30,0,0,0
BRDA:30,0,1,0
BRDA:49,1,0,0
BRDA:49,1,1,0
BRDA:53,2,0,0
BRDA:53,2,1,0
BRF:6
BRH:0
end_of_record
TN:
SF:src/pickers/PhotoStatusPicker.js
FN:7,(anonymous_0)
FNF:1
FNH:0
FNDA:0,(anonymous_0)
DA:8,0
LF:1
LH:0
BRF:0
BRH:0
end_of_record
TN:
SF:src/pickers/ProfessionPicker.js
FN:11,(anonymous_0)
FN:16,(anonymous_1)
FN:20,(anonymous_2)
FN:28,(anonymous_3)
FN:30,(anonymous_4)
FN:32,(anonymous_5)
FN:69,(anonymous_6)
FN:75,(anonymous_7)
FNF:8
FNH:0
FNDA:0,(anonymous_0)
FNDA:0,(anonymous_1)
FNDA:0,(anonymous_2)
FNDA:0,(anonymous_3)
FNDA:0,(anonymous_4)
FNDA:0,(anonymous_5)
FNDA:0,(anonymous_6)
FNDA:0,(anonymous_7)
DA:12,0
DA:13,0
DA:17,0
DA:20,0
DA:21,0
DA:26,0
DA:28,0
DA:30,0
DA:46,0
DA:47,0
DA:69,0
DA:75,0
DA:76,0
LF:13
LH:0
BRDA:17,0,0,0
BRDA:17,0,1,0
BRDA:21,1,0,0
BRDA:21,1,1,0
BRDA:21,1,2,0
BRDA:26,2,0,0
BRDA:26,2,1,0
BRDA:36,3,0,0
BRDA:38,4,0,0
BRDA:42,5,0,0
BRDA:43,6,0,0
BRDA:44,7,0,0
BRDA:45,8,0,0
BRDA:51,9,0,0
BRDA:51,9,1,0
BRDA:51,9,2,0
BRDA:53,10,0,0
BRDA:53,10,1,0
BRDA:53,11,0,0
BRDA:53,11,1,0
BRF:20
BRH:0
end_of_record
TN:
SF:src/pickers/RelationPicker.js
FN:11,(anonymous_0)
FN:16,(anonymous_1)
FN:20,(anonymous_2)
FN:28,(anonymous_3)
FN:30,(anonymous_4)
FN:32,(anonymous_5)
FN:69,(anonymous_6)
FN:75,(anonymous_7)
FNF:8
FNH:0
FNDA:0,(anonymous_0)
FNDA:0,(anonymous_1)
FNDA:0,(anonymous_2)
FNDA:0,(anonymous_3)
FNDA:0,(anonymous_4)
FNDA:0,(anonymous_5)
FNDA:0,(anonymous_6)
FNDA:0,(anonymous_7)
DA:12,0
DA:13,0
DA:17,0
DA:20,0
DA:21,0
DA:26,0
DA:28,0
DA:30,0
DA:46,0
DA:47,0
DA:69,0
DA:75,0
DA:76,0
LF:13
LH:0
BRDA:17,0,0,0
BRDA:17,0,1,0
BRDA:21,1,0,0
BRDA:21,1,1,0
BRDA:21,1,2,0
BRDA:26,2,0,0
BRDA:26,2,1,0
BRDA:28,3,0,0
BRDA:28,3,1,0
BRDA:36,4,0,0
BRDA:38,5,0,0
BRDA:42,6,0,0
BRDA:43,7,0,0
BRDA:44,8,0,0
BRDA:45,9,0,0
BRDA:51,10,0,0
BRDA:51,10,1,0
BRDA:51,10,2,0
BRDA:53,11,0,0
BRDA:53,11,1,0
BRDA:53,12,0,0
BRDA:53,12,1,0
BRF:22
BRH:0
end_of_record
TN:
SF:src/reports/EnrolledFamiliesReport.js
FN:5,(anonymous_0)
FN:13,(anonymous_1)
FN:31,(anonymous_2)
FN:41,(anonymous_3)
FNF:4
FNH:0
FNDA:0,(anonymous_0)
FNDA:0,(anonymous_1)
FNDA:0,(anonymous_2)
FNDA:0,(anonymous_3)
DA:5,0
DA:6,0
DA:8,0
DA:14,0
DA:31,0
DA:41,0
LF:6
LH:0
BRF:0
BRH:0
end_of_record
TN:
SF:src/reports/InsureeFamilyOverviewReport.js
FN:5,(anonymous_0)
FN:17,(anonymous_1)
FN:27,(anonymous_2)
FNF:3
FNH:0
FNDA:0,(anonymous_0)
FNDA:0,(anonymous_1)
FNDA:0,(anonymous_2)
DA:5,0
DA:6,0
DA:8,0
DA:17,0
DA:27,0
LF:5
LH:0
BRF:0
BRH:0
end_of_record
TN:
SF:src/reports/InsureeMissingPhotoReport.js
FN:5,(anonymous_0)
FN:18,(anonymous_1)
FN:24,(anonymous_2)
FNF:3
FNH:0
FNDA:0,(anonymous_0)
FNDA:0,(anonymous_1)
FNDA:0,(anonymous_2)
DA:5,0
DA:6,0
DA:7,0
DA:8,0
DA:10,0
DA:18,0
DA:25,0
LF:7
LH:0
BRF:0
BRH:0
end_of_record
TN:
SF:src/reports/InsureePendingEnrollmentReport.js
FN:5,(anonymous_0)
FN:19,(anonymous_1)
FN:29,(anonymous_2)
FN:39,(anonymous_3)
FN:45,(anonymous_4)
FNF:5
FNH:0
FNDA:0,(anonymous_0)
FNDA:0,(anonymous_1)
FNDA:0,(anonymous_2)
FNDA:0,(anonymous_3)
FNDA:0,(anonymous_4)
DA:5,0
DA:6,0
DA:7,0
DA:8,0
DA:10,0
DA:19,0
DA:29,0
DA:39,0
DA:46,0
LF:9
LH:0
BRF:0
BRH:0
end_of_record
TN:
SF:src/utils/utils.js
FN:4,insureeLabel
FN:11,familyLabel
FN:15,(anonymous_2)
FN:45,(anonymous_3)
FNF:4
FNH:1
FNDA:0,insureeLabel
FNDA:0,familyLabel
FNDA:4,(anonymous_2)
FNDA:0,(anonymous_3)
DA:5,0
DA:6,0
DA:12,0
DA:15,1
DA:16,4
DA:22,4
DA:28,4
DA:30,4
DA:31,4
DA:32,3
DA:33,2
DA:34,2
DA:35,2
DA:36,2
DA:37,2
DA:38,2
DA:39,1
DA:40,1
DA:42,1
DA:45,1
DA:46,0
DA:47,0
LF:22
LH:17
BRDA:5,0,0,0
BRDA:5,0,1,0
BRDA:7,1,0,0
BRDA:7,1,1,0
BRDA:12,2,0,0
BRDA:12,2,1,0
BRDA:12,3,0,0
BRDA:12,3,1,0
BRDA:30,4,0,0
BRDA:30,4,1,4
BRDA:30,5,0,4
BRDA:30,5,1,0
BRDA:31,6,0,1
BRDA:31,6,1,3
BRDA:32,7,0,1
BRDA:32,7,1,2
BRDA:33,8,0,0
BRDA:33,8,1,2
BRDA:34,9,0,0
BRDA:34,9,1,2
BRDA:35,10,0,0
BRDA:35,10,1,2
BRDA:36,11,0,0
BRDA:36,11,1,2
BRDA:36,12,0,2
BRDA:36,12,1,2
BRDA:37,13,0,0
BRDA:37,13,1,2
BRDA:37,14,0,2
BRDA:37,14,1,0
BRDA:37,14,2,0
BRDA:38,15,0,1
BRDA:38,15,1,1
BRDA:38,16,0,2
BRDA:38,16,1,1
BRDA:39,17,0,0
BRDA:39,17,1,1
BRDA:39,18,0,1
BRDA:39,18,1,0
BRDA:40,19,0,0
BRDA:40,19,1,1
BRDA:40,20,0,1
BRDA:40,20,1,1
BRDA:40,20,2,0
BRDA:40,20,3,0
BRF:45
BRH:23
end_of_record
